[ 2016-07-27T00:58:38+08:00 ] ::1 /group/
INFO: [ app_init ] --START--
INFO: Run Behavior\BuildLiteBehavior [ RunTime:0.000000s ]
INFO: [ app_init ] --END-- [ RunTime:0.060004s ]
INFO: [ app_begin ] --START--
INFO: Run Behavior\ReadHtmlCacheBehavior [ RunTime:0.022002s ]
INFO: [ app_begin ] --END-- [ RunTime:0.022002s ]
SQL: SHOW COLUMNS FROM `gr_category` [ RunTime:0.0680s ]
SQL: SELECT `cid`,`cname` FROM `gr_category` WHERE `pid` = 0 AND `display` = 1 ORDER BY sort ASC  [ RunTime:0.0110s ]
SQL: SELECT `pid` FROM `gr_category` WHERE `cid` = 0 LIMIT 1   [ RunTime:0.0190s ]
SQL: SELECT `cid`,`cname` FROM `gr_category` WHERE `pid` = 0 AND `display` = 1 ORDER BY sort ASC  [ RunTime:0.0000s ]
SQL: SELECT `cid`,`cname` FROM `gr_category` WHERE `pid` = 0 AND `display` = 1 ORDER BY sort ASC  [ RunTime:0.0000s ]
SQL: SHOW COLUMNS FROM `gr_locality` [ RunTime:0.0110s ]
SQL: SELECT `pid` FROM `gr_locality` WHERE `lid` = 0 LIMIT 1   [ RunTime:0.0000s ]
SQL: SELECT `lid`,`lname` FROM `gr_locality` WHERE `pid` = 0 AND `display` = 1 ORDER BY sort ASC  [ RunTime:0.0000s ]
SQL: SELECT `lid`,`lname` FROM `gr_locality` WHERE `pid` = 0 AND `display` = 1 ORDER BY sort ASC  [ RunTime:0.0000s ]
SQL: SELECT `pid` FROM `gr_category` WHERE `cid` = 0 LIMIT 1   [ RunTime:0.0000s ]
NOTIC: [8] Undefined index:  C:\WWW\group\App\Home\Controller\IndexController.class.php 第 278 行.
NOTIC: [2] Invalid argument supplied for foreach() C:\WWW\group\App\Home\Controller\IndexController.class.php 第 286 行.
SQL: SELECT `cid` FROM `gr_category` WHERE `pid` = 0  [ RunTime:0.0000s ]
NOTIC: [8] Undefined index: cid C:\WWW\group\App\Home\Controller\IndexController.class.php 第 95 行.
SQL: SELECT `lid` FROM `gr_locality` WHERE `pid` = 0  [ RunTime:0.0010s ]
NOTIC: [8] Undefined index: lid C:\WWW\group\App\Home\Controller\IndexController.class.php 第 109 行.
SQL: SHOW COLUMNS FROM `gr_goods` [ RunTime:0.0140s ]
SQL: SHOW COLUMNS FROM `gr_category` [ RunTime:0.0270s ]
SQL: SHOW COLUMNS FROM `gr_shop` [ RunTime:0.0180s ]
SQL: SHOW COLUMNS FROM `gr_locality` [ RunTime:0.0080s ]
SQL: SELECT goods.main_title AS main_title,goods.goods_img AS goods_img,goods.price AS price,goods.old_price AS old_price,goods.buy AS buy,goods.gid AS gid FROM gr_goods goods INNER JOIN gr_category category ON goods.cid = category.cid INNER JOIN gr_shop shop ON goods.shopid = shop.shopid INNER JOIN gr_locality locality ON goods.lid = locality.lid ORDER BY goods.buy desc LIMIT 5   [ RunTime:0.0250s ]
SQL: SELECT goods.cid AS cid,category.cid AS cid,category.cname AS cname FROM gr_goods goods INNER JOIN gr_category category ON goods.cid = category.cid INNER JOIN gr_shop shop ON goods.shopid = shop.shopid INNER JOIN gr_locality locality ON goods.lid = locality.lid ORDER BY goods.buy desc LIMIT 7   [ RunTime:0.0150s ]
SQL: SELECT goods.lid AS lid,goods.cid AS cid,category.cid AS cid,category.pid AS pid,locality.lid AS lid FROM gr_goods goods INNER JOIN gr_category category ON goods.cid = category.cid INNER JOIN gr_shop shop ON goods.shopid = shop.shopid INNER JOIN gr_locality locality ON goods.lid = locality.lid  [ RunTime:0.0070s ]
SQL: SELECT COUNT(*) AS tp_count FROM gr_goods goods INNER JOIN gr_category category ON goods.cid = category.cid INNER JOIN gr_shop shop ON goods.shopid = shop.shopid INNER JOIN gr_locality locality ON goods.lid = locality.lid WHERE goods.price > 0 LIMIT 1   [ RunTime:0.0430s ]
SQL: SELECT COUNT(*) AS tp_count FROM `gr_category` WHERE `pid` = 0 LIMIT 1   [ RunTime:0.0010s ]
SQL: SELECT COUNT(*) AS tp_count FROM `gr_locality` WHERE `pid` = 0 LIMIT 1   [ RunTime:0.0000s ]
NOTIC: [8] Undefined index: cid C:\WWW\group\App\Home\Model\GoodsViewModel.class.php 第 154 行.
NOTIC: [8] Undefined index: lid C:\WWW\group\App\Home\Model\GoodsViewModel.class.php 第 155 行.
SQL: SELECT goods.gid AS gid,goods.cid AS cid,goods.lid AS lid,goods.price AS price,goods.old_price AS old_price,goods.main_title AS main_title,goods.sub_title AS sub_title,goods.buy AS buy,goods.goods_img AS goods_img,category.cid AS cid,shop.shopid AS shopid,locality.lid AS lid FROM gr_goods goods INNER JOIN gr_category category ON goods.cid = category.cid INNER JOIN gr_shop shop ON goods.shopid = shop.shopid INNER JOIN gr_locality locality ON goods.lid = locality.lid WHERE goods.price > 0 ORDER BY begin_time desc LIMIT 0,10   [ RunTime:0.0060s ]
SQL: SELECT goods.gid AS gid,goods.cid AS cid,goods.lid AS lid,goods.price AS price,goods.old_price AS old_price,goods.main_title AS main_title,goods.sub_title AS sub_title,goods.buy AS buy,goods.goods_img AS goods_img,category.cid AS cid,shop.shopid AS shopid,locality.lid AS lid FROM gr_goods goods INNER JOIN gr_category category ON goods.cid = category.cid INNER JOIN gr_shop shop ON goods.shopid = shop.shopid INNER JOIN gr_locality locality ON goods.lid = locality.lid ORDER BY begin_time desc LIMIT 0,10   [ RunTime:0.0020s ]
INFO: [ view_parse ] --START--
INFO: [ template_filter ] --START--
INFO: Run Behavior\ContentReplaceBehavior [ RunTime:0.007000s ]
INFO: [ template_filter ] --END-- [ RunTime:0.007000s ]
NOTIC: [8] Use of undefined constant Member - assumed 'Member' C:\WWW\group\App\Runtime\Cache\Home\00e52909bed743ea261af4b6823297ff.php 第 125 行.
NOTIC: [8] Use of undefined constant Home - assumed 'Home' C:\WWW\group\App\Runtime\Cache\Home\00e52909bed743ea261af4b6823297ff.php 第 125 行.
NOTIC: [8] Use of undefined constant Member - assumed 'Member' C:\WWW\group\App\Runtime\Cache\Home\00e52909bed743ea261af4b6823297ff.php 第 125 行.
NOTIC: [8] Use of undefined constant Member - assumed 'Member' C:\WWW\group\App\Runtime\Cache\Home\00e52909bed743ea261af4b6823297ff.php 第 126 行.
INFO: Run Behavior\ParseTemplateBehavior [ RunTime:0.515030s ]
INFO: [ view_parse ] --END-- [ RunTime:0.515030s ]
INFO: [ view_filter ] --START--
INFO: Run Behavior\WriteHtmlCacheBehavior [ RunTime:0.030001s ]
INFO: [ view_filter ] --END-- [ RunTime:0.031001s ]
INFO: [ app_end ] --START--
INFO: Run Behavior\ShowPageTraceBehavior [ RunTime:0.022001s ]
INFO: [ app_end ] --END-- [ RunTime:0.023002s ]

[ 2016-07-27T00:58:45+08:00 ] ::1 /group/Home/Index/index/cid/9
INFO: [ app_init ] --START--
INFO: Run Behavior\BuildLiteBehavior [ RunTime:0.000000s ]
INFO: [ app_init ] --END-- [ RunTime:0.001000s ]
INFO: [ app_begin ] --START--
INFO: Run Behavior\ReadHtmlCacheBehavior [ RunTime:0.002000s ]
INFO: [ app_begin ] --END-- [ RunTime:0.002000s ]
SQL: SHOW COLUMNS FROM `gr_category` [ RunTime:0.0090s ]
SQL: SELECT `cid`,`cname` FROM `gr_category` WHERE `pid` = 0 AND `display` = 1 ORDER BY sort ASC  [ RunTime:0.0010s ]
SQL: SELECT `pid` FROM `gr_category` WHERE `cid` = 9 LIMIT 1   [ RunTime:0.0010s ]
SQL: SELECT `cid`,`cname` FROM `gr_category` WHERE `pid` = 0 AND `display` = 1 ORDER BY sort ASC  [ RunTime:0.0000s ]
SQL: SELECT `cid`,`cname` FROM `gr_category` WHERE `pid` = 9 AND `display` = 1 ORDER BY sort ASC  [ RunTime:0.0000s ]
SQL: SHOW COLUMNS FROM `gr_locality` [ RunTime:0.0070s ]
SQL: SELECT `pid` FROM `gr_locality` WHERE `lid` = 0 LIMIT 1   [ RunTime:0.0000s ]
SQL: SELECT `lid`,`lname` FROM `gr_locality` WHERE `pid` = 0 AND `display` = 1 ORDER BY sort ASC  [ RunTime:0.0010s ]
SQL: SELECT `lid`,`lname` FROM `gr_locality` WHERE `pid` = 0 AND `display` = 1 ORDER BY sort ASC  [ RunTime:0.0010s ]
SQL: SELECT `pid` FROM `gr_category` WHERE `cid` = 9 LIMIT 1   [ RunTime:0.0010s ]
NOTIC: [8] Undefined offset: 9 C:\WWW\group\App\Home\Controller\IndexController.class.php 第 278 行.
NOTIC: [2] Invalid argument supplied for foreach() C:\WWW\group\App\Home\Controller\IndexController.class.php 第 286 行.
SQL: SELECT `cid` FROM `gr_category` WHERE `pid` = 9  [ RunTime:0.0010s ]
SQL: SELECT `lid` FROM `gr_locality` WHERE `pid` = 0  [ RunTime:0.0010s ]
NOTIC: [8] Undefined index: lid C:\WWW\group\App\Home\Controller\IndexController.class.php 第 109 行.
SQL: SHOW COLUMNS FROM `gr_goods` [ RunTime:0.0070s ]
SQL: SHOW COLUMNS FROM `gr_category` [ RunTime:0.0080s ]
SQL: SHOW COLUMNS FROM `gr_shop` [ RunTime:0.0080s ]
SQL: SHOW COLUMNS FROM `gr_locality` [ RunTime:0.0080s ]
SQL: SELECT goods.cid AS cid,category.cid AS cid,category.cname AS cname FROM gr_goods goods INNER JOIN gr_category category ON goods.cid = category.cid INNER JOIN gr_shop shop ON goods.shopid = shop.shopid INNER JOIN gr_locality locality ON goods.lid = locality.lid ORDER BY goods.buy desc LIMIT 7   [ RunTime:0.0010s ]
SQL: SELECT goods.lid AS lid,goods.cid AS cid,category.cid AS cid,category.pid AS pid,locality.lid AS lid FROM gr_goods goods INNER JOIN gr_category category ON goods.cid = category.cid INNER JOIN gr_shop shop ON goods.shopid = shop.shopid INNER JOIN gr_locality locality ON goods.lid = locality.lid  [ RunTime:0.0010s ]
SQL: SELECT COUNT(*) AS tp_count FROM gr_goods goods INNER JOIN gr_category category ON goods.cid = category.cid INNER JOIN gr_shop shop ON goods.shopid = shop.shopid INNER JOIN gr_locality locality ON goods.lid = locality.lid WHERE goods.cid IN ('22','23','24','25',9) LIMIT 1   [ RunTime:0.0260s ]
SQL: SELECT COUNT(*) AS tp_count FROM gr_goods goods INNER JOIN gr_category category ON goods.cid = category.cid INNER JOIN gr_shop shop ON goods.shopid = shop.shopid INNER JOIN gr_locality locality ON goods.lid = locality.lid WHERE goods.cid IN ('22','23','24','25',9) AND goods.price > 0 LIMIT 1   [ RunTime:0.0010s ]
SQL: SELECT COUNT(*) AS tp_count FROM `gr_category` WHERE `pid` = 0 LIMIT 1   [ RunTime:0.0010s ]
SQL: SELECT COUNT(*) AS tp_count FROM `gr_locality` WHERE `pid` = 0 LIMIT 1   [ RunTime:0.0010s ]
NOTIC: [8] Undefined index: lid C:\WWW\group\App\Home\Model\GoodsViewModel.class.php 第 155 行.
SQL: SELECT goods.gid AS gid,goods.cid AS cid,goods.lid AS lid,goods.price AS price,goods.old_price AS old_price,goods.main_title AS main_title,goods.sub_title AS sub_title,goods.buy AS buy,goods.goods_img AS goods_img,category.cid AS cid,shop.shopid AS shopid,locality.lid AS lid FROM gr_goods goods INNER JOIN gr_category category ON goods.cid = category.cid INNER JOIN gr_shop shop ON goods.shopid = shop.shopid INNER JOIN gr_locality locality ON goods.lid = locality.lid WHERE goods.cid IN ('22','23','24','25',9) ORDER BY begin_time desc LIMIT 0,10   [ RunTime:0.0010s ]
SQL: SELECT goods.gid AS gid,goods.cid AS cid,goods.lid AS lid,goods.price AS price,goods.old_price AS old_price,goods.main_title AS main_title,goods.sub_title AS sub_title,goods.buy AS buy,goods.goods_img AS goods_img,category.cid AS cid,shop.shopid AS shopid,locality.lid AS lid FROM gr_goods goods INNER JOIN gr_category category ON goods.cid = category.cid INNER JOIN gr_shop shop ON goods.shopid = shop.shopid INNER JOIN gr_locality locality ON goods.lid = locality.lid WHERE goods.cid IN ('22','23','24','25',9) AND goods.price > 0 ORDER BY begin_time desc LIMIT 0,10   [ RunTime:0.0020s ]
INFO: [ view_parse ] --START--
INFO: [ template_filter ] --START--
INFO: Run Behavior\ContentReplaceBehavior [ RunTime:0.007000s ]
INFO: [ template_filter ] --END-- [ RunTime:0.007000s ]
NOTIC: [8] Use of undefined constant Member - assumed 'Member' C:\WWW\group\App\Runtime\Cache\Home\00e52909bed743ea261af4b6823297ff.php 第 125 行.
NOTIC: [8] Use of undefined constant Home - assumed 'Home' C:\WWW\group\App\Runtime\Cache\Home\00e52909bed743ea261af4b6823297ff.php 第 125 行.
NOTIC: [8] Use of undefined constant Member - assumed 'Member' C:\WWW\group\App\Runtime\Cache\Home\00e52909bed743ea261af4b6823297ff.php 第 125 行.
NOTIC: [8] Use of undefined constant Member - assumed 'Member' C:\WWW\group\App\Runtime\Cache\Home\00e52909bed743ea261af4b6823297ff.php 第 126 行.
INFO: Run Behavior\ParseTemplateBehavior [ RunTime:0.211012s ]
INFO: [ view_parse ] --END-- [ RunTime:0.211012s ]
INFO: [ view_filter ] --START--
INFO: Run Behavior\WriteHtmlCacheBehavior [ RunTime:0.002000s ]
INFO: [ view_filter ] --END-- [ RunTime:0.002000s ]
INFO: [ app_end ] --START--
INFO: Run Behavior\ShowPageTraceBehavior [ RunTime:0.002000s ]
INFO: [ app_end ] --END-- [ RunTime:0.002000s ]

[ 2016-07-27T00:58:46+08:00 ] ::1 /group/Home/Index/index/cid/css/index.css
INFO: [ app_init ] --START--
INFO: Run Behavior\BuildLiteBehavior [ RunTime:0.000000s ]
INFO: [ app_init ] --END-- [ RunTime:0.001000s ]
INFO: [ app_begin ] --START--
INFO: Run Behavior\ReadHtmlCacheBehavior [ RunTime:0.002000s ]
INFO: [ app_begin ] --END-- [ RunTime:0.002000s ]
SQL: SHOW COLUMNS FROM `gr_category` [ RunTime:0.0090s ]
SQL: SELECT `cid`,`cname` FROM `gr_category` WHERE `pid` = 0 AND `display` = 1 ORDER BY sort ASC  [ RunTime:0.0000s ]
SQL: SELECT `pid` FROM `gr_category` WHERE `cid` = 0 LIMIT 1   [ RunTime:0.0010s ]
SQL: SELECT `cid`,`cname` FROM `gr_category` WHERE `pid` = 0 AND `display` = 1 ORDER BY sort ASC  [ RunTime:0.0010s ]
SQL: SELECT `cid`,`cname` FROM `gr_category` WHERE `pid` = 0 AND `display` = 1 ORDER BY sort ASC  [ RunTime:0.0010s ]
SQL: SHOW COLUMNS FROM `gr_locality` [ RunTime:0.0100s ]
SQL: SELECT `pid` FROM `gr_locality` WHERE `lid` = 0 LIMIT 1   [ RunTime:0.0030s ]
SQL: SELECT `lid`,`lname` FROM `gr_locality` WHERE `pid` = 0 AND `display` = 1 ORDER BY sort ASC  [ RunTime:0.0010s ]
SQL: SELECT `lid`,`lname` FROM `gr_locality` WHERE `pid` = 0 AND `display` = 1 ORDER BY sort ASC  [ RunTime:0.0010s ]
SQL: SELECT `pid` FROM `gr_category` WHERE `cid` = 0 LIMIT 1   [ RunTime:0.0030s ]
NOTIC: [8] Undefined offset: 0 C:\WWW\group\App\Home\Controller\IndexController.class.php 第 278 行.
NOTIC: [2] Invalid argument supplied for foreach() C:\WWW\group\App\Home\Controller\IndexController.class.php 第 286 行.
SQL: SELECT `cid` FROM `gr_category` WHERE `pid` = 0  [ RunTime:0.0080s ]
SQL: SELECT `lid` FROM `gr_locality` WHERE `pid` = 0  [ RunTime:0.0020s ]
NOTIC: [8] Undefined index: lid C:\WWW\group\App\Home\Controller\IndexController.class.php 第 109 行.
SQL: SHOW COLUMNS FROM `gr_goods` [ RunTime:0.0080s ]
SQL: SHOW COLUMNS FROM `gr_category` [ RunTime:0.0080s ]
SQL: SHOW COLUMNS FROM `gr_shop` [ RunTime:0.0200s ]
SQL: SHOW COLUMNS FROM `gr_locality` [ RunTime:0.0220s ]
SQL: SELECT goods.cid AS cid,category.cid AS cid,category.cname AS cname FROM gr_goods goods INNER JOIN gr_category category ON goods.cid = category.cid INNER JOIN gr_shop shop ON goods.shopid = shop.shopid INNER JOIN gr_locality locality ON goods.lid = locality.lid ORDER BY goods.buy desc LIMIT 7   [ RunTime:0.0020s ]
SQL: SELECT goods.lid AS lid,goods.cid AS cid,category.cid AS cid,category.pid AS pid,locality.lid AS lid FROM gr_goods goods INNER JOIN gr_category category ON goods.cid = category.cid INNER JOIN gr_shop shop ON goods.shopid = shop.shopid INNER JOIN gr_locality locality ON goods.lid = locality.lid  [ RunTime:0.0010s ]
SQL: SELECT COUNT(*) AS tp_count FROM gr_goods goods INNER JOIN gr_category category ON goods.cid = category.cid INNER JOIN gr_shop shop ON goods.shopid = shop.shopid INNER JOIN gr_locality locality ON goods.lid = locality.lid WHERE goods.cid IN ('7','8','9','11','14',0) LIMIT 1   [ RunTime:0.0010s ]
SQL: SELECT COUNT(*) AS tp_count FROM gr_goods goods INNER JOIN gr_category category ON goods.cid = category.cid INNER JOIN gr_shop shop ON goods.shopid = shop.shopid INNER JOIN gr_locality locality ON goods.lid = locality.lid WHERE goods.cid IN ('7','8','9','11','14',0) AND goods.price > 0 LIMIT 1   [ RunTime:0.0030s ]
SQL: SELECT COUNT(*) AS tp_count FROM `gr_category` WHERE `pid` = 0 LIMIT 1   [ RunTime:0.0010s ]
SQL: SELECT COUNT(*) AS tp_count FROM `gr_locality` WHERE `pid` = 0 LIMIT 1   [ RunTime:0.0010s ]
NOTIC: [8] Undefined index: lid C:\WWW\group\App\Home\Model\GoodsViewModel.class.php 第 155 行.
SQL: SELECT goods.gid AS gid,goods.cid AS cid,goods.lid AS lid,goods.price AS price,goods.old_price AS old_price,goods.main_title AS main_title,goods.sub_title AS sub_title,goods.buy AS buy,goods.goods_img AS goods_img,category.cid AS cid,shop.shopid AS shopid,locality.lid AS lid FROM gr_goods goods INNER JOIN gr_category category ON goods.cid = category.cid INNER JOIN gr_shop shop ON goods.shopid = shop.shopid INNER JOIN gr_locality locality ON goods.lid = locality.lid WHERE goods.cid IN ('7','8','9','11','14',0) ORDER BY begin_time desc LIMIT 0,10   [ RunTime:0.0020s ]
SQL: SELECT goods.gid AS gid,goods.cid AS cid,goods.lid AS lid,goods.price AS price,goods.old_price AS old_price,goods.main_title AS main_title,goods.sub_title AS sub_title,goods.buy AS buy,goods.goods_img AS goods_img,category.cid AS cid,shop.shopid AS shopid,locality.lid AS lid FROM gr_goods goods INNER JOIN gr_category category ON goods.cid = category.cid INNER JOIN gr_shop shop ON goods.shopid = shop.shopid INNER JOIN gr_locality locality ON goods.lid = locality.lid WHERE goods.cid IN ('7','8','9','11','14',0) AND goods.price > 0 ORDER BY begin_time desc LIMIT 0,10   [ RunTime:0.0030s ]
INFO: [ view_parse ] --START--
INFO: [ template_filter ] --START--
INFO: Run Behavior\ContentReplaceBehavior [ RunTime:0.007001s ]
INFO: [ template_filter ] --END-- [ RunTime:0.007001s ]
NOTIC: [8] Use of undefined constant Member - assumed 'Member' C:\WWW\group\App\Runtime\Cache\Home\00e52909bed743ea261af4b6823297ff.php 第 125 行.
NOTIC: [8] Use of undefined constant Home - assumed 'Home' C:\WWW\group\App\Runtime\Cache\Home\00e52909bed743ea261af4b6823297ff.php 第 125 行.
NOTIC: [8] Use of undefined constant Member - assumed 'Member' C:\WWW\group\App\Runtime\Cache\Home\00e52909bed743ea261af4b6823297ff.php 第 125 行.
NOTIC: [8] Use of undefined constant Member - assumed 'Member' C:\WWW\group\App\Runtime\Cache\Home\00e52909bed743ea261af4b6823297ff.php 第 126 行.
INFO: Run Behavior\ParseTemplateBehavior [ RunTime:0.213012s ]
INFO: [ view_parse ] --END-- [ RunTime:0.213012s ]
INFO: [ view_filter ] --START--
INFO: Run Behavior\WriteHtmlCacheBehavior [ RunTime:0.002000s ]
INFO: [ view_filter ] --END-- [ RunTime:0.002000s ]
INFO: [ app_end ] --START--
INFO: Run Behavior\ShowPageTraceBehavior [ RunTime:0.002000s ]
INFO: [ app_end ] --END-- [ RunTime:0.002000s ]

[ 2016-07-27T00:58:50+08:00 ] ::1 /group/Home/Index/index/cid/9
INFO: [ app_init ] --START--
INFO: Run Behavior\BuildLiteBehavior [ RunTime:0.000000s ]
INFO: [ app_init ] --END-- [ RunTime:0.001000s ]
INFO: [ app_begin ] --START--
INFO: Run Behavior\ReadHtmlCacheBehavior [ RunTime:0.001001s ]
INFO: [ app_begin ] --END-- [ RunTime:0.001001s ]
SQL: SHOW COLUMNS FROM `gr_category` [ RunTime:0.0080s ]
SQL: SELECT `cid`,`cname` FROM `gr_category` WHERE `pid` = 0 AND `display` = 1 ORDER BY sort ASC  [ RunTime:0.0000s ]
SQL: SELECT `pid` FROM `gr_category` WHERE `cid` = 9 LIMIT 1   [ RunTime:0.0010s ]
SQL: SELECT `cid`,`cname` FROM `gr_category` WHERE `pid` = 0 AND `display` = 1 ORDER BY sort ASC  [ RunTime:0.0010s ]
SQL: SELECT `cid`,`cname` FROM `gr_category` WHERE `pid` = 9 AND `display` = 1 ORDER BY sort ASC  [ RunTime:0.0000s ]
SQL: SHOW COLUMNS FROM `gr_locality` [ RunTime:0.0080s ]
SQL: SELECT `pid` FROM `gr_locality` WHERE `lid` = 0 LIMIT 1   [ RunTime:0.0010s ]
SQL: SELECT `lid`,`lname` FROM `gr_locality` WHERE `pid` = 0 AND `display` = 1 ORDER BY sort ASC  [ RunTime:0.0010s ]
SQL: SELECT `lid`,`lname` FROM `gr_locality` WHERE `pid` = 0 AND `display` = 1 ORDER BY sort ASC  [ RunTime:0.0010s ]
SQL: SELECT `pid` FROM `gr_category` WHERE `cid` = 9 LIMIT 1   [ RunTime:0.0010s ]
NOTIC: [8] Undefined offset: 9 C:\WWW\group\App\Home\Controller\IndexController.class.php 第 278 行.
NOTIC: [2] Invalid argument supplied for foreach() C:\WWW\group\App\Home\Controller\IndexController.class.php 第 286 行.
SQL: SELECT `cid` FROM `gr_category` WHERE `pid` = 9  [ RunTime:0.0010s ]
SQL: SELECT `lid` FROM `gr_locality` WHERE `pid` = 0  [ RunTime:0.0010s ]
NOTIC: [8] Undefined index: lid C:\WWW\group\App\Home\Controller\IndexController.class.php 第 109 行.
SQL: SHOW COLUMNS FROM `gr_goods` [ RunTime:0.0070s ]
SQL: SHOW COLUMNS FROM `gr_category` [ RunTime:0.0080s ]
SQL: SHOW COLUMNS FROM `gr_shop` [ RunTime:0.0060s ]
SQL: SHOW COLUMNS FROM `gr_locality` [ RunTime:0.0060s ]
SQL: SELECT goods.cid AS cid,category.cid AS cid,category.cname AS cname FROM gr_goods goods INNER JOIN gr_category category ON goods.cid = category.cid INNER JOIN gr_shop shop ON goods.shopid = shop.shopid INNER JOIN gr_locality locality ON goods.lid = locality.lid ORDER BY goods.buy desc LIMIT 7   [ RunTime:0.0020s ]
SQL: SELECT goods.lid AS lid,goods.cid AS cid,category.cid AS cid,category.pid AS pid,locality.lid AS lid FROM gr_goods goods INNER JOIN gr_category category ON goods.cid = category.cid INNER JOIN gr_shop shop ON goods.shopid = shop.shopid INNER JOIN gr_locality locality ON goods.lid = locality.lid  [ RunTime:0.0020s ]
SQL: SELECT COUNT(*) AS tp_count FROM gr_goods goods INNER JOIN gr_category category ON goods.cid = category.cid INNER JOIN gr_shop shop ON goods.shopid = shop.shopid INNER JOIN gr_locality locality ON goods.lid = locality.lid WHERE goods.cid IN ('22','23','24','25',9) LIMIT 1   [ RunTime:0.0020s ]
SQL: SELECT COUNT(*) AS tp_count FROM gr_goods goods INNER JOIN gr_category category ON goods.cid = category.cid INNER JOIN gr_shop shop ON goods.shopid = shop.shopid INNER JOIN gr_locality locality ON goods.lid = locality.lid WHERE goods.cid IN ('22','23','24','25',9) AND goods.price > 0 LIMIT 1   [ RunTime:0.0020s ]
SQL: SELECT COUNT(*) AS tp_count FROM `gr_category` WHERE `pid` = 0 LIMIT 1   [ RunTime:0.0010s ]
SQL: SELECT COUNT(*) AS tp_count FROM `gr_locality` WHERE `pid` = 0 LIMIT 1   [ RunTime:0.0010s ]
NOTIC: [8] Undefined index: lid C:\WWW\group\App\Home\Model\GoodsViewModel.class.php 第 155 行.
SQL: SELECT goods.gid AS gid,goods.cid AS cid,goods.lid AS lid,goods.price AS price,goods.old_price AS old_price,goods.main_title AS main_title,goods.sub_title AS sub_title,goods.buy AS buy,goods.goods_img AS goods_img,category.cid AS cid,shop.shopid AS shopid,locality.lid AS lid FROM gr_goods goods INNER JOIN gr_category category ON goods.cid = category.cid INNER JOIN gr_shop shop ON goods.shopid = shop.shopid INNER JOIN gr_locality locality ON goods.lid = locality.lid WHERE goods.cid IN ('22','23','24','25',9) ORDER BY begin_time desc LIMIT 0,10   [ RunTime:0.0020s ]
SQL: SELECT goods.gid AS gid,goods.cid AS cid,goods.lid AS lid,goods.price AS price,goods.old_price AS old_price,goods.main_title AS main_title,goods.sub_title AS sub_title,goods.buy AS buy,goods.goods_img AS goods_img,category.cid AS cid,shop.shopid AS shopid,locality.lid AS lid FROM gr_goods goods INNER JOIN gr_category category ON goods.cid = category.cid INNER JOIN gr_shop shop ON goods.shopid = shop.shopid INNER JOIN gr_locality locality ON goods.lid = locality.lid WHERE goods.cid IN ('22','23','24','25',9) AND goods.price > 0 ORDER BY begin_time desc LIMIT 0,10   [ RunTime:0.0020s ]
INFO: [ view_parse ] --START--
INFO: [ template_filter ] --START--
INFO: Run Behavior\ContentReplaceBehavior [ RunTime:0.007000s ]
INFO: [ template_filter ] --END-- [ RunTime:0.007000s ]
NOTIC: [8] Use of undefined constant Member - assumed 'Member' C:\WWW\group\App\Runtime\Cache\Home\00e52909bed743ea261af4b6823297ff.php 第 125 行.
NOTIC: [8] Use of undefined constant Home - assumed 'Home' C:\WWW\group\App\Runtime\Cache\Home\00e52909bed743ea261af4b6823297ff.php 第 125 行.
NOTIC: [8] Use of undefined constant Member - assumed 'Member' C:\WWW\group\App\Runtime\Cache\Home\00e52909bed743ea261af4b6823297ff.php 第 125 行.
NOTIC: [8] Use of undefined constant Member - assumed 'Member' C:\WWW\group\App\Runtime\Cache\Home\00e52909bed743ea261af4b6823297ff.php 第 126 行.
INFO: Run Behavior\ParseTemplateBehavior [ RunTime:0.211012s ]
INFO: [ view_parse ] --END-- [ RunTime:0.211012s ]
INFO: [ view_filter ] --START--
INFO: Run Behavior\WriteHtmlCacheBehavior [ RunTime:0.001000s ]
INFO: [ view_filter ] --END-- [ RunTime:0.002000s ]
INFO: [ app_end ] --START--
INFO: Run Behavior\ShowPageTraceBehavior [ RunTime:0.002000s ]
INFO: [ app_end ] --END-- [ RunTime:0.002000s ]

[ 2016-07-27T00:58:51+08:00 ] ::1 /group/Home/Index/index/cid/css/index.css
INFO: [ app_init ] --START--
INFO: Run Behavior\BuildLiteBehavior [ RunTime:0.022002s ]
INFO: [ app_init ] --END-- [ RunTime:0.029002s ]
INFO: [ app_begin ] --START--
INFO: Run Behavior\ReadHtmlCacheBehavior [ RunTime:0.001000s ]
INFO: [ app_begin ] --END-- [ RunTime:0.001000s ]
SQL: SHOW COLUMNS FROM `gr_category` [ RunTime:0.0080s ]
SQL: SELECT `cid`,`cname` FROM `gr_category` WHERE `pid` = 0 AND `display` = 1 ORDER BY sort ASC  [ RunTime:0.0010s ]
SQL: SELECT `pid` FROM `gr_category` WHERE `cid` = 0 LIMIT 1   [ RunTime:0.0010s ]
SQL: SELECT `cid`,`cname` FROM `gr_category` WHERE `pid` = 0 AND `display` = 1 ORDER BY sort ASC  [ RunTime:0.0030s ]
SQL: SELECT `cid`,`cname` FROM `gr_category` WHERE `pid` = 0 AND `display` = 1 ORDER BY sort ASC  [ RunTime:0.0010s ]
SQL: SHOW COLUMNS FROM `gr_locality` [ RunTime:0.0150s ]
SQL: SELECT `pid` FROM `gr_locality` WHERE `lid` = 0 LIMIT 1   [ RunTime:0.0010s ]
SQL: SELECT `lid`,`lname` FROM `gr_locality` WHERE `pid` = 0 AND `display` = 1 ORDER BY sort ASC  [ RunTime:0.0000s ]
SQL: SELECT `lid`,`lname` FROM `gr_locality` WHERE `pid` = 0 AND `display` = 1 ORDER BY sort ASC  [ RunTime:0.0010s ]
SQL: SELECT `pid` FROM `gr_category` WHERE `cid` = 0 LIMIT 1   [ RunTime:0.0010s ]
NOTIC: [8] Undefined offset: 0 C:\WWW\group\App\Home\Controller\IndexController.class.php 第 278 行.
NOTIC: [2] Invalid argument supplied for foreach() C:\WWW\group\App\Home\Controller\IndexController.class.php 第 286 行.
SQL: SELECT `cid` FROM `gr_category` WHERE `pid` = 0  [ RunTime:0.0010s ]
SQL: SELECT `lid` FROM `gr_locality` WHERE `pid` = 0  [ RunTime:0.0010s ]
NOTIC: [8] Undefined index: lid C:\WWW\group\App\Home\Controller\IndexController.class.php 第 109 行.
SQL: SHOW COLUMNS FROM `gr_goods` [ RunTime:0.0100s ]
SQL: SHOW COLUMNS FROM `gr_category` [ RunTime:0.0090s ]
SQL: SHOW COLUMNS FROM `gr_shop` [ RunTime:0.0080s ]
SQL: SHOW COLUMNS FROM `gr_locality` [ RunTime:0.0080s ]
SQL: SELECT goods.cid AS cid,category.cid AS cid,category.cname AS cname FROM gr_goods goods INNER JOIN gr_category category ON goods.cid = category.cid INNER JOIN gr_shop shop ON goods.shopid = shop.shopid INNER JOIN gr_locality locality ON goods.lid = locality.lid ORDER BY goods.buy desc LIMIT 7   [ RunTime:0.0020s ]
SQL: SELECT goods.lid AS lid,goods.cid AS cid,category.cid AS cid,category.pid AS pid,locality.lid AS lid FROM gr_goods goods INNER JOIN gr_category category ON goods.cid = category.cid INNER JOIN gr_shop shop ON goods.shopid = shop.shopid INNER JOIN gr_locality locality ON goods.lid = locality.lid  [ RunTime:0.0030s ]
SQL: SELECT COUNT(*) AS tp_count FROM gr_goods goods INNER JOIN gr_category category ON goods.cid = category.cid INNER JOIN gr_shop shop ON goods.shopid = shop.shopid INNER JOIN gr_locality locality ON goods.lid = locality.lid WHERE goods.cid IN ('7','8','9','11','14',0) LIMIT 1   [ RunTime:0.0020s ]
SQL: SELECT COUNT(*) AS tp_count FROM gr_goods goods INNER JOIN gr_category category ON goods.cid = category.cid INNER JOIN gr_shop shop ON goods.shopid = shop.shopid INNER JOIN gr_locality locality ON goods.lid = locality.lid WHERE goods.cid IN ('7','8','9','11','14',0) AND goods.price > 0 LIMIT 1   [ RunTime:0.0040s ]
SQL: SELECT COUNT(*) AS tp_count FROM `gr_category` WHERE `pid` = 0 LIMIT 1   [ RunTime:0.0010s ]
SQL: SELECT COUNT(*) AS tp_count FROM `gr_locality` WHERE `pid` = 0 LIMIT 1   [ RunTime:0.0010s ]
NOTIC: [8] Undefined index: lid C:\WWW\group\App\Home\Model\GoodsViewModel.class.php 第 155 行.
SQL: SELECT goods.gid AS gid,goods.cid AS cid,goods.lid AS lid,goods.price AS price,goods.old_price AS old_price,goods.main_title AS main_title,goods.sub_title AS sub_title,goods.buy AS buy,goods.goods_img AS goods_img,category.cid AS cid,shop.shopid AS shopid,locality.lid AS lid FROM gr_goods goods INNER JOIN gr_category category ON goods.cid = category.cid INNER JOIN gr_shop shop ON goods.shopid = shop.shopid INNER JOIN gr_locality locality ON goods.lid = locality.lid WHERE goods.cid IN ('7','8','9','11','14',0) ORDER BY begin_time desc LIMIT 0,10   [ RunTime:0.0010s ]
SQL: SELECT goods.gid AS gid,goods.cid AS cid,goods.lid AS lid,goods.price AS price,goods.old_price AS old_price,goods.main_title AS main_title,goods.sub_title AS sub_title,goods.buy AS buy,goods.goods_img AS goods_img,category.cid AS cid,shop.shopid AS shopid,locality.lid AS lid FROM gr_goods goods INNER JOIN gr_category category ON goods.cid = category.cid INNER JOIN gr_shop shop ON goods.shopid = shop.shopid INNER JOIN gr_locality locality ON goods.lid = locality.lid WHERE goods.cid IN ('7','8','9','11','14',0) AND goods.price > 0 ORDER BY begin_time desc LIMIT 0,10   [ RunTime:0.0020s ]
INFO: [ view_parse ] --START--
INFO: [ template_filter ] --START--
INFO: Run Behavior\ContentReplaceBehavior [ RunTime:0.008000s ]
INFO: [ template_filter ] --END-- [ RunTime:0.008000s ]
NOTIC: [8] Use of undefined constant Member - assumed 'Member' C:\WWW\group\App\Runtime\Cache\Home\00e52909bed743ea261af4b6823297ff.php 第 125 行.
NOTIC: [8] Use of undefined constant Home - assumed 'Home' C:\WWW\group\App\Runtime\Cache\Home\00e52909bed743ea261af4b6823297ff.php 第 125 行.
NOTIC: [8] Use of undefined constant Member - assumed 'Member' C:\WWW\group\App\Runtime\Cache\Home\00e52909bed743ea261af4b6823297ff.php 第 125 行.
NOTIC: [8] Use of undefined constant Member - assumed 'Member' C:\WWW\group\App\Runtime\Cache\Home\00e52909bed743ea261af4b6823297ff.php 第 126 行.
INFO: Run Behavior\ParseTemplateBehavior [ RunTime:0.212012s ]
INFO: [ view_parse ] --END-- [ RunTime:0.212012s ]
INFO: [ view_filter ] --START--
INFO: Run Behavior\WriteHtmlCacheBehavior [ RunTime:0.001000s ]
INFO: [ view_filter ] --END-- [ RunTime:0.002000s ]
INFO: [ app_end ] --START--
INFO: Run Behavior\ShowPageTraceBehavior [ RunTime:0.001000s ]
INFO: [ app_end ] --END-- [ RunTime:0.002000s ]

[ 2016-07-27T15:04:11+08:00 ] ::1 /group/
INFO: [ app_init ] --START--
INFO: Run Behavior\BuildLiteBehavior [ RunTime:0.000000s ]
INFO: [ app_init ] --END-- [ RunTime:0.043003s ]
INFO: [ app_begin ] --START--
INFO: Run Behavior\ReadHtmlCacheBehavior [ RunTime:0.017001s ]
INFO: [ app_begin ] --END-- [ RunTime:0.017001s ]
SQL: SHOW COLUMNS FROM `gr_category` [ RunTime:0.1520s ]
SQL: SELECT `cid`,`cname` FROM `gr_category` WHERE `pid` = 0 AND `display` = 1 ORDER BY sort ASC  [ RunTime:0.0250s ]
NOTIC: [8] Undefined index: uid C:\WWW\group\App\Home\Controller\CommonController.class.php 第 25 行.
SQL: SELECT `pid` FROM `gr_category` WHERE `cid` = 0 LIMIT 1   [ RunTime:0.0010s ]
SQL: SELECT `cid`,`cname` FROM `gr_category` WHERE `pid` = 0 AND `display` = 1 ORDER BY sort ASC  [ RunTime:0.0010s ]
SQL: SELECT `cid`,`cname` FROM `gr_category` WHERE `pid` = 0 AND `display` = 1 ORDER BY sort ASC  [ RunTime:0.0010s ]
SQL: SHOW COLUMNS FROM `gr_locality` [ RunTime:0.0460s ]
SQL: SELECT `pid` FROM `gr_locality` WHERE `lid` = 0 LIMIT 1   [ RunTime:0.0000s ]
SQL: SELECT `lid`,`lname` FROM `gr_locality` WHERE `pid` = 0 AND `display` = 1 ORDER BY sort ASC  [ RunTime:0.0000s ]
SQL: SELECT `lid`,`lname` FROM `gr_locality` WHERE `pid` = 0 AND `display` = 1 ORDER BY sort ASC  [ RunTime:0.0000s ]
SQL: SELECT `pid` FROM `gr_category` WHERE `cid` = 0 LIMIT 1   [ RunTime:0.0000s ]
NOTIC: [8] Undefined index:  C:\WWW\group\App\Home\Controller\IndexController.class.php 第 278 行.
NOTIC: [2] Invalid argument supplied for foreach() C:\WWW\group\App\Home\Controller\IndexController.class.php 第 286 行.
SQL: SELECT `cid` FROM `gr_category` WHERE `pid` = 0  [ RunTime:0.0010s ]
NOTIC: [8] Undefined index: cid C:\WWW\group\App\Home\Controller\IndexController.class.php 第 95 行.
SQL: SELECT `lid` FROM `gr_locality` WHERE `pid` = 0  [ RunTime:0.0010s ]
NOTIC: [8] Undefined index: lid C:\WWW\group\App\Home\Controller\IndexController.class.php 第 109 行.
SQL: SHOW COLUMNS FROM `gr_goods` [ RunTime:0.0200s ]
SQL: SHOW COLUMNS FROM `gr_category` [ RunTime:0.0060s ]
SQL: SHOW COLUMNS FROM `gr_shop` [ RunTime:0.0600s ]
SQL: SHOW COLUMNS FROM `gr_locality` [ RunTime:0.0090s ]
SQL: SELECT goods.main_title AS main_title,goods.goods_img AS goods_img,goods.price AS price,goods.old_price AS old_price,goods.buy AS buy,goods.gid AS gid FROM gr_goods goods INNER JOIN gr_category category ON goods.cid = category.cid INNER JOIN gr_shop shop ON goods.shopid = shop.shopid INNER JOIN gr_locality locality ON goods.lid = locality.lid ORDER BY goods.buy desc LIMIT 5   [ RunTime:0.0700s ]
SQL: SELECT goods.cid AS cid,category.cid AS cid,category.cname AS cname FROM gr_goods goods INNER JOIN gr_category category ON goods.cid = category.cid INNER JOIN gr_shop shop ON goods.shopid = shop.shopid INNER JOIN gr_locality locality ON goods.lid = locality.lid ORDER BY goods.buy desc LIMIT 7   [ RunTime:0.0020s ]
SQL: SELECT goods.lid AS lid,goods.cid AS cid,category.cid AS cid,category.pid AS pid,locality.lid AS lid FROM gr_goods goods INNER JOIN gr_category category ON goods.cid = category.cid INNER JOIN gr_shop shop ON goods.shopid = shop.shopid INNER JOIN gr_locality locality ON goods.lid = locality.lid  [ RunTime:0.0010s ]
SQL: SELECT COUNT(*) AS tp_count FROM gr_goods goods INNER JOIN gr_category category ON goods.cid = category.cid INNER JOIN gr_shop shop ON goods.shopid = shop.shopid INNER JOIN gr_locality locality ON goods.lid = locality.lid WHERE goods.price > 0 LIMIT 1   [ RunTime:0.0010s ]
SQL: SELECT COUNT(*) AS tp_count FROM `gr_category` WHERE `pid` = 0 LIMIT 1   [ RunTime:0.0010s ]
SQL: SELECT COUNT(*) AS tp_count FROM `gr_locality` WHERE `pid` = 0 LIMIT 1   [ RunTime:0.0010s ]
NOTIC: [8] Undefined index: cid C:\WWW\group\App\Home\Model\GoodsViewModel.class.php 第 154 行.
NOTIC: [8] Undefined index: lid C:\WWW\group\App\Home\Model\GoodsViewModel.class.php 第 155 行.
SQL: SELECT goods.gid AS gid,goods.cid AS cid,goods.lid AS lid,goods.price AS price,goods.old_price AS old_price,goods.main_title AS main_title,goods.sub_title AS sub_title,goods.buy AS buy,goods.goods_img AS goods_img,category.cid AS cid,shop.shopid AS shopid,locality.lid AS lid FROM gr_goods goods INNER JOIN gr_category category ON goods.cid = category.cid INNER JOIN gr_shop shop ON goods.shopid = shop.shopid INNER JOIN gr_locality locality ON goods.lid = locality.lid WHERE goods.price > 0 ORDER BY begin_time desc LIMIT 0,10   [ RunTime:0.0020s ]
SQL: SELECT goods.gid AS gid,goods.cid AS cid,goods.lid AS lid,goods.price AS price,goods.old_price AS old_price,goods.main_title AS main_title,goods.sub_title AS sub_title,goods.buy AS buy,goods.goods_img AS goods_img,category.cid AS cid,shop.shopid AS shopid,locality.lid AS lid FROM gr_goods goods INNER JOIN gr_category category ON goods.cid = category.cid INNER JOIN gr_shop shop ON goods.shopid = shop.shopid INNER JOIN gr_locality locality ON goods.lid = locality.lid ORDER BY begin_time desc LIMIT 0,10   [ RunTime:0.0020s ]
INFO: [ view_parse ] --START--
INFO: [ template_filter ] --START--
INFO: Run Behavior\ContentReplaceBehavior [ RunTime:0.010001s ]
INFO: [ template_filter ] --END-- [ RunTime:0.010001s ]
NOTIC: [8] Use of undefined constant Member - assumed 'Member' C:\WWW\group\App\Runtime\Cache\Home\00e52909bed743ea261af4b6823297ff.php 第 125 行.
NOTIC: [8] Use of undefined constant Home - assumed 'Home' C:\WWW\group\App\Runtime\Cache\Home\00e52909bed743ea261af4b6823297ff.php 第 125 行.
NOTIC: [8] Use of undefined constant Member - assumed 'Member' C:\WWW\group\App\Runtime\Cache\Home\00e52909bed743ea261af4b6823297ff.php 第 125 行.
NOTIC: [8] Use of undefined constant Member - assumed 'Member' C:\WWW\group\App\Runtime\Cache\Home\00e52909bed743ea261af4b6823297ff.php 第 126 行.
INFO: Run Behavior\ParseTemplateBehavior [ RunTime:0.763044s ]
INFO: [ view_parse ] --END-- [ RunTime:0.763044s ]
INFO: [ view_filter ] --START--
INFO: Run Behavior\WriteHtmlCacheBehavior [ RunTime:0.022001s ]
INFO: [ view_filter ] --END-- [ RunTime:0.022001s ]
INFO: [ app_end ] --START--
INFO: Run Behavior\ShowPageTraceBehavior [ RunTime:0.018001s ]
INFO: [ app_end ] --END-- [ RunTime:0.018001s ]

[ 2016-07-27T15:05:07+08:00 ] ::1 /group/Home/Index/index
INFO: [ app_init ] --START--
INFO: Run Behavior\BuildLiteBehavior [ RunTime:0.000000s ]
INFO: [ app_init ] --END-- [ RunTime:0.000000s ]
INFO: [ app_begin ] --START--
INFO: Run Behavior\ReadHtmlCacheBehavior [ RunTime:0.000000s ]
INFO: [ app_begin ] --END-- [ RunTime:0.000000s ]
SQL: SHOW COLUMNS FROM `gr_category` [ RunTime:0.0000s ]
SQL: SELECT `cid`,`cname` FROM `gr_category` WHERE `pid` = 0 AND `display` = 1 ORDER BY sort ASC  [ RunTime:0.0000s ]
SQL: SELECT `pid` FROM `gr_category` WHERE `cid` = 0 LIMIT 1   [ RunTime:0.0000s ]
SQL: SELECT `cid`,`cname` FROM `gr_category` WHERE `pid` = 0 AND `display` = 1 ORDER BY sort ASC  [ RunTime:0.0000s ]
SQL: SELECT `cid`,`cname` FROM `gr_category` WHERE `pid` = 0 AND `display` = 1 ORDER BY sort ASC  [ RunTime:0.0000s ]
SQL: SHOW COLUMNS FROM `gr_locality` [ RunTime:0.0000s ]
SQL: SELECT `pid` FROM `gr_locality` WHERE `lid` = 0 LIMIT 1   [ RunTime:0.0000s ]
SQL: SELECT `lid`,`lname` FROM `gr_locality` WHERE `pid` = 0 AND `display` = 1 ORDER BY sort ASC  [ RunTime:0.0000s ]
SQL: SELECT `lid`,`lname` FROM `gr_locality` WHERE `pid` = 0 AND `display` = 1 ORDER BY sort ASC  [ RunTime:0.0000s ]
SQL: SELECT `pid` FROM `gr_category` WHERE `cid` = 0 LIMIT 1   [ RunTime:0.0000s ]
NOTIC: [8] Undefined index:  C:\WWW\group\App\Home\Controller\IndexController.class.php 第 278 行.
NOTIC: [2] Invalid argument supplied for foreach() C:\WWW\group\App\Home\Controller\IndexController.class.php 第 286 行.
SQL: SELECT `cid` FROM `gr_category` WHERE `pid` = 0  [ RunTime:0.0000s ]
NOTIC: [8] Undefined index: cid C:\WWW\group\App\Home\Controller\IndexController.class.php 第 95 行.
SQL: SELECT `lid` FROM `gr_locality` WHERE `pid` = 0  [ RunTime:0.0000s ]
NOTIC: [8] Undefined index: lid C:\WWW\group\App\Home\Controller\IndexController.class.php 第 109 行.
SQL: SHOW COLUMNS FROM `gr_goods` [ RunTime:0.0000s ]
SQL: SHOW COLUMNS FROM `gr_category` [ RunTime:0.0156s ]
SQL: SHOW COLUMNS FROM `gr_shop` [ RunTime:0.0000s ]
SQL: SHOW COLUMNS FROM `gr_locality` [ RunTime:0.0156s ]
SQL: SELECT goods.cid AS cid,category.cid AS cid,category.cname AS cname FROM gr_goods goods INNER JOIN gr_category category ON goods.cid = category.cid INNER JOIN gr_shop shop ON goods.shopid = shop.shopid INNER JOIN gr_locality locality ON goods.lid = locality.lid ORDER BY goods.buy desc LIMIT 7   [ RunTime:0.0000s ]
SQL: SELECT goods.lid AS lid,goods.cid AS cid,category.cid AS cid,category.pid AS pid,locality.lid AS lid FROM gr_goods goods INNER JOIN gr_category category ON goods.cid = category.cid INNER JOIN gr_shop shop ON goods.shopid = shop.shopid INNER JOIN gr_locality locality ON goods.lid = locality.lid  [ RunTime:0.0000s ]
SQL: SELECT COUNT(*) AS tp_count FROM gr_goods goods INNER JOIN gr_category category ON goods.cid = category.cid INNER JOIN gr_shop shop ON goods.shopid = shop.shopid INNER JOIN gr_locality locality ON goods.lid = locality.lid WHERE goods.price > 0 LIMIT 1   [ RunTime:0.0000s ]
SQL: SELECT COUNT(*) AS tp_count FROM `gr_category` WHERE `pid` = 0 LIMIT 1   [ RunTime:0.0000s ]
SQL: SELECT COUNT(*) AS tp_count FROM `gr_locality` WHERE `pid` = 0 LIMIT 1   [ RunTime:0.0000s ]
NOTIC: [8] Undefined index: cid C:\WWW\group\App\Home\Model\GoodsViewModel.class.php 第 154 行.
NOTIC: [8] Undefined index: lid C:\WWW\group\App\Home\Model\GoodsViewModel.class.php 第 155 行.
SQL: SELECT goods.gid AS gid,goods.cid AS cid,goods.lid AS lid,goods.price AS price,goods.old_price AS old_price,goods.main_title AS main_title,goods.sub_title AS sub_title,goods.buy AS buy,goods.goods_img AS goods_img,category.cid AS cid,shop.shopid AS shopid,locality.lid AS lid FROM gr_goods goods INNER JOIN gr_category category ON goods.cid = category.cid INNER JOIN gr_shop shop ON goods.shopid = shop.shopid INNER JOIN gr_locality locality ON goods.lid = locality.lid WHERE goods.price > 0 ORDER BY begin_time desc LIMIT 0,10   [ RunTime:0.0000s ]
SQL: SELECT goods.gid AS gid,goods.cid AS cid,goods.lid AS lid,goods.price AS price,goods.old_price AS old_price,goods.main_title AS main_title,goods.sub_title AS sub_title,goods.buy AS buy,goods.goods_img AS goods_img,category.cid AS cid,shop.shopid AS shopid,locality.lid AS lid FROM gr_goods goods INNER JOIN gr_category category ON goods.cid = category.cid INNER JOIN gr_shop shop ON goods.shopid = shop.shopid INNER JOIN gr_locality locality ON goods.lid = locality.lid ORDER BY begin_time desc LIMIT 0,10   [ RunTime:0.0156s ]
INFO: [ view_parse ] --START--
INFO: [ template_filter ] --START--
INFO: Run Behavior\ContentReplaceBehavior [ RunTime:0.000000s ]
INFO: [ template_filter ] --END-- [ RunTime:0.000000s ]
NOTIC: [8] Use of undefined constant Member - assumed 'Member' C:\WWW\group\App\Runtime\Cache\Home\00e52909bed743ea261af4b6823297ff.php 第 125 行.
NOTIC: [8] Use of undefined constant Home - assumed 'Home' C:\WWW\group\App\Runtime\Cache\Home\00e52909bed743ea261af4b6823297ff.php 第 125 行.
NOTIC: [8] Use of undefined constant Member - assumed 'Member' C:\WWW\group\App\Runtime\Cache\Home\00e52909bed743ea261af4b6823297ff.php 第 125 行.
NOTIC: [8] Use of undefined constant Member - assumed 'Member' C:\WWW\group\App\Runtime\Cache\Home\00e52909bed743ea261af4b6823297ff.php 第 126 行.
INFO: Run Behavior\ParseTemplateBehavior [ RunTime:0.202801s ]
INFO: [ view_parse ] --END-- [ RunTime:0.202801s ]
INFO: [ view_filter ] --START--
INFO: Run Behavior\WriteHtmlCacheBehavior [ RunTime:0.015600s ]
INFO: [ view_filter ] --END-- [ RunTime:0.015600s ]
INFO: [ app_end ] --START--
INFO: Run Behavior\ShowPageTraceBehavior [ RunTime:0.000000s ]
INFO: [ app_end ] --END-- [ RunTime:0.000000s ]

[ 2016-07-27T15:05:07+08:00 ] ::1 /group/Home/Index/css/index.css
INFO: [ app_init ] --START--
INFO: Run Behavior\BuildLiteBehavior [ RunTime:0.000000s ]
INFO: [ app_init ] --END-- [ RunTime:0.000000s ]
INFO: [ app_begin ] --START--
INFO: Run Behavior\ReadHtmlCacheBehavior [ RunTime:0.000000s ]
INFO: [ app_begin ] --END-- [ RunTime:0.000000s ]
SQL: SHOW COLUMNS FROM `gr_category` [ RunTime:0.0000s ]
SQL: SELECT `cid`,`cname` FROM `gr_category` WHERE `pid` = 0 AND `display` = 1 ORDER BY sort ASC  [ RunTime:0.0156s ]
ERR: 非法操作:css

[ 2016-07-27T15:05:08+08:00 ] ::1 /group/Home/Index/css/index.css
INFO: [ app_init ] --START--
INFO: Run Behavior\BuildLiteBehavior [ RunTime:0.000000s ]
INFO: [ app_init ] --END-- [ RunTime:0.000000s ]
INFO: [ app_begin ] --START--
INFO: Run Behavior\ReadHtmlCacheBehavior [ RunTime:0.000000s ]
INFO: [ app_begin ] --END-- [ RunTime:0.000000s ]
SQL: SHOW COLUMNS FROM `gr_category` [ RunTime:0.0156s ]
SQL: SELECT `cid`,`cname` FROM `gr_category` WHERE `pid` = 0 AND `display` = 1 ORDER BY sort ASC  [ RunTime:0.0000s ]
ERR: 非法操作:css

[ 2016-07-27T15:05:10+08:00 ] ::1 /group/Home/Detail/index/gid/7
INFO: [ app_init ] --START--
INFO: Run Behavior\BuildLiteBehavior [ RunTime:0.000000s ]
INFO: [ app_init ] --END-- [ RunTime:0.000000s ]
INFO: [ app_begin ] --START--
INFO: Run Behavior\ReadHtmlCacheBehavior [ RunTime:0.000000s ]
INFO: [ app_begin ] --END-- [ RunTime:0.000000s ]
SQL: SHOW COLUMNS FROM `gr_category` [ RunTime:0.0156s ]
SQL: SELECT `cid`,`cname` FROM `gr_category` WHERE `pid` = 0 AND `display` = 1 ORDER BY sort ASC  [ RunTime:0.0000s ]
SQL: SHOW COLUMNS FROM `gr_comment` [ RunTime:0.0312s ]
SQL: SELECT COUNT(*) AS tp_count FROM `gr_comment` WHERE `goods_id` = 7 LIMIT 1   [ RunTime:0.0000s ]
NOTIC: [8] Undefined variable: url C:\WWW\group\App\Classlib\Page.class.php 第 86 行.
SQL: SHOW COLUMNS FROM `gr_comment` [ RunTime:0.0000s ]
SQL: SELECT * FROM `gr_comment` INNER JOIN gr_user ON gr_comment.user_id = gr_user.uid  WHERE `goods_id` = 7 ORDER BY time ASC LIMIT 0,10   [ RunTime:0.0000s ]
SQL: SHOW COLUMNS FROM `gr_goods` [ RunTime:0.0156s ]
SQL: SHOW COLUMNS FROM `gr_category` [ RunTime:0.0000s ]
SQL: SHOW COLUMNS FROM `gr_shop` [ RunTime:0.0156s ]
SQL: SHOW COLUMNS FROM `gr_locality` [ RunTime:0.0000s ]
SQL: SHOW COLUMNS FROM `gr_goods_detail` [ RunTime:0.0624s ]
SQL: SELECT goods.gid AS gid,goods.cid AS cid,goods.lid AS lid,goods.main_title AS main_title,goods.sub_title AS sub_title,goods.price AS price,goods.old_price AS old_price,goods.buy AS buy,goods.goods_img AS goods_img,category.cid AS cid,category.cname AS cname,category.keywords AS keywords,category.title AS title,category.description AS description,category.sort AS sort,category.display AS display,category.pid AS pid,shop.shopid AS shopid,shop.shopname AS shopname,shop.shopaddress AS shopaddress,shop.metroaddress AS metroaddress,shop.shoptel AS shoptel,shop.shopcoord AS shopcoord,locality.lid AS lid,locality.lname AS lname,goods_detail.goods_id AS goods_id,goods_detail.goods_server AS goods_server,goods_detail.detail AS detail FROM gr_goods goods INNER JOIN gr_category category ON goods.cid = category.cid INNER JOIN gr_shop shop ON goods.shopid = shop.shopid INNER JOIN gr_locality locality ON goods.lid = locality.lid  JOIN gr_goods_detail goods_detail ON goods.gid = goods_detail.goods_id WHERE goods.gid = 7 LIMIT 1   [ RunTime:0.0000s ]
NOTIC: [8] Undefined index: end_time C:\WWW\group\App\Home\Controller\DetailController.class.php 第 53 行.
SQL: SELECT goods.cid AS cid,category.cid AS cid FROM gr_goods goods INNER JOIN gr_category category ON goods.cid = category.cid INNER JOIN gr_shop shop ON goods.shopid = shop.shopid INNER JOIN gr_locality locality ON goods.lid = locality.lid  JOIN gr_goods_detail goods_detail ON goods.gid = goods_detail.goods_id WHERE goods.gid = 7 LIMIT 1   [ RunTime:0.0000s ]
SQL: SELECT goods.gid AS gid,goods.cid AS cid,goods.lid AS lid,goods.main_title AS main_title,goods.sub_title AS sub_title,goods.price AS price,goods.old_price AS old_price,goods.buy AS buy,goods.goods_img AS goods_img,category.cid AS cid,category.cname AS cname,category.keywords AS keywords,category.title AS title,category.description AS description,category.sort AS sort,category.display AS display,category.pid AS pid,shop.shopid AS shopid,shop.shopname AS shopname,shop.shopaddress AS shopaddress,shop.metroaddress AS metroaddress,shop.shoptel AS shoptel,shop.shopcoord AS shopcoord,locality.lid AS lid,locality.lname AS lname,goods_detail.goods_id AS goods_id,goods_detail.goods_server AS goods_server,goods_detail.detail AS detail FROM gr_goods goods INNER JOIN gr_category category ON goods.cid = category.cid INNER JOIN gr_shop shop ON goods.shopid = shop.shopid INNER JOIN gr_locality locality ON goods.lid = locality.lid  JOIN gr_goods_detail goods_detail ON goods.gid = goods_detail.goods_id WHERE goods.cid = '18' ORDER BY goods.buy desc LIMIT 5   [ RunTime:0.0000s ]
INFO: [ view_parse ] --START--
INFO: [ template_filter ] --START--
INFO: Run Behavior\ContentReplaceBehavior [ RunTime:0.000000s ]
INFO: [ template_filter ] --END-- [ RunTime:0.000000s ]
NOTIC: [8] Use of undefined constant Member - assumed 'Member' C:\WWW\group\App\Runtime\Cache\Home\7f7445a42b50be6d66b1c759e6ea50e0.php 第 125 行.
NOTIC: [8] Use of undefined constant Home - assumed 'Home' C:\WWW\group\App\Runtime\Cache\Home\7f7445a42b50be6d66b1c759e6ea50e0.php 第 125 行.
NOTIC: [8] Use of undefined constant Member - assumed 'Member' C:\WWW\group\App\Runtime\Cache\Home\7f7445a42b50be6d66b1c759e6ea50e0.php 第 125 行.
NOTIC: [8] Use of undefined constant Member - assumed 'Member' C:\WWW\group\App\Runtime\Cache\Home\7f7445a42b50be6d66b1c759e6ea50e0.php 第 126 行.
NOTIC: [8] Use of undefined constant Member - assumed 'Member' C:\WWW\group\App\Runtime\Cache\Home\7f7445a42b50be6d66b1c759e6ea50e0.php 第 182 行.
NOTIC: [8] Use of undefined constant Member - assumed 'Member' C:\WWW\group\App\Runtime\Cache\Home\7f7445a42b50be6d66b1c759e6ea50e0.php 第 183 行.
INFO: Run Behavior\ParseTemplateBehavior [ RunTime:0.140400s ]
INFO: [ view_parse ] --END-- [ RunTime:0.140400s ]
INFO: [ view_filter ] --START--
INFO: Run Behavior\WriteHtmlCacheBehavior [ RunTime:0.000000s ]
INFO: [ view_filter ] --END-- [ RunTime:0.000000s ]
INFO: [ app_end ] --START--
INFO: Run Behavior\ShowPageTraceBehavior [ RunTime:0.000000s ]
INFO: [ app_end ] --END-- [ RunTime:0.000000s ]

[ 2016-07-27T15:05:11+08:00 ] ::1 /group/Home/Detail/index/gid/css/detail.css
INFO: [ app_init ] --START--
INFO: Run Behavior\BuildLiteBehavior [ RunTime:0.000000s ]
INFO: [ app_init ] --END-- [ RunTime:0.000000s ]
INFO: [ app_begin ] --START--
INFO: Run Behavior\ReadHtmlCacheBehavior [ RunTime:0.000000s ]
INFO: [ app_begin ] --END-- [ RunTime:0.000000s ]
SQL: SHOW COLUMNS FROM `gr_category` [ RunTime:0.0156s ]
SQL: SELECT `cid`,`cname` FROM `gr_category` WHERE `pid` = 0 AND `display` = 1 ORDER BY sort ASC  [ RunTime:0.0000s ]
SQL: SHOW COLUMNS FROM `gr_comment` [ RunTime:0.0156s ]
SQL: SELECT COUNT(*) AS tp_count FROM `gr_comment` WHERE `goods_id` = 0 LIMIT 1   [ RunTime:0.0000s ]
NOTIC: [8] Undefined variable: url C:\WWW\group\App\Classlib\Page.class.php 第 86 行.
SQL: SHOW COLUMNS FROM `gr_comment` [ RunTime:0.0156s ]
SQL: SELECT * FROM `gr_comment` INNER JOIN gr_user ON gr_comment.user_id = gr_user.uid  WHERE `goods_id` = 0 ORDER BY time ASC LIMIT 0,10   [ RunTime:0.0000s ]
SQL: SHOW COLUMNS FROM `gr_goods` [ RunTime:0.0000s ]
SQL: SHOW COLUMNS FROM `gr_category` [ RunTime:0.0156s ]
SQL: SHOW COLUMNS FROM `gr_shop` [ RunTime:0.0156s ]
SQL: SHOW COLUMNS FROM `gr_locality` [ RunTime:0.0000s ]
SQL: SHOW COLUMNS FROM `gr_goods_detail` [ RunTime:0.0156s ]
SQL: SELECT goods.gid AS gid,goods.cid AS cid,goods.lid AS lid,goods.main_title AS main_title,goods.sub_title AS sub_title,goods.price AS price,goods.old_price AS old_price,goods.buy AS buy,goods.goods_img AS goods_img,category.cid AS cid,category.cname AS cname,category.keywords AS keywords,category.title AS title,category.description AS description,category.sort AS sort,category.display AS display,category.pid AS pid,shop.shopid AS shopid,shop.shopname AS shopname,shop.shopaddress AS shopaddress,shop.metroaddress AS metroaddress,shop.shoptel AS shoptel,shop.shopcoord AS shopcoord,locality.lid AS lid,locality.lname AS lname,goods_detail.goods_id AS goods_id,goods_detail.goods_server AS goods_server,goods_detail.detail AS detail FROM gr_goods goods INNER JOIN gr_category category ON goods.cid = category.cid INNER JOIN gr_shop shop ON goods.shopid = shop.shopid INNER JOIN gr_locality locality ON goods.lid = locality.lid  JOIN gr_goods_detail goods_detail ON goods.gid = goods_detail.goods_id WHERE goods.gid = 0 LIMIT 1   [ RunTime:0.0000s ]
NOTIC: [8] Undefined index: goods_img C:\WWW\group\App\Home\Controller\DetailController.class.php 第 52 行.
NOTIC: [8] Undefined index: end_time C:\WWW\group\App\Home\Controller\DetailController.class.php 第 53 行.
NOTIC: [8] Undefined index: goods_server C:\WWW\group\App\Home\Controller\DetailController.class.php 第 58 行.
NOTIC: [2] array_slice() expects parameter 1 to be array, boolean given C:\WWW\group\App\Home\Controller\DetailController.class.php 第 58 行.
NOTIC: [8] Undefined index:  C:\WWW\group\App\Home\Controller\DetailController.class.php 第 61 行.
NOTIC: [8] Undefined index:  C:\WWW\group\App\Home\Controller\DetailController.class.php 第 62 行.
SQL: SELECT goods.cid AS cid,category.cid AS cid FROM gr_goods goods INNER JOIN gr_category category ON goods.cid = category.cid INNER JOIN gr_shop shop ON goods.shopid = shop.shopid INNER JOIN gr_locality locality ON goods.lid = locality.lid  JOIN gr_goods_detail goods_detail ON goods.gid = goods_detail.goods_id WHERE goods.gid = 0 LIMIT 1   [ RunTime:0.0000s ]
SQL: SELECT goods.gid AS gid,goods.cid AS cid,goods.lid AS lid,goods.main_title AS main_title,goods.sub_title AS sub_title,goods.price AS price,goods.old_price AS old_price,goods.buy AS buy,goods.goods_img AS goods_img,category.cid AS cid,category.cname AS cname,category.keywords AS keywords,category.title AS title,category.description AS description,category.sort AS sort,category.display AS display,category.pid AS pid,shop.shopid AS shopid,shop.shopname AS shopname,shop.shopaddress AS shopaddress,shop.metroaddress AS metroaddress,shop.shoptel AS shoptel,shop.shopcoord AS shopcoord,locality.lid AS lid,locality.lname AS lname,goods_detail.goods_id AS goods_id,goods_detail.goods_server AS goods_server,goods_detail.detail AS detail FROM gr_goods goods INNER JOIN gr_category category ON goods.cid = category.cid INNER JOIN gr_shop shop ON goods.shopid = shop.shopid INNER JOIN gr_locality locality ON goods.lid = locality.lid  JOIN gr_goods_detail goods_detail ON goods.gid = goods_detail.goods_id WHERE goods.cid = null ORDER BY goods.buy desc LIMIT 5   [ RunTime:0.0000s ]
INFO: [ view_parse ] --START--
INFO: [ template_filter ] --START--
INFO: Run Behavior\ContentReplaceBehavior [ RunTime:0.000000s ]
INFO: [ template_filter ] --END-- [ RunTime:0.000000s ]
NOTIC: [8] Use of undefined constant Member - assumed 'Member' C:\WWW\group\App\Runtime\Cache\Home\7f7445a42b50be6d66b1c759e6ea50e0.php 第 125 行.
NOTIC: [8] Use of undefined constant Home - assumed 'Home' C:\WWW\group\App\Runtime\Cache\Home\7f7445a42b50be6d66b1c759e6ea50e0.php 第 125 行.
NOTIC: [8] Use of undefined constant Member - assumed 'Member' C:\WWW\group\App\Runtime\Cache\Home\7f7445a42b50be6d66b1c759e6ea50e0.php 第 125 行.
NOTIC: [8] Use of undefined constant Member - assumed 'Member' C:\WWW\group\App\Runtime\Cache\Home\7f7445a42b50be6d66b1c759e6ea50e0.php 第 126 行.
NOTIC: [8] Undefined index: lid C:\WWW\group\App\Runtime\Cache\Home\7f7445a42b50be6d66b1c759e6ea50e0.php 第 168 行.
NOTIC: [8] Undefined index: lname C:\WWW\group\App\Runtime\Cache\Home\7f7445a42b50be6d66b1c759e6ea50e0.php 第 168 行.
NOTIC: [8] Undefined index: cid C:\WWW\group\App\Runtime\Cache\Home\7f7445a42b50be6d66b1c759e6ea50e0.php 第 168 行.
NOTIC: [8] Undefined index: cname C:\WWW\group\App\Runtime\Cache\Home\7f7445a42b50be6d66b1c759e6ea50e0.php 第 168 行.
NOTIC: [8] Undefined index: shopname C:\WWW\group\App\Runtime\Cache\Home\7f7445a42b50be6d66b1c759e6ea50e0.php 第 168 行.
NOTIC: [8] Undefined index: main_title C:\WWW\group\App\Runtime\Cache\Home\7f7445a42b50be6d66b1c759e6ea50e0.php 第 173 行.
NOTIC: [8] Undefined index: sub_title C:\WWW\group\App\Runtime\Cache\Home\7f7445a42b50be6d66b1c759e6ea50e0.php 第 174 行.
NOTIC: [8] Undefined index: price C:\WWW\group\App\Runtime\Cache\Home\7f7445a42b50be6d66b1c759e6ea50e0.php 第 179 行.
NOTIC: [8] Undefined index: old_price C:\WWW\group\App\Runtime\Cache\Home\7f7445a42b50be6d66b1c759e6ea50e0.php 第 180 行.
NOTIC: [8] Use of undefined constant Member - assumed 'Member' C:\WWW\group\App\Runtime\Cache\Home\7f7445a42b50be6d66b1c759e6ea50e0.php 第 182 行.
NOTIC: [8] Undefined index: gid C:\WWW\group\App\Runtime\Cache\Home\7f7445a42b50be6d66b1c759e6ea50e0.php 第 182 行.
NOTIC: [8] Use of undefined constant Member - assumed 'Member' C:\WWW\group\App\Runtime\Cache\Home\7f7445a42b50be6d66b1c759e6ea50e0.php 第 183 行.
NOTIC: [8] Undefined index: gid C:\WWW\group\App\Runtime\Cache\Home\7f7445a42b50be6d66b1c759e6ea50e0.php 第 183 行.
NOTIC: [8] Undefined index: buy C:\WWW\group\App\Runtime\Cache\Home\7f7445a42b50be6d66b1c759e6ea50e0.php 第 185 行.
NOTIC: [8] Undefined index: gid C:\WWW\group\App\Runtime\Cache\Home\7f7445a42b50be6d66b1c759e6ea50e0.php 第 197 行.
NOTIC: [8] Undefined index: shopname C:\WWW\group\App\Runtime\Cache\Home\7f7445a42b50be6d66b1c759e6ea50e0.php 第 212 行.
NOTIC: [8] Undefined index: shopaddress C:\WWW\group\App\Runtime\Cache\Home\7f7445a42b50be6d66b1c759e6ea50e0.php 第 215 行.
NOTIC: [8] Undefined index: metroaddress C:\WWW\group\App\Runtime\Cache\Home\7f7445a42b50be6d66b1c759e6ea50e0.php 第 219 行.
NOTIC: [8] Undefined index: shoptel C:\WWW\group\App\Runtime\Cache\Home\7f7445a42b50be6d66b1c759e6ea50e0.php 第 223 行.
NOTIC: [8] Undefined index: detail C:\WWW\group\App\Runtime\Cache\Home\7f7445a42b50be6d66b1c759e6ea50e0.php 第 228 行.
NOTIC: [8] Undefined index: gid C:\WWW\group\App\Runtime\Cache\Home\7f7445a42b50be6d66b1c759e6ea50e0.php 第 249 行.
NOTIC: [8] Undefined index: shopcoord C:\WWW\group\App\Runtime\Cache\Home\7f7445a42b50be6d66b1c759e6ea50e0.php 第 278 行.
INFO: Run Behavior\ParseTemplateBehavior [ RunTime:0.124800s ]
INFO: [ view_parse ] --END-- [ RunTime:0.124800s ]
INFO: [ view_filter ] --START--
INFO: Run Behavior\WriteHtmlCacheBehavior [ RunTime:0.000000s ]
INFO: [ view_filter ] --END-- [ RunTime:0.000000s ]
INFO: [ app_end ] --START--
INFO: Run Behavior\ShowPageTraceBehavior [ RunTime:0.015600s ]
INFO: [ app_end ] --END-- [ RunTime:0.015600s ]

[ 2016-07-27T15:06:59+08:00 ] ::1 /group/
INFO: [ app_init ] --START--
INFO: Run Behavior\BuildLiteBehavior [ RunTime:0.000000s ]
INFO: [ app_init ] --END-- [ RunTime:0.000000s ]
INFO: [ app_begin ] --START--
INFO: Run Behavior\ReadHtmlCacheBehavior [ RunTime:0.000000s ]
INFO: [ app_begin ] --END-- [ RunTime:0.000000s ]
SQL: SHOW COLUMNS FROM `gr_category` [ RunTime:0.0156s ]
SQL: SELECT `cid`,`cname` FROM `gr_category` WHERE `pid` = 0 AND `display` = 1 ORDER BY sort ASC  [ RunTime:0.0000s ]
SQL: SELECT `pid` FROM `gr_category` WHERE `cid` = 0 LIMIT 1   [ RunTime:0.0000s ]
SQL: SELECT `cid`,`cname` FROM `gr_category` WHERE `pid` = 0 AND `display` = 1 ORDER BY sort ASC  [ RunTime:0.0000s ]
SQL: SELECT `cid`,`cname` FROM `gr_category` WHERE `pid` = 0 AND `display` = 1 ORDER BY sort ASC  [ RunTime:0.0000s ]
SQL: SHOW COLUMNS FROM `gr_locality` [ RunTime:0.0156s ]
SQL: SELECT `pid` FROM `gr_locality` WHERE `lid` = 0 LIMIT 1   [ RunTime:0.0000s ]
SQL: SELECT `lid`,`lname` FROM `gr_locality` WHERE `pid` = 0 AND `display` = 1 ORDER BY sort ASC  [ RunTime:0.0000s ]
SQL: SELECT `lid`,`lname` FROM `gr_locality` WHERE `pid` = 0 AND `display` = 1 ORDER BY sort ASC  [ RunTime:0.0000s ]
SQL: SELECT `pid` FROM `gr_category` WHERE `cid` = 0 LIMIT 1   [ RunTime:0.0000s ]
NOTIC: [8] Undefined index:  C:\WWW\group\App\Home\Controller\IndexController.class.php 第 278 行.
NOTIC: [2] Invalid argument supplied for foreach() C:\WWW\group\App\Home\Controller\IndexController.class.php 第 286 行.
SQL: SELECT `cid` FROM `gr_category` WHERE `pid` = 0  [ RunTime:0.0000s ]
NOTIC: [8] Undefined index: cid C:\WWW\group\App\Home\Controller\IndexController.class.php 第 95 行.
SQL: SELECT `lid` FROM `gr_locality` WHERE `pid` = 0  [ RunTime:0.0000s ]
NOTIC: [8] Undefined index: lid C:\WWW\group\App\Home\Controller\IndexController.class.php 第 109 行.
SQL: SHOW COLUMNS FROM `gr_goods` [ RunTime:0.0156s ]
SQL: SHOW COLUMNS FROM `gr_category` [ RunTime:0.0000s ]
SQL: SHOW COLUMNS FROM `gr_shop` [ RunTime:0.0000s ]
SQL: SHOW COLUMNS FROM `gr_locality` [ RunTime:0.0156s ]
SQL: SELECT goods.cid AS cid,category.cid AS cid,category.cname AS cname FROM gr_goods goods INNER JOIN gr_category category ON goods.cid = category.cid INNER JOIN gr_shop shop ON goods.shopid = shop.shopid INNER JOIN gr_locality locality ON goods.lid = locality.lid ORDER BY goods.buy desc LIMIT 7   [ RunTime:0.0000s ]
SQL: SELECT goods.lid AS lid,goods.cid AS cid,category.cid AS cid,category.pid AS pid,locality.lid AS lid FROM gr_goods goods INNER JOIN gr_category category ON goods.cid = category.cid INNER JOIN gr_shop shop ON goods.shopid = shop.shopid INNER JOIN gr_locality locality ON goods.lid = locality.lid  [ RunTime:0.0000s ]
SQL: SELECT COUNT(*) AS tp_count FROM gr_goods goods INNER JOIN gr_category category ON goods.cid = category.cid INNER JOIN gr_shop shop ON goods.shopid = shop.shopid INNER JOIN gr_locality locality ON goods.lid = locality.lid WHERE goods.price > 0 LIMIT 1   [ RunTime:0.0000s ]
SQL: SELECT COUNT(*) AS tp_count FROM `gr_category` WHERE `pid` = 0 LIMIT 1   [ RunTime:0.0000s ]
SQL: SELECT COUNT(*) AS tp_count FROM `gr_locality` WHERE `pid` = 0 LIMIT 1   [ RunTime:0.0000s ]
NOTIC: [8] Undefined index: cid C:\WWW\group\App\Home\Model\GoodsViewModel.class.php 第 154 行.
NOTIC: [8] Undefined index: lid C:\WWW\group\App\Home\Model\GoodsViewModel.class.php 第 155 行.
SQL: SELECT goods.gid AS gid,goods.cid AS cid,goods.lid AS lid,goods.price AS price,goods.old_price AS old_price,goods.main_title AS main_title,goods.sub_title AS sub_title,goods.buy AS buy,goods.goods_img AS goods_img,category.cid AS cid,shop.shopid AS shopid,locality.lid AS lid FROM gr_goods goods INNER JOIN gr_category category ON goods.cid = category.cid INNER JOIN gr_shop shop ON goods.shopid = shop.shopid INNER JOIN gr_locality locality ON goods.lid = locality.lid WHERE goods.price > 0 ORDER BY begin_time desc LIMIT 0,10   [ RunTime:0.0000s ]
SQL: SELECT goods.gid AS gid,goods.cid AS cid,goods.lid AS lid,goods.price AS price,goods.old_price AS old_price,goods.main_title AS main_title,goods.sub_title AS sub_title,goods.buy AS buy,goods.goods_img AS goods_img,category.cid AS cid,shop.shopid AS shopid,locality.lid AS lid FROM gr_goods goods INNER JOIN gr_category category ON goods.cid = category.cid INNER JOIN gr_shop shop ON goods.shopid = shop.shopid INNER JOIN gr_locality locality ON goods.lid = locality.lid ORDER BY begin_time desc LIMIT 0,10   [ RunTime:0.0000s ]
INFO: [ view_parse ] --START--
INFO: [ template_filter ] --START--
INFO: Run Behavior\ContentReplaceBehavior [ RunTime:0.000000s ]
INFO: [ template_filter ] --END-- [ RunTime:0.000000s ]
NOTIC: [8] Use of undefined constant Member - assumed 'Member' C:\WWW\group\App\Runtime\Cache\Home\00e52909bed743ea261af4b6823297ff.php 第 125 行.
NOTIC: [8] Use of undefined constant Home - assumed 'Home' C:\WWW\group\App\Runtime\Cache\Home\00e52909bed743ea261af4b6823297ff.php 第 125 行.
NOTIC: [8] Use of undefined constant Member - assumed 'Member' C:\WWW\group\App\Runtime\Cache\Home\00e52909bed743ea261af4b6823297ff.php 第 125 行.
NOTIC: [8] Use of undefined constant Member - assumed 'Member' C:\WWW\group\App\Runtime\Cache\Home\00e52909bed743ea261af4b6823297ff.php 第 126 行.
INFO: Run Behavior\ParseTemplateBehavior [ RunTime:0.218401s ]
INFO: [ view_parse ] --END-- [ RunTime:0.218401s ]
INFO: [ view_filter ] --START--
INFO: Run Behavior\WriteHtmlCacheBehavior [ RunTime:0.000000s ]
INFO: [ view_filter ] --END-- [ RunTime:0.000000s ]
INFO: [ app_end ] --START--
INFO: Run Behavior\ShowPageTraceBehavior [ RunTime:0.015600s ]
INFO: [ app_end ] --END-- [ RunTime:0.015600s ]

[ 2016-07-27T15:07:01+08:00 ] ::1 /group/Home/Detail/index/gid/7
INFO: [ app_init ] --START--
INFO: Run Behavior\BuildLiteBehavior [ RunTime:0.000000s ]
INFO: [ app_init ] --END-- [ RunTime:0.000000s ]
INFO: [ app_begin ] --START--
INFO: Run Behavior\ReadHtmlCacheBehavior [ RunTime:0.000000s ]
INFO: [ app_begin ] --END-- [ RunTime:0.000000s ]
SQL: SHOW COLUMNS FROM `gr_category` [ RunTime:0.0156s ]
SQL: SELECT `cid`,`cname` FROM `gr_category` WHERE `pid` = 0 AND `display` = 1 ORDER BY sort ASC  [ RunTime:0.0000s ]
SQL: SHOW COLUMNS FROM `gr_comment` [ RunTime:0.0000s ]
SQL: SELECT COUNT(*) AS tp_count FROM `gr_comment` WHERE `goods_id` = 7 LIMIT 1   [ RunTime:0.0000s ]
NOTIC: [8] Undefined variable: url C:\WWW\group\App\Classlib\Page.class.php 第 86 行.
SQL: SHOW COLUMNS FROM `gr_comment` [ RunTime:0.0000s ]
SQL: SELECT * FROM `gr_comment` INNER JOIN gr_user ON gr_comment.user_id = gr_user.uid  WHERE `goods_id` = 7 ORDER BY time ASC LIMIT 0,10   [ RunTime:0.0000s ]
SQL: SHOW COLUMNS FROM `gr_goods` [ RunTime:0.0156s ]
SQL: SHOW COLUMNS FROM `gr_category` [ RunTime:0.0000s ]
SQL: SHOW COLUMNS FROM `gr_shop` [ RunTime:0.0156s ]
SQL: SHOW COLUMNS FROM `gr_locality` [ RunTime:0.0000s ]
SQL: SHOW COLUMNS FROM `gr_goods_detail` [ RunTime:0.0156s ]
SQL: SELECT goods.gid AS gid,goods.cid AS cid,goods.lid AS lid,goods.main_title AS main_title,goods.sub_title AS sub_title,goods.price AS price,goods.old_price AS old_price,goods.buy AS buy,goods.goods_img AS goods_img,category.cid AS cid,category.cname AS cname,category.keywords AS keywords,category.title AS title,category.description AS description,category.sort AS sort,category.display AS display,category.pid AS pid,shop.shopid AS shopid,shop.shopname AS shopname,shop.shopaddress AS shopaddress,shop.metroaddress AS metroaddress,shop.shoptel AS shoptel,shop.shopcoord AS shopcoord,locality.lid AS lid,locality.lname AS lname,goods_detail.goods_id AS goods_id,goods_detail.goods_server AS goods_server,goods_detail.detail AS detail FROM gr_goods goods INNER JOIN gr_category category ON goods.cid = category.cid INNER JOIN gr_shop shop ON goods.shopid = shop.shopid INNER JOIN gr_locality locality ON goods.lid = locality.lid  JOIN gr_goods_detail goods_detail ON goods.gid = goods_detail.goods_id WHERE goods.gid = 7 LIMIT 1   [ RunTime:0.0000s ]
NOTIC: [8] Undefined index: end_time C:\WWW\group\App\Home\Controller\DetailController.class.php 第 53 行.
SQL: SELECT goods.cid AS cid,category.cid AS cid FROM gr_goods goods INNER JOIN gr_category category ON goods.cid = category.cid INNER JOIN gr_shop shop ON goods.shopid = shop.shopid INNER JOIN gr_locality locality ON goods.lid = locality.lid  JOIN gr_goods_detail goods_detail ON goods.gid = goods_detail.goods_id WHERE goods.gid = 7 LIMIT 1   [ RunTime:0.0000s ]
SQL: SELECT goods.gid AS gid,goods.cid AS cid,goods.lid AS lid,goods.main_title AS main_title,goods.sub_title AS sub_title,goods.price AS price,goods.old_price AS old_price,goods.buy AS buy,goods.goods_img AS goods_img,category.cid AS cid,category.cname AS cname,category.keywords AS keywords,category.title AS title,category.description AS description,category.sort AS sort,category.display AS display,category.pid AS pid,shop.shopid AS shopid,shop.shopname AS shopname,shop.shopaddress AS shopaddress,shop.metroaddress AS metroaddress,shop.shoptel AS shoptel,shop.shopcoord AS shopcoord,locality.lid AS lid,locality.lname AS lname,goods_detail.goods_id AS goods_id,goods_detail.goods_server AS goods_server,goods_detail.detail AS detail FROM gr_goods goods INNER JOIN gr_category category ON goods.cid = category.cid INNER JOIN gr_shop shop ON goods.shopid = shop.shopid INNER JOIN gr_locality locality ON goods.lid = locality.lid  JOIN gr_goods_detail goods_detail ON goods.gid = goods_detail.goods_id WHERE goods.cid = '18' ORDER BY goods.buy desc LIMIT 5   [ RunTime:0.0000s ]
INFO: [ view_parse ] --START--
INFO: [ template_filter ] --START--
INFO: Run Behavior\ContentReplaceBehavior [ RunTime:0.000000s ]
INFO: [ template_filter ] --END-- [ RunTime:0.000000s ]
NOTIC: [8] Use of undefined constant Member - assumed 'Member' C:\WWW\group\App\Runtime\Cache\Home\7f7445a42b50be6d66b1c759e6ea50e0.php 第 125 行.
NOTIC: [8] Use of undefined constant Home - assumed 'Home' C:\WWW\group\App\Runtime\Cache\Home\7f7445a42b50be6d66b1c759e6ea50e0.php 第 125 行.
NOTIC: [8] Use of undefined constant Member - assumed 'Member' C:\WWW\group\App\Runtime\Cache\Home\7f7445a42b50be6d66b1c759e6ea50e0.php 第 125 行.
NOTIC: [8] Use of undefined constant Member - assumed 'Member' C:\WWW\group\App\Runtime\Cache\Home\7f7445a42b50be6d66b1c759e6ea50e0.php 第 126 行.
NOTIC: [8] Use of undefined constant Member - assumed 'Member' C:\WWW\group\App\Runtime\Cache\Home\7f7445a42b50be6d66b1c759e6ea50e0.php 第 182 行.
NOTIC: [8] Use of undefined constant Member - assumed 'Member' C:\WWW\group\App\Runtime\Cache\Home\7f7445a42b50be6d66b1c759e6ea50e0.php 第 183 行.
INFO: Run Behavior\ParseTemplateBehavior [ RunTime:0.124800s ]
INFO: [ view_parse ] --END-- [ RunTime:0.124800s ]
INFO: [ view_filter ] --START--
INFO: Run Behavior\WriteHtmlCacheBehavior [ RunTime:0.000000s ]
INFO: [ view_filter ] --END-- [ RunTime:0.000000s ]
INFO: [ app_end ] --START--
INFO: Run Behavior\ShowPageTraceBehavior [ RunTime:0.000000s ]
INFO: [ app_end ] --END-- [ RunTime:0.000000s ]

[ 2016-07-27T15:07:02+08:00 ] ::1 /group/Home/Detail/index/gid/css/detail.css
INFO: [ app_init ] --START--
INFO: Run Behavior\BuildLiteBehavior [ RunTime:0.000000s ]
INFO: [ app_init ] --END-- [ RunTime:0.000000s ]
INFO: [ app_begin ] --START--
INFO: Run Behavior\ReadHtmlCacheBehavior [ RunTime:0.000000s ]
INFO: [ app_begin ] --END-- [ RunTime:0.000000s ]
SQL: SHOW COLUMNS FROM `gr_category` [ RunTime:0.0000s ]
SQL: SELECT `cid`,`cname` FROM `gr_category` WHERE `pid` = 0 AND `display` = 1 ORDER BY sort ASC  [ RunTime:0.0000s ]
SQL: SHOW COLUMNS FROM `gr_comment` [ RunTime:0.0156s ]
SQL: SELECT COUNT(*) AS tp_count FROM `gr_comment` WHERE `goods_id` = 0 LIMIT 1   [ RunTime:0.0000s ]
NOTIC: [8] Undefined variable: url C:\WWW\group\App\Classlib\Page.class.php 第 86 行.
SQL: SHOW COLUMNS FROM `gr_comment` [ RunTime:0.0156s ]
SQL: SELECT * FROM `gr_comment` INNER JOIN gr_user ON gr_comment.user_id = gr_user.uid  WHERE `goods_id` = 0 ORDER BY time ASC LIMIT 0,10   [ RunTime:0.0000s ]
SQL: SHOW COLUMNS FROM `gr_goods` [ RunTime:0.0000s ]
SQL: SHOW COLUMNS FROM `gr_category` [ RunTime:0.0156s ]
SQL: SHOW COLUMNS FROM `gr_shop` [ RunTime:0.0000s ]
SQL: SHOW COLUMNS FROM `gr_locality` [ RunTime:0.0000s ]
SQL: SHOW COLUMNS FROM `gr_goods_detail` [ RunTime:0.0156s ]
SQL: SELECT goods.gid AS gid,goods.cid AS cid,goods.lid AS lid,goods.main_title AS main_title,goods.sub_title AS sub_title,goods.price AS price,goods.old_price AS old_price,goods.buy AS buy,goods.goods_img AS goods_img,category.cid AS cid,category.cname AS cname,category.keywords AS keywords,category.title AS title,category.description AS description,category.sort AS sort,category.display AS display,category.pid AS pid,shop.shopid AS shopid,shop.shopname AS shopname,shop.shopaddress AS shopaddress,shop.metroaddress AS metroaddress,shop.shoptel AS shoptel,shop.shopcoord AS shopcoord,locality.lid AS lid,locality.lname AS lname,goods_detail.goods_id AS goods_id,goods_detail.goods_server AS goods_server,goods_detail.detail AS detail FROM gr_goods goods INNER JOIN gr_category category ON goods.cid = category.cid INNER JOIN gr_shop shop ON goods.shopid = shop.shopid INNER JOIN gr_locality locality ON goods.lid = locality.lid  JOIN gr_goods_detail goods_detail ON goods.gid = goods_detail.goods_id WHERE goods.gid = 0 LIMIT 1   [ RunTime:0.0000s ]
NOTIC: [8] Undefined index: goods_img C:\WWW\group\App\Home\Controller\DetailController.class.php 第 52 行.
NOTIC: [8] Undefined index: end_time C:\WWW\group\App\Home\Controller\DetailController.class.php 第 53 行.
NOTIC: [8] Undefined index: goods_server C:\WWW\group\App\Home\Controller\DetailController.class.php 第 58 行.
NOTIC: [2] array_slice() expects parameter 1 to be array, boolean given C:\WWW\group\App\Home\Controller\DetailController.class.php 第 58 行.
NOTIC: [8] Undefined index:  C:\WWW\group\App\Home\Controller\DetailController.class.php 第 61 行.
NOTIC: [8] Undefined index:  C:\WWW\group\App\Home\Controller\DetailController.class.php 第 62 行.
SQL: SELECT goods.cid AS cid,category.cid AS cid FROM gr_goods goods INNER JOIN gr_category category ON goods.cid = category.cid INNER JOIN gr_shop shop ON goods.shopid = shop.shopid INNER JOIN gr_locality locality ON goods.lid = locality.lid  JOIN gr_goods_detail goods_detail ON goods.gid = goods_detail.goods_id WHERE goods.gid = 0 LIMIT 1   [ RunTime:0.0000s ]
SQL: SELECT goods.gid AS gid,goods.cid AS cid,goods.lid AS lid,goods.main_title AS main_title,goods.sub_title AS sub_title,goods.price AS price,goods.old_price AS old_price,goods.buy AS buy,goods.goods_img AS goods_img,category.cid AS cid,category.cname AS cname,category.keywords AS keywords,category.title AS title,category.description AS description,category.sort AS sort,category.display AS display,category.pid AS pid,shop.shopid AS shopid,shop.shopname AS shopname,shop.shopaddress AS shopaddress,shop.metroaddress AS metroaddress,shop.shoptel AS shoptel,shop.shopcoord AS shopcoord,locality.lid AS lid,locality.lname AS lname,goods_detail.goods_id AS goods_id,goods_detail.goods_server AS goods_server,goods_detail.detail AS detail FROM gr_goods goods INNER JOIN gr_category category ON goods.cid = category.cid INNER JOIN gr_shop shop ON goods.shopid = shop.shopid INNER JOIN gr_locality locality ON goods.lid = locality.lid  JOIN gr_goods_detail goods_detail ON goods.gid = goods_detail.goods_id WHERE goods.cid = null ORDER BY goods.buy desc LIMIT 5   [ RunTime:0.0000s ]
INFO: [ view_parse ] --START--
INFO: [ template_filter ] --START--
INFO: Run Behavior\ContentReplaceBehavior [ RunTime:0.015600s ]
INFO: [ template_filter ] --END-- [ RunTime:0.015600s ]
NOTIC: [8] Use of undefined constant Member - assumed 'Member' C:\WWW\group\App\Runtime\Cache\Home\7f7445a42b50be6d66b1c759e6ea50e0.php 第 125 行.
NOTIC: [8] Use of undefined constant Home - assumed 'Home' C:\WWW\group\App\Runtime\Cache\Home\7f7445a42b50be6d66b1c759e6ea50e0.php 第 125 行.
NOTIC: [8] Use of undefined constant Member - assumed 'Member' C:\WWW\group\App\Runtime\Cache\Home\7f7445a42b50be6d66b1c759e6ea50e0.php 第 125 行.
NOTIC: [8] Use of undefined constant Member - assumed 'Member' C:\WWW\group\App\Runtime\Cache\Home\7f7445a42b50be6d66b1c759e6ea50e0.php 第 126 行.
NOTIC: [8] Undefined index: lid C:\WWW\group\App\Runtime\Cache\Home\7f7445a42b50be6d66b1c759e6ea50e0.php 第 168 行.
NOTIC: [8] Undefined index: lname C:\WWW\group\App\Runtime\Cache\Home\7f7445a42b50be6d66b1c759e6ea50e0.php 第 168 行.
NOTIC: [8] Undefined index: cid C:\WWW\group\App\Runtime\Cache\Home\7f7445a42b50be6d66b1c759e6ea50e0.php 第 168 行.
NOTIC: [8] Undefined index: cname C:\WWW\group\App\Runtime\Cache\Home\7f7445a42b50be6d66b1c759e6ea50e0.php 第 168 行.
NOTIC: [8] Undefined index: shopname C:\WWW\group\App\Runtime\Cache\Home\7f7445a42b50be6d66b1c759e6ea50e0.php 第 168 行.
NOTIC: [8] Undefined index: main_title C:\WWW\group\App\Runtime\Cache\Home\7f7445a42b50be6d66b1c759e6ea50e0.php 第 173 行.
NOTIC: [8] Undefined index: sub_title C:\WWW\group\App\Runtime\Cache\Home\7f7445a42b50be6d66b1c759e6ea50e0.php 第 174 行.
NOTIC: [8] Undefined index: price C:\WWW\group\App\Runtime\Cache\Home\7f7445a42b50be6d66b1c759e6ea50e0.php 第 179 行.
NOTIC: [8] Undefined index: old_price C:\WWW\group\App\Runtime\Cache\Home\7f7445a42b50be6d66b1c759e6ea50e0.php 第 180 行.
NOTIC: [8] Use of undefined constant Member - assumed 'Member' C:\WWW\group\App\Runtime\Cache\Home\7f7445a42b50be6d66b1c759e6ea50e0.php 第 182 行.
NOTIC: [8] Undefined index: gid C:\WWW\group\App\Runtime\Cache\Home\7f7445a42b50be6d66b1c759e6ea50e0.php 第 182 行.
NOTIC: [8] Use of undefined constant Member - assumed 'Member' C:\WWW\group\App\Runtime\Cache\Home\7f7445a42b50be6d66b1c759e6ea50e0.php 第 183 行.
NOTIC: [8] Undefined index: gid C:\WWW\group\App\Runtime\Cache\Home\7f7445a42b50be6d66b1c759e6ea50e0.php 第 183 行.
NOTIC: [8] Undefined index: buy C:\WWW\group\App\Runtime\Cache\Home\7f7445a42b50be6d66b1c759e6ea50e0.php 第 185 行.
NOTIC: [8] Undefined index: gid C:\WWW\group\App\Runtime\Cache\Home\7f7445a42b50be6d66b1c759e6ea50e0.php 第 197 行.
NOTIC: [8] Undefined index: shopname C:\WWW\group\App\Runtime\Cache\Home\7f7445a42b50be6d66b1c759e6ea50e0.php 第 212 行.
NOTIC: [8] Undefined index: shopaddress C:\WWW\group\App\Runtime\Cache\Home\7f7445a42b50be6d66b1c759e6ea50e0.php 第 215 行.
NOTIC: [8] Undefined index: metroaddress C:\WWW\group\App\Runtime\Cache\Home\7f7445a42b50be6d66b1c759e6ea50e0.php 第 219 行.
NOTIC: [8] Undefined index: shoptel C:\WWW\group\App\Runtime\Cache\Home\7f7445a42b50be6d66b1c759e6ea50e0.php 第 223 行.
NOTIC: [8] Undefined index: detail C:\WWW\group\App\Runtime\Cache\Home\7f7445a42b50be6d66b1c759e6ea50e0.php 第 228 行.
NOTIC: [8] Undefined index: gid C:\WWW\group\App\Runtime\Cache\Home\7f7445a42b50be6d66b1c759e6ea50e0.php 第 249 行.
NOTIC: [8] Undefined index: shopcoord C:\WWW\group\App\Runtime\Cache\Home\7f7445a42b50be6d66b1c759e6ea50e0.php 第 278 行.
INFO: Run Behavior\ParseTemplateBehavior [ RunTime:0.156000s ]
INFO: [ view_parse ] --END-- [ RunTime:0.156000s ]
INFO: [ view_filter ] --START--
INFO: Run Behavior\WriteHtmlCacheBehavior [ RunTime:0.000000s ]
INFO: [ view_filter ] --END-- [ RunTime:0.000000s ]
INFO: [ app_end ] --START--
INFO: Run Behavior\ShowPageTraceBehavior [ RunTime:0.000000s ]
INFO: [ app_end ] --END-- [ RunTime:0.000000s ]

[ 2016-07-27T15:10:31+08:00 ] ::1 /group/
INFO: [ app_init ] --START--
INFO: Run Behavior\BuildLiteBehavior [ RunTime:0.000000s ]
INFO: [ app_init ] --END-- [ RunTime:0.001001s ]
INFO: [ app_begin ] --START--
INFO: Run Behavior\ReadHtmlCacheBehavior [ RunTime:0.001000s ]
INFO: [ app_begin ] --END-- [ RunTime:0.001000s ]
SQL: SHOW COLUMNS FROM `gr_category` [ RunTime:0.0100s ]
SQL: SELECT `cid`,`cname` FROM `gr_category` WHERE `pid` = 0 AND `display` = 1 ORDER BY sort ASC  [ RunTime:0.0010s ]
NOTIC: [8] Undefined index: uid C:\WWW\group\App\Home\Controller\CommonController.class.php 第 25 行.
SQL: SELECT `pid` FROM `gr_category` WHERE `cid` = 0 LIMIT 1   [ RunTime:0.0010s ]
SQL: SELECT `cid`,`cname` FROM `gr_category` WHERE `pid` = 0 AND `display` = 1 ORDER BY sort ASC  [ RunTime:0.0010s ]
SQL: SELECT `cid`,`cname` FROM `gr_category` WHERE `pid` = 0 AND `display` = 1 ORDER BY sort ASC  [ RunTime:0.0030s ]
SQL: SHOW COLUMNS FROM `gr_locality` [ RunTime:0.0090s ]
SQL: SELECT `pid` FROM `gr_locality` WHERE `lid` = 0 LIMIT 1   [ RunTime:0.0040s ]
SQL: SELECT `lid`,`lname` FROM `gr_locality` WHERE `pid` = 0 AND `display` = 1 ORDER BY sort ASC  [ RunTime:0.0000s ]
SQL: SELECT `lid`,`lname` FROM `gr_locality` WHERE `pid` = 0 AND `display` = 1 ORDER BY sort ASC  [ RunTime:0.0000s ]
SQL: SELECT `pid` FROM `gr_category` WHERE `cid` = 0 LIMIT 1   [ RunTime:0.0000s ]
NOTIC: [8] Undefined index:  C:\WWW\group\App\Home\Controller\IndexController.class.php 第 278 行.
NOTIC: [2] Invalid argument supplied for foreach() C:\WWW\group\App\Home\Controller\IndexController.class.php 第 286 行.
SQL: SELECT `cid` FROM `gr_category` WHERE `pid` = 0  [ RunTime:0.0000s ]
NOTIC: [8] Undefined index: cid C:\WWW\group\App\Home\Controller\IndexController.class.php 第 95 行.
SQL: SELECT `lid` FROM `gr_locality` WHERE `pid` = 0  [ RunTime:0.0010s ]
NOTIC: [8] Undefined index: lid C:\WWW\group\App\Home\Controller\IndexController.class.php 第 109 行.
SQL: SHOW COLUMNS FROM `gr_goods` [ RunTime:0.0110s ]
SQL: SHOW COLUMNS FROM `gr_category` [ RunTime:0.0100s ]
SQL: SHOW COLUMNS FROM `gr_shop` [ RunTime:0.0090s ]
SQL: SHOW COLUMNS FROM `gr_locality` [ RunTime:0.0100s ]
SQL: SELECT goods.cid AS cid,category.cid AS cid,category.cname AS cname FROM gr_goods goods INNER JOIN gr_category category ON goods.cid = category.cid INNER JOIN gr_shop shop ON goods.shopid = shop.shopid INNER JOIN gr_locality locality ON goods.lid = locality.lid ORDER BY goods.buy desc LIMIT 7   [ RunTime:0.0020s ]
SQL: SELECT goods.lid AS lid,goods.cid AS cid,category.cid AS cid,category.pid AS pid,locality.lid AS lid FROM gr_goods goods INNER JOIN gr_category category ON goods.cid = category.cid INNER JOIN gr_shop shop ON goods.shopid = shop.shopid INNER JOIN gr_locality locality ON goods.lid = locality.lid  [ RunTime:0.0020s ]
SQL: SELECT COUNT(*) AS tp_count FROM gr_goods goods INNER JOIN gr_category category ON goods.cid = category.cid INNER JOIN gr_shop shop ON goods.shopid = shop.shopid INNER JOIN gr_locality locality ON goods.lid = locality.lid WHERE goods.price > 0 LIMIT 1   [ RunTime:0.0010s ]
SQL: SELECT COUNT(*) AS tp_count FROM `gr_category` WHERE `pid` = 0 LIMIT 1   [ RunTime:0.0000s ]
SQL: SELECT COUNT(*) AS tp_count FROM `gr_locality` WHERE `pid` = 0 LIMIT 1   [ RunTime:0.0000s ]
NOTIC: [8] Undefined index: cid C:\WWW\group\App\Home\Model\GoodsViewModel.class.php 第 154 行.
NOTIC: [8] Undefined index: lid C:\WWW\group\App\Home\Model\GoodsViewModel.class.php 第 155 行.
SQL: SELECT goods.gid AS gid,goods.cid AS cid,goods.lid AS lid,goods.price AS price,goods.old_price AS old_price,goods.main_title AS main_title,goods.sub_title AS sub_title,goods.buy AS buy,goods.goods_img AS goods_img,category.cid AS cid,shop.shopid AS shopid,locality.lid AS lid FROM gr_goods goods INNER JOIN gr_category category ON goods.cid = category.cid INNER JOIN gr_shop shop ON goods.shopid = shop.shopid INNER JOIN gr_locality locality ON goods.lid = locality.lid WHERE goods.price > 0 ORDER BY begin_time desc LIMIT 0,10   [ RunTime:0.0020s ]
SQL: SELECT goods.gid AS gid,goods.cid AS cid,goods.lid AS lid,goods.price AS price,goods.old_price AS old_price,goods.main_title AS main_title,goods.sub_title AS sub_title,goods.buy AS buy,goods.goods_img AS goods_img,category.cid AS cid,shop.shopid AS shopid,locality.lid AS lid FROM gr_goods goods INNER JOIN gr_category category ON goods.cid = category.cid INNER JOIN gr_shop shop ON goods.shopid = shop.shopid INNER JOIN gr_locality locality ON goods.lid = locality.lid ORDER BY begin_time desc LIMIT 0,10   [ RunTime:0.0020s ]
INFO: [ view_parse ] --START--
INFO: [ template_filter ] --START--
INFO: Run Behavior\ContentReplaceBehavior [ RunTime:0.006001s ]
INFO: [ template_filter ] --END-- [ RunTime:0.006001s ]
NOTIC: [8] Use of undefined constant Member - assumed 'Member' C:\WWW\group\App\Runtime\Cache\Home\00e52909bed743ea261af4b6823297ff.php 第 125 行.
NOTIC: [8] Use of undefined constant Home - assumed 'Home' C:\WWW\group\App\Runtime\Cache\Home\00e52909bed743ea261af4b6823297ff.php 第 125 行.
NOTIC: [8] Use of undefined constant Member - assumed 'Member' C:\WWW\group\App\Runtime\Cache\Home\00e52909bed743ea261af4b6823297ff.php 第 125 行.
NOTIC: [8] Use of undefined constant Member - assumed 'Member' C:\WWW\group\App\Runtime\Cache\Home\00e52909bed743ea261af4b6823297ff.php 第 126 行.
INFO: Run Behavior\ParseTemplateBehavior [ RunTime:0.221013s ]
INFO: [ view_parse ] --END-- [ RunTime:0.221013s ]
INFO: [ view_filter ] --START--
INFO: Run Behavior\WriteHtmlCacheBehavior [ RunTime:0.002000s ]
INFO: [ view_filter ] --END-- [ RunTime:0.002000s ]
INFO: [ app_end ] --START--
INFO: Run Behavior\ShowPageTraceBehavior [ RunTime:0.002000s ]
INFO: [ app_end ] --END-- [ RunTime:0.002000s ]

[ 2016-07-27T15:11:00+08:00 ] ::1 /group/Home/Index/index
INFO: [ app_init ] --START--
INFO: Run Behavior\BuildLiteBehavior [ RunTime:0.000000s ]
INFO: [ app_init ] --END-- [ RunTime:0.001000s ]
INFO: [ app_begin ] --START--
INFO: Run Behavior\ReadHtmlCacheBehavior [ RunTime:0.001000s ]
INFO: [ app_begin ] --END-- [ RunTime:0.001000s ]
SQL: SHOW COLUMNS FROM `gr_category` [ RunTime:0.0390s ]
SQL: SELECT `cid`,`cname` FROM `gr_category` WHERE `pid` = 0 AND `display` = 1 ORDER BY sort ASC  [ RunTime:0.0010s ]
SQL: SELECT `pid` FROM `gr_category` WHERE `cid` = 0 LIMIT 1   [ RunTime:0.0010s ]
SQL: SELECT `cid`,`cname` FROM `gr_category` WHERE `pid` = 0 AND `display` = 1 ORDER BY sort ASC  [ RunTime:0.0010s ]
SQL: SELECT `cid`,`cname` FROM `gr_category` WHERE `pid` = 0 AND `display` = 1 ORDER BY sort ASC  [ RunTime:0.0010s ]
SQL: SHOW COLUMNS FROM `gr_locality` [ RunTime:0.0070s ]
SQL: SELECT `pid` FROM `gr_locality` WHERE `lid` = 0 LIMIT 1   [ RunTime:0.0010s ]
SQL: SELECT `lid`,`lname` FROM `gr_locality` WHERE `pid` = 0 AND `display` = 1 ORDER BY sort ASC  [ RunTime:0.0000s ]
SQL: SELECT `lid`,`lname` FROM `gr_locality` WHERE `pid` = 0 AND `display` = 1 ORDER BY sort ASC  [ RunTime:0.0010s ]
SQL: SELECT `pid` FROM `gr_category` WHERE `cid` = 0 LIMIT 1   [ RunTime:0.0010s ]
NOTIC: [8] Undefined index:  C:\WWW\group\App\Home\Controller\IndexController.class.php 第 278 行.
NOTIC: [2] Invalid argument supplied for foreach() C:\WWW\group\App\Home\Controller\IndexController.class.php 第 286 行.
SQL: SELECT `cid` FROM `gr_category` WHERE `pid` = 0  [ RunTime:0.0000s ]
NOTIC: [8] Undefined index: cid C:\WWW\group\App\Home\Controller\IndexController.class.php 第 95 行.
SQL: SELECT `lid` FROM `gr_locality` WHERE `pid` = 0  [ RunTime:0.0010s ]
NOTIC: [8] Undefined index: lid C:\WWW\group\App\Home\Controller\IndexController.class.php 第 109 行.
SQL: SHOW COLUMNS FROM `gr_goods` [ RunTime:0.0100s ]
SQL: SHOW COLUMNS FROM `gr_category` [ RunTime:0.0100s ]
SQL: SHOW COLUMNS FROM `gr_shop` [ RunTime:0.0070s ]
SQL: SHOW COLUMNS FROM `gr_locality` [ RunTime:0.0060s ]
SQL: SELECT goods.cid AS cid,category.cid AS cid,category.cname AS cname FROM gr_goods goods INNER JOIN gr_category category ON goods.cid = category.cid INNER JOIN gr_shop shop ON goods.shopid = shop.shopid INNER JOIN gr_locality locality ON goods.lid = locality.lid ORDER BY goods.buy desc LIMIT 7   [ RunTime:0.0020s ]
SQL: SELECT goods.lid AS lid,goods.cid AS cid,category.cid AS cid,category.pid AS pid,locality.lid AS lid FROM gr_goods goods INNER JOIN gr_category category ON goods.cid = category.cid INNER JOIN gr_shop shop ON goods.shopid = shop.shopid INNER JOIN gr_locality locality ON goods.lid = locality.lid  [ RunTime:0.0010s ]
SQL: SELECT COUNT(*) AS tp_count FROM gr_goods goods INNER JOIN gr_category category ON goods.cid = category.cid INNER JOIN gr_shop shop ON goods.shopid = shop.shopid INNER JOIN gr_locality locality ON goods.lid = locality.lid WHERE goods.price > 0 LIMIT 1   [ RunTime:0.0010s ]
SQL: SELECT COUNT(*) AS tp_count FROM `gr_category` WHERE `pid` = 0 LIMIT 1   [ RunTime:0.0000s ]
SQL: SELECT COUNT(*) AS tp_count FROM `gr_locality` WHERE `pid` = 0 LIMIT 1   [ RunTime:0.0000s ]
NOTIC: [8] Undefined index: cid C:\WWW\group\App\Home\Model\GoodsViewModel.class.php 第 154 行.
NOTIC: [8] Undefined index: lid C:\WWW\group\App\Home\Model\GoodsViewModel.class.php 第 155 行.
SQL: SELECT goods.gid AS gid,goods.cid AS cid,goods.lid AS lid,goods.price AS price,goods.old_price AS old_price,goods.main_title AS main_title,goods.sub_title AS sub_title,goods.buy AS buy,goods.goods_img AS goods_img,category.cid AS cid,shop.shopid AS shopid,locality.lid AS lid FROM gr_goods goods INNER JOIN gr_category category ON goods.cid = category.cid INNER JOIN gr_shop shop ON goods.shopid = shop.shopid INNER JOIN gr_locality locality ON goods.lid = locality.lid WHERE goods.price > 0 ORDER BY begin_time desc LIMIT 0,10   [ RunTime:0.0020s ]
SQL: SELECT goods.gid AS gid,goods.cid AS cid,goods.lid AS lid,goods.price AS price,goods.old_price AS old_price,goods.main_title AS main_title,goods.sub_title AS sub_title,goods.buy AS buy,goods.goods_img AS goods_img,category.cid AS cid,shop.shopid AS shopid,locality.lid AS lid FROM gr_goods goods INNER JOIN gr_category category ON goods.cid = category.cid INNER JOIN gr_shop shop ON goods.shopid = shop.shopid INNER JOIN gr_locality locality ON goods.lid = locality.lid ORDER BY begin_time desc LIMIT 0,10   [ RunTime:0.0020s ]
INFO: [ view_parse ] --START--
INFO: [ template_filter ] --START--
INFO: Run Behavior\ContentReplaceBehavior [ RunTime:0.009001s ]
INFO: [ template_filter ] --END-- [ RunTime:0.009001s ]
NOTIC: [8] Use of undefined constant Member - assumed 'Member' C:\WWW\group\App\Runtime\Cache\Home\00e52909bed743ea261af4b6823297ff.php 第 125 行.
NOTIC: [8] Use of undefined constant Home - assumed 'Home' C:\WWW\group\App\Runtime\Cache\Home\00e52909bed743ea261af4b6823297ff.php 第 125 行.
NOTIC: [8] Use of undefined constant Member - assumed 'Member' C:\WWW\group\App\Runtime\Cache\Home\00e52909bed743ea261af4b6823297ff.php 第 125 行.
NOTIC: [8] Use of undefined constant Member - assumed 'Member' C:\WWW\group\App\Runtime\Cache\Home\00e52909bed743ea261af4b6823297ff.php 第 126 行.
INFO: Run Behavior\ParseTemplateBehavior [ RunTime:0.241014s ]
INFO: [ view_parse ] --END-- [ RunTime:0.242014s ]
INFO: [ view_filter ] --START--
INFO: Run Behavior\WriteHtmlCacheBehavior [ RunTime:0.001000s ]
INFO: [ view_filter ] --END-- [ RunTime:0.001000s ]
INFO: [ app_end ] --START--
INFO: Run Behavior\ShowPageTraceBehavior [ RunTime:0.002000s ]
INFO: [ app_end ] --END-- [ RunTime:0.002000s ]

[ 2016-07-27T15:11:01+08:00 ] ::1 /group/Home/Index/css/index.css
INFO: [ app_init ] --START--
INFO: Run Behavior\BuildLiteBehavior [ RunTime:0.000000s ]
INFO: [ app_init ] --END-- [ RunTime:0.001000s ]
INFO: [ app_begin ] --START--
INFO: Run Behavior\ReadHtmlCacheBehavior [ RunTime:0.002000s ]
INFO: [ app_begin ] --END-- [ RunTime:0.002000s ]
SQL: SHOW COLUMNS FROM `gr_category` [ RunTime:0.1260s ]
SQL: SELECT `cid`,`cname` FROM `gr_category` WHERE `pid` = 0 AND `display` = 1 ORDER BY sort ASC  [ RunTime:0.0010s ]
ERR: 非法操作:css

[ 2016-07-27T15:11:32+08:00 ] ::1 /group/
INFO: [ app_init ] --START--
INFO: Run Behavior\BuildLiteBehavior [ RunTime:0.000000s ]
INFO: [ app_init ] --END-- [ RunTime:0.001000s ]
INFO: [ app_begin ] --START--
INFO: Run Behavior\ReadHtmlCacheBehavior [ RunTime:0.001000s ]
INFO: [ app_begin ] --END-- [ RunTime:0.001000s ]
SQL: SHOW COLUMNS FROM `gr_category` [ RunTime:0.0070s ]
SQL: SELECT `cid`,`cname` FROM `gr_category` WHERE `pid` = 0 AND `display` = 1 ORDER BY sort ASC  [ RunTime:0.0010s ]
SQL: SELECT `pid` FROM `gr_category` WHERE `cid` = 0 LIMIT 1   [ RunTime:0.0010s ]
SQL: SELECT `cid`,`cname` FROM `gr_category` WHERE `pid` = 0 AND `display` = 1 ORDER BY sort ASC  [ RunTime:0.0010s ]
SQL: SELECT `cid`,`cname` FROM `gr_category` WHERE `pid` = 0 AND `display` = 1 ORDER BY sort ASC  [ RunTime:0.0010s ]
SQL: SHOW COLUMNS FROM `gr_locality` [ RunTime:0.0070s ]
SQL: SELECT `pid` FROM `gr_locality` WHERE `lid` = 0 LIMIT 1   [ RunTime:0.0000s ]
SQL: SELECT `lid`,`lname` FROM `gr_locality` WHERE `pid` = 0 AND `display` = 1 ORDER BY sort ASC  [ RunTime:0.0000s ]
SQL: SELECT `lid`,`lname` FROM `gr_locality` WHERE `pid` = 0 AND `display` = 1 ORDER BY sort ASC  [ RunTime:0.0010s ]
SQL: SELECT `pid` FROM `gr_category` WHERE `cid` = 0 LIMIT 1   [ RunTime:0.0010s ]
NOTIC: [8] Undefined index:  C:\WWW\group\App\Home\Controller\IndexController.class.php 第 278 行.
NOTIC: [2] Invalid argument supplied for foreach() C:\WWW\group\App\Home\Controller\IndexController.class.php 第 286 行.
SQL: SELECT `cid` FROM `gr_category` WHERE `pid` = 0  [ RunTime:0.0010s ]
NOTIC: [8] Undefined index: cid C:\WWW\group\App\Home\Controller\IndexController.class.php 第 95 行.
SQL: SELECT `lid` FROM `gr_locality` WHERE `pid` = 0  [ RunTime:0.0010s ]
NOTIC: [8] Undefined index: lid C:\WWW\group\App\Home\Controller\IndexController.class.php 第 109 行.
SQL: SHOW COLUMNS FROM `gr_goods` [ RunTime:0.0060s ]
SQL: SHOW COLUMNS FROM `gr_category` [ RunTime:0.0060s ]
SQL: SHOW COLUMNS FROM `gr_shop` [ RunTime:0.0070s ]
SQL: SHOW COLUMNS FROM `gr_locality` [ RunTime:0.0060s ]
SQL: SELECT goods.cid AS cid,category.cid AS cid,category.cname AS cname FROM gr_goods goods INNER JOIN gr_category category ON goods.cid = category.cid INNER JOIN gr_shop shop ON goods.shopid = shop.shopid INNER JOIN gr_locality locality ON goods.lid = locality.lid ORDER BY goods.buy desc LIMIT 7   [ RunTime:0.0010s ]
SQL: SELECT goods.lid AS lid,goods.cid AS cid,category.cid AS cid,category.pid AS pid,locality.lid AS lid FROM gr_goods goods INNER JOIN gr_category category ON goods.cid = category.cid INNER JOIN gr_shop shop ON goods.shopid = shop.shopid INNER JOIN gr_locality locality ON goods.lid = locality.lid  [ RunTime:0.0010s ]
SQL: SELECT COUNT(*) AS tp_count FROM gr_goods goods INNER JOIN gr_category category ON goods.cid = category.cid INNER JOIN gr_shop shop ON goods.shopid = shop.shopid INNER JOIN gr_locality locality ON goods.lid = locality.lid WHERE goods.price > 0 LIMIT 1   [ RunTime:0.0010s ]
SQL: SELECT COUNT(*) AS tp_count FROM `gr_category` WHERE `pid` = 0 LIMIT 1   [ RunTime:0.0010s ]
SQL: SELECT COUNT(*) AS tp_count FROM `gr_locality` WHERE `pid` = 0 LIMIT 1   [ RunTime:0.0010s ]
NOTIC: [8] Undefined index: cid C:\WWW\group\App\Home\Model\GoodsViewModel.class.php 第 154 行.
NOTIC: [8] Undefined index: lid C:\WWW\group\App\Home\Model\GoodsViewModel.class.php 第 155 行.
SQL: SELECT goods.gid AS gid,goods.cid AS cid,goods.lid AS lid,goods.price AS price,goods.old_price AS old_price,goods.main_title AS main_title,goods.sub_title AS sub_title,goods.buy AS buy,goods.goods_img AS goods_img,category.cid AS cid,shop.shopid AS shopid,locality.lid AS lid FROM gr_goods goods INNER JOIN gr_category category ON goods.cid = category.cid INNER JOIN gr_shop shop ON goods.shopid = shop.shopid INNER JOIN gr_locality locality ON goods.lid = locality.lid WHERE goods.price > 0 ORDER BY begin_time desc LIMIT 0,10   [ RunTime:0.0020s ]
SQL: SELECT goods.gid AS gid,goods.cid AS cid,goods.lid AS lid,goods.price AS price,goods.old_price AS old_price,goods.main_title AS main_title,goods.sub_title AS sub_title,goods.buy AS buy,goods.goods_img AS goods_img,category.cid AS cid,shop.shopid AS shopid,locality.lid AS lid FROM gr_goods goods INNER JOIN gr_category category ON goods.cid = category.cid INNER JOIN gr_shop shop ON goods.shopid = shop.shopid INNER JOIN gr_locality locality ON goods.lid = locality.lid ORDER BY begin_time desc LIMIT 0,10   [ RunTime:0.0020s ]
INFO: [ view_parse ] --START--
INFO: [ template_filter ] --START--
INFO: Run Behavior\ContentReplaceBehavior [ RunTime:0.007000s ]
INFO: [ template_filter ] --END-- [ RunTime:0.007000s ]
NOTIC: [8] Use of undefined constant Member - assumed 'Member' C:\WWW\group\App\Runtime\Cache\Home\00e52909bed743ea261af4b6823297ff.php 第 125 行.
NOTIC: [8] Use of undefined constant Home - assumed 'Home' C:\WWW\group\App\Runtime\Cache\Home\00e52909bed743ea261af4b6823297ff.php 第 125 行.
NOTIC: [8] Use of undefined constant Member - assumed 'Member' C:\WWW\group\App\Runtime\Cache\Home\00e52909bed743ea261af4b6823297ff.php 第 125 行.
NOTIC: [8] Use of undefined constant Member - assumed 'Member' C:\WWW\group\App\Runtime\Cache\Home\00e52909bed743ea261af4b6823297ff.php 第 126 行.
INFO: Run Behavior\ParseTemplateBehavior [ RunTime:0.218012s ]
INFO: [ view_parse ] --END-- [ RunTime:0.218012s ]
INFO: [ view_filter ] --START--
INFO: Run Behavior\WriteHtmlCacheBehavior [ RunTime:0.001000s ]
INFO: [ view_filter ] --END-- [ RunTime:0.001000s ]
INFO: [ app_end ] --START--
INFO: Run Behavior\ShowPageTraceBehavior [ RunTime:0.002000s ]
INFO: [ app_end ] --END-- [ RunTime:0.002000s ]

