[ 2016-06-22T09:19:37+08:00 ] ::1 /group/index.php/admin
INFO: [ app_init ] --START--
INFO: Run Behavior\BuildLiteBehavior [ RunTime:0.000000s ]
INFO: [ app_init ] --END-- [ RunTime:0.035002s ]

[ 2016-06-22T09:19:37+08:00 ] ::1 /group/index.php/Admin/Login/index
INFO: [ app_init ] --START--
INFO: Run Behavior\BuildLiteBehavior [ RunTime:0.000000s ]
INFO: [ app_init ] --END-- [ RunTime:0.001000s ]

[ 2016-06-22T09:19:38+08:00 ] ::1 /group/index.php/Admin/Login/verify
INFO: [ app_init ] --START--
INFO: Run Behavior\BuildLiteBehavior [ RunTime:0.000000s ]
INFO: [ app_init ] --END-- [ RunTime:0.001000s ]

[ 2016-06-22T09:20:49+08:00 ] ::1 /group/index.php/Admin/Login/login
INFO: [ app_init ] --START--
INFO: Run Behavior\BuildLiteBehavior [ RunTime:0.000000s ]
INFO: [ app_init ] --END-- [ RunTime:0.001000s ]

[ 2016-06-22T09:20:49+08:00 ] ::1 /group/index.php/Admin
INFO: [ app_init ] --START--
INFO: Run Behavior\BuildLiteBehavior [ RunTime:0.000000s ]
INFO: [ app_init ] --END-- [ RunTime:0.001000s ]

[ 2016-06-22T09:22:02+08:00 ] ::1 /group/index.php/Admin
INFO: [ app_init ] --START--
INFO: Run Behavior\BuildLiteBehavior [ RunTime:0.000000s ]
INFO: [ app_init ] --END-- [ RunTime:0.002000s ]

[ 2016-06-22T09:22:06+08:00 ] ::1 /group/index.php/Admin/Goods/index
INFO: [ app_init ] --START--
INFO: Run Behavior\BuildLiteBehavior [ RunTime:0.000000s ]
INFO: [ app_init ] --END-- [ RunTime:0.000000s ]

[ 2016-06-22T09:22:08+08:00 ] ::1 /group/index.php/Admin/Goods/saveGoods/gid/14
INFO: [ app_init ] --START--
INFO: Run Behavior\BuildLiteBehavior [ RunTime:0.000000s ]
INFO: [ app_init ] --END-- [ RunTime:0.001000s ]

[ 2016-06-22T09:22:13+08:00 ] ::1 /group/index.php/Admin/Login/verify
INFO: [ app_init ] --START--
INFO: Run Behavior\BuildLiteBehavior [ RunTime:0.000000s ]
INFO: [ app_init ] --END-- [ RunTime:0.001000s ]

[ 2016-06-22T09:22:18+08:00 ] ::1 /group/index.php/Admin/Goods/index
INFO: [ app_init ] --START--
INFO: Run Behavior\BuildLiteBehavior [ RunTime:0.000000s ]
INFO: [ app_init ] --END-- [ RunTime:0.000000s ]

[ 2016-06-22T09:22:20+08:00 ] ::1 /group/index.php/Admin/Goods/saveGoods/gid/12
INFO: [ app_init ] --START--
INFO: Run Behavior\BuildLiteBehavior [ RunTime:0.000000s ]
INFO: [ app_init ] --END-- [ RunTime:0.001000s ]

[ 2016-06-22T09:22:33+08:00 ] ::1 /group/index.php/Admin/Goods/saveGoods
INFO: [ app_init ] --START--
INFO: Run Behavior\BuildLiteBehavior [ RunTime:0.000000s ]
INFO: [ app_init ] --END-- [ RunTime:0.001000s ]

[ 2016-06-22T10:07:13+08:00 ] ::1 /group/index.php/Admin/Goods/saveGoods
INFO: [ app_init ] --START--
INFO: Run Behavior\BuildLiteBehavior [ RunTime:0.000000s ]
INFO: [ app_init ] --END-- [ RunTime:0.001000s ]

[ 2016-06-22T10:08:10+08:00 ] ::1 /group/index.php/Admin/Goods/saveGoods
INFO: [ app_init ] --START--
INFO: Run Behavior\BuildLiteBehavior [ RunTime:0.000000s ]
INFO: [ app_init ] --END-- [ RunTime:0.000000s ]

[ 2016-06-22T12:31:18+08:00 ] ::1 /group/index.php/Admin
INFO: [ app_init ] --START--
INFO: Run Behavior\BuildLiteBehavior [ RunTime:0.000000s ]
INFO: [ app_init ] --END-- [ RunTime:0.009001s ]

[ 2016-06-22T12:31:19+08:00 ] ::1 /group/index.php/Admin/Goods/index
INFO: [ app_init ] --START--
INFO: Run Behavior\BuildLiteBehavior [ RunTime:0.000000s ]
INFO: [ app_init ] --END-- [ RunTime:0.001000s ]

[ 2016-06-22T12:31:22+08:00 ] ::1 /group/index.php/Admin/Goods/saveGoods/gid/12
INFO: [ app_init ] --START--
INFO: Run Behavior\BuildLiteBehavior [ RunTime:0.001000s ]
INFO: [ app_init ] --END-- [ RunTime:0.002000s ]

[ 2016-06-22T12:31:38+08:00 ] ::1 /group/index.php/Admin/Goods/saveGoods
INFO: [ app_init ] --START--
INFO: Run Behavior\BuildLiteBehavior [ RunTime:0.000000s ]
INFO: [ app_init ] --END-- [ RunTime:0.001000s ]
ERR: 1054:Unknown column 'goods.gid' in 'where clause'
 [ SQL语句 ] : UPDATE `gr_goods` SET `cid`='4',`lid`='7',`shopid`='1',`price`='536',`old_price`='32',`main_title`='sdefg1111111',`sub_title`='dsfgdsf',`goods_img`='2016-06-22/576a14aac71f0.gif' WHERE goods.gid = 12

[ 2016-06-22T12:37:36+08:00 ] ::1 /group/index.php/Admin
INFO: [ app_init ] --START--
INFO: Run Behavior\BuildLiteBehavior [ RunTime:0.000000s ]
INFO: [ app_init ] --END-- [ RunTime:0.001001s ]

[ 2016-06-22T12:37:38+08:00 ] ::1 /group/index.php/Admin/Goods/index
INFO: [ app_init ] --START--
INFO: Run Behavior\BuildLiteBehavior [ RunTime:0.000000s ]
INFO: [ app_init ] --END-- [ RunTime:0.001000s ]

[ 2016-06-22T12:37:42+08:00 ] ::1 /group/index.php/Admin/Goods/saveGoods/gid/12
INFO: [ app_init ] --START--
INFO: Run Behavior\BuildLiteBehavior [ RunTime:0.000000s ]
INFO: [ app_init ] --END-- [ RunTime:0.006000s ]
ERR: Think\Controller:setShops方法不存在！

[ 2016-06-22T12:38:03+08:00 ] ::1 /group/index.php/Admin
INFO: [ app_init ] --START--
INFO: Run Behavior\BuildLiteBehavior [ RunTime:0.000000s ]
INFO: [ app_init ] --END-- [ RunTime:0.000000s ]

[ 2016-06-22T12:38:05+08:00 ] ::1 /group/index.php/Admin/Goods/index
INFO: [ app_init ] --START--
INFO: Run Behavior\BuildLiteBehavior [ RunTime:0.000000s ]
INFO: [ app_init ] --END-- [ RunTime:0.001000s ]

[ 2016-06-22T12:38:07+08:00 ] ::1 /group/index.php/Admin/Goods/saveGoods/gid/12
INFO: [ app_init ] --START--
INFO: Run Behavior\BuildLiteBehavior [ RunTime:0.000000s ]
INFO: [ app_init ] --END-- [ RunTime:0.002000s ]
ERR: Think\Model:getCategoryFind方法不存在！

[ 2016-06-22T12:39:21+08:00 ] ::1 /group/index.php/Admin
INFO: [ app_init ] --START--
INFO: Run Behavior\BuildLiteBehavior [ RunTime:0.000000s ]
INFO: [ app_init ] --END-- [ RunTime:0.001000s ]

[ 2016-06-22T12:39:23+08:00 ] ::1 /group/index.php/Admin/Goods/index
INFO: [ app_init ] --START--
INFO: Run Behavior\BuildLiteBehavior [ RunTime:0.000000s ]
INFO: [ app_init ] --END-- [ RunTime:0.001000s ]

[ 2016-06-22T12:39:24+08:00 ] ::1 /group/index.php/Admin/Goods/saveGoods/gid/12
INFO: [ app_init ] --START--
INFO: Run Behavior\BuildLiteBehavior [ RunTime:0.000000s ]
INFO: [ app_init ] --END-- [ RunTime:0.001000s ]
ERR: 1146:Table 'group.gr_area' doesn't exist
 [ SQL语句 ] : SHOW COLUMNS FROM `gr_area`

[ 2016-06-22T12:39:54+08:00 ] ::1 /group/index.php/Admin
INFO: [ app_init ] --START--
INFO: Run Behavior\BuildLiteBehavior [ RunTime:0.000000s ]
INFO: [ app_init ] --END-- [ RunTime:0.000000s ]

[ 2016-06-22T12:39:55+08:00 ] ::1 /group/index.php/Admin/Goods/index
INFO: [ app_init ] --START--
INFO: Run Behavior\BuildLiteBehavior [ RunTime:0.000000s ]
INFO: [ app_init ] --END-- [ RunTime:0.001001s ]

[ 2016-06-22T12:39:56+08:00 ] ::1 /group/index.php/Admin/Goods/saveGoods/gid/12
INFO: [ app_init ] --START--
INFO: Run Behavior\BuildLiteBehavior [ RunTime:0.000000s ]
INFO: [ app_init ] --END-- [ RunTime:0.001000s ]
ERR: Think\Model:getAreaFind方法不存在！

[ 2016-06-22T12:40:15+08:00 ] ::1 /group/index.php/Admin
INFO: [ app_init ] --START--
INFO: Run Behavior\BuildLiteBehavior [ RunTime:0.000000s ]
INFO: [ app_init ] --END-- [ RunTime:0.001000s ]

[ 2016-06-22T12:40:18+08:00 ] ::1 /group/index.php/Admin/Goods/index
INFO: [ app_init ] --START--
INFO: Run Behavior\BuildLiteBehavior [ RunTime:0.000000s ]
INFO: [ app_init ] --END-- [ RunTime:0.001000s ]

[ 2016-06-22T12:40:20+08:00 ] ::1 /group/index.php/Admin/Goods/saveGoods/gid/12
INFO: [ app_init ] --START--
INFO: Run Behavior\BuildLiteBehavior [ RunTime:0.000000s ]
INFO: [ app_init ] --END-- [ RunTime:0.001000s ]

[ 2016-06-22T12:40:38+08:00 ] ::1 /group/index.php/Admin/Goods/saveGoods
INFO: [ app_init ] --START--
INFO: Run Behavior\BuildLiteBehavior [ RunTime:0.000000s ]
INFO: [ app_init ] --END-- [ RunTime:0.001000s ]
ERR: 1054:Unknown column 'goods.gid' in 'where clause'
 [ SQL语句 ] : UPDATE `gr_goods` SET `cid`='4',`lid`='7',`shopid`='1',`price`='56',`old_price`='32',`main_title`='sdefg11',`sub_title`='dsfgdsf',`goods_img`='2016-06-22/576a16c66dfa1.jpg' WHERE goods.gid = 12

[ 2016-06-22T12:50:18+08:00 ] ::1 /group/index.php/Admin
INFO: [ app_init ] --START--
INFO: Run Behavior\BuildLiteBehavior [ RunTime:0.000000s ]
INFO: [ app_init ] --END-- [ RunTime:0.001000s ]

[ 2016-06-22T12:50:19+08:00 ] ::1 /group/index.php/Admin/Goods/index
INFO: [ app_init ] --START--
INFO: Run Behavior\BuildLiteBehavior [ RunTime:0.000000s ]
INFO: [ app_init ] --END-- [ RunTime:0.001000s ]

[ 2016-06-22T12:50:21+08:00 ] ::1 /group/index.php/Admin/Goods/saveGoods/gid/12
INFO: [ app_init ] --START--
INFO: Run Behavior\BuildLiteBehavior [ RunTime:0.000000s ]
INFO: [ app_init ] --END-- [ RunTime:0.000000s ]

[ 2016-06-22T12:50:33+08:00 ] ::1 /group/index.php/Admin/Goods/saveGoods
INFO: [ app_init ] --START--
INFO: Run Behavior\BuildLiteBehavior [ RunTime:0.000000s ]
INFO: [ app_init ] --END-- [ RunTime:0.001000s ]
ERR: 1054:Unknown column 'goods.gid' in 'where clause'
 [ SQL语句 ] : UPDATE `gr_goods` SET `cid`='4',`lid`='7',`shopid`='1',`price`='56',`old_price`='32',`main_title`='sdefg111',`sub_title`='dsfgdsf',`goods_img`='2016-06-22/576a1919341ec.png' WHERE goods.gid = 12

[ 2016-06-22T12:50:43+08:00 ] ::1 /group/index.php/Admin
INFO: [ app_init ] --START--
INFO: Run Behavior\BuildLiteBehavior [ RunTime:0.000000s ]
INFO: [ app_init ] --END-- [ RunTime:0.001000s ]

[ 2016-06-22T12:50:46+08:00 ] ::1 /group/index.php/Admin/Goods/index
INFO: [ app_init ] --START--
INFO: Run Behavior\BuildLiteBehavior [ RunTime:0.000000s ]
INFO: [ app_init ] --END-- [ RunTime:0.001000s ]

[ 2016-06-22T12:50:47+08:00 ] ::1 /group/index.php/Admin/Goods/saveGoods/gid/12
INFO: [ app_init ] --START--
INFO: Run Behavior\BuildLiteBehavior [ RunTime:0.000000s ]
INFO: [ app_init ] --END-- [ RunTime:0.001000s ]

[ 2016-06-22T12:50:57+08:00 ] ::1 /group/index.php/Admin/Goods/saveGoods
INFO: [ app_init ] --START--
INFO: Run Behavior\BuildLiteBehavior [ RunTime:0.000000s ]
INFO: [ app_init ] --END-- [ RunTime:0.001000s ]
ERR: 1054:Unknown column 'goods.gid' in 'where clause'
 [ SQL语句 ] : UPDATE `gr_goods` SET `cid`='4',`lid`='7',`shopid`='1',`price`='56',`old_price`='32',`main_title`='sdefg111',`sub_title`='dsfgdsf',`goods_img`='2016-06-22/576a19314ca06.gif' WHERE goods.gid = 12

[ 2016-06-22T12:56:55+08:00 ] ::1 /group/index.php/Admin
INFO: [ app_init ] --START--
INFO: Run Behavior\BuildLiteBehavior [ RunTime:0.000000s ]
INFO: [ app_init ] --END-- [ RunTime:0.002000s ]

[ 2016-06-22T12:56:57+08:00 ] ::1 /group/index.php/Admin/Goods/index
INFO: [ app_init ] --START--
INFO: Run Behavior\BuildLiteBehavior [ RunTime:0.000000s ]
INFO: [ app_init ] --END-- [ RunTime:0.002000s ]

[ 2016-06-22T12:56:59+08:00 ] ::1 /group/index.php/Admin/Goods/saveGoods/gid/12
INFO: [ app_init ] --START--
INFO: Run Behavior\BuildLiteBehavior [ RunTime:0.000000s ]
INFO: [ app_init ] --END-- [ RunTime:0.001000s ]

[ 2016-06-22T12:57:14+08:00 ] ::1 /group/index.php/Admin/Goods/saveGoods
INFO: [ app_init ] --START--
INFO: Run Behavior\BuildLiteBehavior [ RunTime:0.000000s ]
INFO: [ app_init ] --END-- [ RunTime:0.001000s ]
ERR: 1054:Unknown column 'goods.gid' in 'where clause'
 [ SQL语句 ] : UPDATE `gr_goods` SET `cid`='4',`lid`='7',`shopid`='1',`price`='526',`old_price`='32',`main_title`='sdefg111',`sub_title`='dsfgdsf',`goods_img`='2016-06-22/576a1aaa5a315.gif' WHERE goods.gid = 12

[ 2016-06-22T13:26:20+08:00 ] ::1 /group/index.php/Admin
INFO: [ app_init ] --START--
INFO: Run Behavior\BuildLiteBehavior [ RunTime:0.000000s ]
INFO: [ app_init ] --END-- [ RunTime:0.001000s ]

[ 2016-06-22T13:26:22+08:00 ] ::1 /group/index.php/Admin/Goods/index
INFO: [ app_init ] --START--
INFO: Run Behavior\BuildLiteBehavior [ RunTime:0.000000s ]
INFO: [ app_init ] --END-- [ RunTime:0.001000s ]

[ 2016-06-22T13:26:24+08:00 ] ::1 /group/index.php/Admin/Goods/saveGoods/gid/12
INFO: [ app_init ] --START--
INFO: Run Behavior\BuildLiteBehavior [ RunTime:0.000000s ]
INFO: [ app_init ] --END-- [ RunTime:0.000000s ]

[ 2016-06-22T13:26:36+08:00 ] ::1 /group/index.php/Admin/Goods/saveGoods
INFO: [ app_init ] --START--
INFO: Run Behavior\BuildLiteBehavior [ RunTime:0.000000s ]
INFO: [ app_init ] --END-- [ RunTime:0.001000s ]
ERR: 1146:Table 'group.goods' doesn't exist
 [ SQL语句 ] : SHOW COLUMNS FROM `goods`

[ 2016-06-22T13:27:18+08:00 ] ::1 /group/index.php/Admin
INFO: [ app_init ] --START--
INFO: Run Behavior\BuildLiteBehavior [ RunTime:0.000000s ]
INFO: [ app_init ] --END-- [ RunTime:0.001000s ]

[ 2016-06-22T13:27:20+08:00 ] ::1 /group/index.php/Admin/Goods/index
INFO: [ app_init ] --START--
INFO: Run Behavior\BuildLiteBehavior [ RunTime:0.000000s ]
INFO: [ app_init ] --END-- [ RunTime:0.001000s ]

[ 2016-06-22T13:27:22+08:00 ] ::1 /group/index.php/Admin/Goods/saveGoods/gid/12
INFO: [ app_init ] --START--
INFO: Run Behavior\BuildLiteBehavior [ RunTime:0.000000s ]
INFO: [ app_init ] --END-- [ RunTime:0.001000s ]

[ 2016-06-22T13:27:36+08:00 ] ::1 /group/index.php/Admin/Goods/saveGoods
INFO: [ app_init ] --START--
INFO: Run Behavior\BuildLiteBehavior [ RunTime:0.000000s ]
INFO: [ app_init ] --END-- [ RunTime:0.001000s ]
ERR: 1052:Column 'cid' in field list is ambiguous
 [ SQL语句 ] : UPDATE gr_goods goods INNER JOIN gr_category category ON goods.cid = category.cid INNER JOIN gr_shop shop ON goods.shopid = shop.shopid INNER JOIN gr_locality locality ON goods.lid = locality.lid  JOIN gr_goods_detail goods_detail ON goods.gid = goods_detail.goods_id SET `cid`='4',`lid`='7',`shopid`='1',`price`='536',`old_price`='32',`main_title`='sdefg11',`sub_title`='dsfgdsf',`goods_img`='2016-06-22/576a21c8a0129.gif' WHERE goods.gid = 12

[ 2016-06-22T13:28:37+08:00 ] ::1 /group/index.php/Admin
INFO: [ app_init ] --START--
INFO: Run Behavior\BuildLiteBehavior [ RunTime:0.000000s ]
INFO: [ app_init ] --END-- [ RunTime:0.001000s ]

[ 2016-06-22T13:28:40+08:00 ] ::1 /group/index.php/Admin/Shop/index
INFO: [ app_init ] --START--
INFO: Run Behavior\BuildLiteBehavior [ RunTime:0.000000s ]
INFO: [ app_init ] --END-- [ RunTime:0.000000s ]

[ 2016-06-22T13:28:41+08:00 ] ::1 /group/index.php/Admin/Goods/index
INFO: [ app_init ] --START--
INFO: Run Behavior\BuildLiteBehavior [ RunTime:0.000000s ]
INFO: [ app_init ] --END-- [ RunTime:0.001001s ]

[ 2016-06-22T13:28:43+08:00 ] ::1 /group/index.php/Admin/Goods/saveGoods/gid/12
INFO: [ app_init ] --START--
INFO: Run Behavior\BuildLiteBehavior [ RunTime:0.000000s ]
INFO: [ app_init ] --END-- [ RunTime:0.001000s ]

[ 2016-06-22T13:28:54+08:00 ] ::1 /group/index.php/Admin/Goods/saveGoods
INFO: [ app_init ] --START--
INFO: Run Behavior\BuildLiteBehavior [ RunTime:0.000000s ]
INFO: [ app_init ] --END-- [ RunTime:0.001000s ]
ERR: 1146:Table 'group.goods' doesn't exist
 [ SQL语句 ] : SHOW COLUMNS FROM `goods`

[ 2016-06-22T13:29:43+08:00 ] ::1 /group/index.php/Admin
INFO: [ app_init ] --START--
INFO: Run Behavior\BuildLiteBehavior [ RunTime:0.000000s ]
INFO: [ app_init ] --END-- [ RunTime:0.002000s ]

[ 2016-06-22T13:29:49+08:00 ] ::1 /group/index.php/Admin/Goods/index
INFO: [ app_init ] --START--
INFO: Run Behavior\BuildLiteBehavior [ RunTime:0.000000s ]
INFO: [ app_init ] --END-- [ RunTime:0.001000s ]

[ 2016-06-22T13:29:51+08:00 ] ::1 /group/index.php/Admin/Goods/saveGoods/gid/12
INFO: [ app_init ] --START--
INFO: Run Behavior\BuildLiteBehavior [ RunTime:0.000000s ]
INFO: [ app_init ] --END-- [ RunTime:0.000000s ]

[ 2016-06-22T13:30:03+08:00 ] ::1 /group/index.php/Admin/Goods/saveGoods
INFO: [ app_init ] --START--
INFO: Run Behavior\BuildLiteBehavior [ RunTime:0.000000s ]
INFO: [ app_init ] --END-- [ RunTime:0.001001s ]
ERR: 1054:Unknown column 'goods.gid' in 'where clause'
 [ SQL语句 ] : UPDATE `gr_goods` SET `cid`='4',`lid`='7',`shopid`='1',`price`='536',`old_price`='32',`main_title`='sdefg111',`sub_title`='dsfgdsf',`goods_img`='2016-06-22/576a225bba0d7.gif' WHERE goods.gid = 12

[ 2016-06-22T13:49:11+08:00 ] ::1 /group/index.php/Admin
INFO: [ app_init ] --START--
INFO: Run Behavior\BuildLiteBehavior [ RunTime:0.000000s ]
INFO: [ app_init ] --END-- [ RunTime:0.003000s ]

[ 2016-06-22T13:49:13+08:00 ] ::1 /group/index.php/Admin/Goods/index
INFO: [ app_init ] --START--
INFO: Run Behavior\BuildLiteBehavior [ RunTime:0.000000s ]
INFO: [ app_init ] --END-- [ RunTime:0.001000s ]

[ 2016-06-22T13:49:15+08:00 ] ::1 /group/index.php/Admin/Goods/saveGoods/gid/12
INFO: [ app_init ] --START--
INFO: Run Behavior\BuildLiteBehavior [ RunTime:0.000000s ]
INFO: [ app_init ] --END-- [ RunTime:0.011001s ]

[ 2016-06-22T13:49:30+08:00 ] ::1 /group/index.php/Admin/Goods/saveGoods/gid/12
INFO: [ app_init ] --START--
INFO: Run Behavior\BuildLiteBehavior [ RunTime:0.000000s ]
INFO: [ app_init ] --END-- [ RunTime:0.001000s ]
ERR: 1054:Unknown column 'goods.gid' in 'where clause'
 [ SQL语句 ] : UPDATE `gr_goods` SET `cid`='4',`lid`='7',`shopid`='1',`price`='536',`old_price`='32',`main_title`='sdefg11',`sub_title`='dsfgdsf',`goods_img`='2016-06-22/576a26ea5333c.gif' WHERE goods.gid = ''

[ 2016-06-22T13:59:20+08:00 ] ::1 /group/index.php/Admin
INFO: [ app_init ] --START--
INFO: Run Behavior\BuildLiteBehavior [ RunTime:0.000000s ]
INFO: [ app_init ] --END-- [ RunTime:0.003000s ]

[ 2016-06-22T13:59:22+08:00 ] ::1 /group/index.php/Admin/Goods/index
INFO: [ app_init ] --START--
INFO: Run Behavior\BuildLiteBehavior [ RunTime:0.000000s ]
INFO: [ app_init ] --END-- [ RunTime:0.001000s ]

[ 2016-06-22T13:59:35+08:00 ] ::1 /group/index.php/Admin
INFO: [ app_init ] --START--
INFO: Run Behavior\BuildLiteBehavior [ RunTime:0.000000s ]
INFO: [ app_init ] --END-- [ RunTime:0.001000s ]

[ 2016-06-22T13:59:39+08:00 ] ::1 /group/index.php/Admin/Goods/index
INFO: [ app_init ] --START--
INFO: Run Behavior\BuildLiteBehavior [ RunTime:0.000000s ]
INFO: [ app_init ] --END-- [ RunTime:0.000000s ]

[ 2016-06-22T13:59:40+08:00 ] ::1 /group/index.php/Admin/Goods/saveGoods/gid/12
INFO: [ app_init ] --START--
INFO: Run Behavior\BuildLiteBehavior [ RunTime:0.000000s ]
INFO: [ app_init ] --END-- [ RunTime:0.001000s ]

[ 2016-06-22T13:59:52+08:00 ] ::1 /group/index.php/Admin/Goods/saveGoods
INFO: [ app_init ] --START--
INFO: Run Behavior\BuildLiteBehavior [ RunTime:0.001000s ]
INFO: [ app_init ] --END-- [ RunTime:0.002000s ]

[ 2016-06-22T14:00:59+08:00 ] ::1 /group/index.php/Admin
INFO: [ app_init ] --START--
INFO: Run Behavior\BuildLiteBehavior [ RunTime:0.000000s ]
INFO: [ app_init ] --END-- [ RunTime:0.001000s ]

[ 2016-06-22T14:01:00+08:00 ] ::1 /group/index.php/Admin/Shop/index
INFO: [ app_init ] --START--
INFO: Run Behavior\BuildLiteBehavior [ RunTime:0.001000s ]
INFO: [ app_init ] --END-- [ RunTime:0.001000s ]

[ 2016-06-22T14:01:01+08:00 ] ::1 /group/index.php/Admin/Goods/index
INFO: [ app_init ] --START--
INFO: Run Behavior\BuildLiteBehavior [ RunTime:0.000000s ]
INFO: [ app_init ] --END-- [ RunTime:0.001000s ]

[ 2016-06-22T14:01:03+08:00 ] ::1 /group/index.php/Admin/Goods/saveGoods/gid/12
INFO: [ app_init ] --START--
INFO: Run Behavior\BuildLiteBehavior [ RunTime:0.000000s ]
INFO: [ app_init ] --END-- [ RunTime:0.001000s ]

[ 2016-06-22T14:01:22+08:00 ] ::1 /group/index.php/Admin/Goods/saveGoods
INFO: [ app_init ] --START--
INFO: Run Behavior\BuildLiteBehavior [ RunTime:0.000000s ]
INFO: [ app_init ] --END-- [ RunTime:0.001000s ]

[ 2016-06-22T14:02:59+08:00 ] ::1 /group/index.php/Admin
INFO: [ app_init ] --START--
INFO: Run Behavior\BuildLiteBehavior [ RunTime:0.000000s ]
INFO: [ app_init ] --END-- [ RunTime:0.001000s ]

[ 2016-06-22T14:03:06+08:00 ] ::1 /group/index.php/Admin/Goods/index
INFO: [ app_init ] --START--
INFO: Run Behavior\BuildLiteBehavior [ RunTime:0.000000s ]
INFO: [ app_init ] --END-- [ RunTime:0.003000s ]

[ 2016-06-22T14:03:09+08:00 ] ::1 /group/index.php/Admin/Goods/saveGoods/gid/12
INFO: [ app_init ] --START--
INFO: Run Behavior\BuildLiteBehavior [ RunTime:0.000000s ]
INFO: [ app_init ] --END-- [ RunTime:0.001000s ]

[ 2016-06-22T14:03:42+08:00 ] ::1 /group/index.php/Admin/Goods/saveGoods/gid/12
INFO: [ app_init ] --START--
INFO: Run Behavior\BuildLiteBehavior [ RunTime:0.000000s ]
INFO: [ app_init ] --END-- [ RunTime:0.001000s ]

[ 2016-06-22T14:03:54+08:00 ] ::1 /group/index.php/Admin/Goods/saveGoods/gid/12
INFO: [ app_init ] --START--
INFO: Run Behavior\BuildLiteBehavior [ RunTime:0.000000s ]
INFO: [ app_init ] --END-- [ RunTime:0.001000s ]

[ 2016-06-22T14:04:08+08:00 ] ::1 /group/index.php/Admin/Goods/saveGoods
INFO: [ app_init ] --START--
INFO: Run Behavior\BuildLiteBehavior [ RunTime:0.000000s ]
INFO: [ app_init ] --END-- [ RunTime:0.001000s ]

[ 2016-06-22T14:04:37+08:00 ] ::1 /group/index.php/Admin/Goods/saveGoods
INFO: [ app_init ] --START--
INFO: Run Behavior\BuildLiteBehavior [ RunTime:0.000000s ]
INFO: [ app_init ] --END-- [ RunTime:0.002000s ]

[ 2016-06-22T14:05:06+08:00 ] ::1 /group/index.php/Admin/Goods/saveGoods
INFO: [ app_init ] --START--
INFO: Run Behavior\BuildLiteBehavior [ RunTime:0.000000s ]
INFO: [ app_init ] --END-- [ RunTime:0.001000s ]

[ 2016-06-22T14:42:52+08:00 ] ::1 /group/index.php/Admin/Goods/saveGoods
INFO: [ app_init ] --START--
INFO: Run Behavior\BuildLiteBehavior [ RunTime:0.001000s ]
INFO: [ app_init ] --END-- [ RunTime:0.001000s ]

[ 2016-06-22T14:49:52+08:00 ] ::1 /group/index.php/Admin/Goods/saveGoods
INFO: [ app_init ] --START--
INFO: Run Behavior\BuildLiteBehavior [ RunTime:0.000000s ]
INFO: [ app_init ] --END-- [ RunTime:0.002001s ]
ERR: 1054:Unknown column 'goods.gid' in 'where clause'
 [ SQL语句 ] : UPDATE `gr_goods` SET `cid`='4',`lid`='7',`shopid`='1',`price`='56',`old_price`='32',`main_title`='sdefg',`sub_title`='dsfgdsf',`goods_img`='2016-06-22/576a351083576.gif' WHERE goods.gid = 12

[ 2016-06-22T15:05:19+08:00 ] ::1 /group/index.php/Admin
INFO: [ app_init ] --START--
INFO: Run Behavior\BuildLiteBehavior [ RunTime:0.000000s ]
INFO: [ app_init ] --END-- [ RunTime:0.001000s ]

[ 2016-06-22T15:05:21+08:00 ] ::1 /group/index.php/Admin/Goods/index
INFO: [ app_init ] --START--
INFO: Run Behavior\BuildLiteBehavior [ RunTime:0.000000s ]
INFO: [ app_init ] --END-- [ RunTime:0.000000s ]

[ 2016-06-22T15:05:23+08:00 ] ::1 /group/index.php/Admin/Goods/saveGoods/gid/12
INFO: [ app_init ] --START--
INFO: Run Behavior\BuildLiteBehavior [ RunTime:0.000000s ]
INFO: [ app_init ] --END-- [ RunTime:0.001000s ]

[ 2016-06-22T15:05:39+08:00 ] ::1 /group/index.php/Admin/Goods/saveGoods
INFO: [ app_init ] --START--
INFO: Run Behavior\BuildLiteBehavior [ RunTime:0.000000s ]
INFO: [ app_init ] --END-- [ RunTime:0.001001s ]
ERR: 1064:You have an error in your SQL syntax; check the manual that corresponds to your MySQL server version for the right syntax to use near ')' at line 1
 [ SQL语句 ] : UPDATE `gr_goods` SET `cid`='4',`lid`='7',`shopid`='1',`price`='536',`old_price`='32',`main_title`='sdefg11',`sub_title`='dsfgdsf',`goods_img`='2016-06-22/576a38c3a6c8b.gif' WHERE ( gid= )

[ 2016-06-22T15:21:53+08:00 ] ::1 /group/index.php/Admin/Goods/saveGoods
INFO: [ app_init ] --START--
INFO: Run Behavior\BuildLiteBehavior [ RunTime:0.000000s ]
INFO: [ app_init ] --END-- [ RunTime:0.001000s ]

[ 2016-06-22T15:28:56+08:00 ] ::1 /group/index.php/Admin/Goods/saveGoods
INFO: [ app_init ] --START--
INFO: Run Behavior\BuildLiteBehavior [ RunTime:0.000000s ]
INFO: [ app_init ] --END-- [ RunTime:0.001000s ]
ERR: 1054:Unknown column 'goods.gid' in 'where clause'
 [ SQL语句 ] : UPDATE `gr_goods` SET `cid`='4',`lid`='7',`shopid`='1',`price`='56',`old_price`='32',`main_title`='sdefg',`sub_title`='dsfgdsf',`goods_img`='2016-06-22/576a3e385c0ca.gif' WHERE goods.gid = 12

[ 2016-06-22T15:30:31+08:00 ] ::1 /group/index.php/Admin/Goods/saveGoods
INFO: [ app_init ] --START--
INFO: Run Behavior\BuildLiteBehavior [ RunTime:0.000000s ]
INFO: [ app_init ] --END-- [ RunTime:0.001000s ]
ERR: 1054:Unknown column 'goods.gid' in 'where clause'
 [ SQL语句 ] : UPDATE `gr_goods` SET `cid`='4',`lid`='7',`shopid`='1',`price`='56',`old_price`='32',`main_title`='sdefg',`sub_title`='dsfgdsf',`goods_img`='2016-06-22/576a3e974b4ef.gif' WHERE goods.gid = 12

[ 2016-06-22T16:33:54+08:00 ] ::1 /group/index.php/Admin
INFO: [ app_init ] --START--
INFO: Run Behavior\BuildLiteBehavior [ RunTime:0.000000s ]
INFO: [ app_init ] --END-- [ RunTime:0.001000s ]

[ 2016-06-22T16:33:58+08:00 ] ::1 /group/index.php/Admin/Goods/index
INFO: [ app_init ] --START--
INFO: Run Behavior\BuildLiteBehavior [ RunTime:0.000000s ]
INFO: [ app_init ] --END-- [ RunTime:0.001000s ]

[ 2016-06-22T16:34:02+08:00 ] ::1 /group/index.php/Admin/Goods/deleteGoods/gid/12
INFO: [ app_init ] --START--
INFO: Run Behavior\BuildLiteBehavior [ RunTime:0.000000s ]
INFO: [ app_init ] --END-- [ RunTime:0.000000s ]
ERR: 1054:Unknown column 'goods_detail.goods_id' in 'where clause'
 [ SQL语句 ] : DELETE FROM `gr_goods_detail` WHERE goods_detail.goods_id = 12

[ 2016-06-22T16:42:24+08:00 ] ::1 /group/index.php/Admin
INFO: [ app_init ] --START--
INFO: Run Behavior\BuildLiteBehavior [ RunTime:0.000000s ]
INFO: [ app_init ] --END-- [ RunTime:0.002000s ]

[ 2016-06-22T16:42:26+08:00 ] ::1 /group/index.php/Admin/Goods/index
INFO: [ app_init ] --START--
INFO: Run Behavior\BuildLiteBehavior [ RunTime:0.000000s ]
INFO: [ app_init ] --END-- [ RunTime:0.001000s ]

[ 2016-06-22T16:42:29+08:00 ] ::1 /group/index.php/Admin/Goods/deleteGoods/gid/12
INFO: [ app_init ] --START--
INFO: Run Behavior\BuildLiteBehavior [ RunTime:0.000000s ]
INFO: [ app_init ] --END-- [ RunTime:0.000000s ]
ERR: 1054:Unknown column 'goods_detail.goods_id' in 'where clause'
 [ SQL语句 ] : DELETE FROM `gr_goods_detail` WHERE goods_detail.goods_id = 12

[ 2016-06-22T16:43:38+08:00 ] ::1 /group/index.php/Admin/Shop/index
INFO: [ app_init ] --START--
INFO: Run Behavior\BuildLiteBehavior [ RunTime:0.000000s ]
INFO: [ app_init ] --END-- [ RunTime:0.002000s ]

[ 2016-06-22T16:43:39+08:00 ] ::1 /group/index.php/Admin/Goods/addGoods/shopid/1
INFO: [ app_init ] --START--
INFO: Run Behavior\BuildLiteBehavior [ RunTime:0.000000s ]
INFO: [ app_init ] --END-- [ RunTime:0.001000s ]

[ 2016-06-22T16:44:26+08:00 ] ::1 /group/index.php/Admin/Goods/addGoods
INFO: [ app_init ] --START--
INFO: Run Behavior\BuildLiteBehavior [ RunTime:0.000000s ]
INFO: [ app_init ] --END-- [ RunTime:0.001000s ]

[ 2016-06-22T16:44:28+08:00 ] ::1 /group/index.php/Admin/Goods/index
INFO: [ app_init ] --START--
INFO: Run Behavior\BuildLiteBehavior [ RunTime:0.000000s ]
INFO: [ app_init ] --END-- [ RunTime:0.001001s ]

[ 2016-06-22T16:44:39+08:00 ] ::1 /group/index.php/Admin/Goods/deleteGoods/gid/15
INFO: [ app_init ] --START--
INFO: Run Behavior\BuildLiteBehavior [ RunTime:0.000000s ]
INFO: [ app_init ] --END-- [ RunTime:0.001000s ]
ERR: 1054:Unknown column 'goods_detail.goods_id' in 'where clause'
 [ SQL语句 ] : DELETE FROM `gr_goods_detail` WHERE goods_detail.goods_id = 15

[ 2016-06-22T16:57:12+08:00 ] ::1 /group/index.php/Admin
INFO: [ app_init ] --START--
INFO: Run Behavior\BuildLiteBehavior [ RunTime:0.000000s ]
INFO: [ app_init ] --END-- [ RunTime:0.001000s ]

[ 2016-06-22T16:57:15+08:00 ] ::1 /group/index.php/Admin/Shop/index
INFO: [ app_init ] --START--
INFO: Run Behavior\BuildLiteBehavior [ RunTime:0.000000s ]
INFO: [ app_init ] --END-- [ RunTime:0.000000s ]

[ 2016-06-22T16:57:17+08:00 ] ::1 /group/index.php/Admin/Goods/addGoods/shopid/1
INFO: [ app_init ] --START--
INFO: Run Behavior\BuildLiteBehavior [ RunTime:0.000000s ]
INFO: [ app_init ] --END-- [ RunTime:0.001000s ]

[ 2016-06-22T16:59:01+08:00 ] ::1 /group/index.php/Admin/Shop/index
INFO: [ app_init ] --START--
INFO: Run Behavior\BuildLiteBehavior [ RunTime:0.000000s ]
INFO: [ app_init ] --END-- [ RunTime:0.001000s ]

[ 2016-06-22T16:59:05+08:00 ] ::1 /group/index.php/Admin/Goods/addGoods/shopid/1
INFO: [ app_init ] --START--
INFO: Run Behavior\BuildLiteBehavior [ RunTime:0.000000s ]
INFO: [ app_init ] --END-- [ RunTime:0.001000s ]

[ 2016-06-22T17:05:18+08:00 ] ::1 /group/index.php/Admin/Goods/addGoods/shopid/1
INFO: [ app_init ] --START--
INFO: Run Behavior\BuildLiteBehavior [ RunTime:0.000000s ]
INFO: [ app_init ] --END-- [ RunTime:0.001000s ]

[ 2016-06-22T17:06:26+08:00 ] ::1 /group/index.php/Admin/Goods/addGoods
INFO: [ app_init ] --START--
INFO: Run Behavior\BuildLiteBehavior [ RunTime:0.000000s ]
INFO: [ app_init ] --END-- [ RunTime:0.001000s ]

[ 2016-06-22T17:06:27+08:00 ] ::1 /group/index.php/Admin/Goods/index
INFO: [ app_init ] --START--
INFO: Run Behavior\BuildLiteBehavior [ RunTime:0.000000s ]
INFO: [ app_init ] --END-- [ RunTime:0.002000s ]

[ 2016-06-22T17:06:52+08:00 ] ::1 /group/index.php/Admin/Goods/index
INFO: [ app_init ] --START--
INFO: Run Behavior\BuildLiteBehavior [ RunTime:0.000000s ]
INFO: [ app_init ] --END-- [ RunTime:0.002000s ]

[ 2016-06-22T17:07:27+08:00 ] ::1 /group/index.php/Admin/Goods/addGoods
INFO: [ app_init ] --START--
INFO: Run Behavior\BuildLiteBehavior [ RunTime:0.000000s ]
INFO: [ app_init ] --END-- [ RunTime:0.001000s ]

[ 2016-06-22T17:07:29+08:00 ] ::1 /group/index.php/Admin/Goods/index
INFO: [ app_init ] --START--
INFO: Run Behavior\BuildLiteBehavior [ RunTime:0.000000s ]
INFO: [ app_init ] --END-- [ RunTime:0.002000s ]

[ 2016-06-22T17:08:43+08:00 ] ::1 /group/index.php/Admin/Goods/addGoods
INFO: [ app_init ] --START--
INFO: Run Behavior\BuildLiteBehavior [ RunTime:0.000000s ]
INFO: [ app_init ] --END-- [ RunTime:0.001000s ]

[ 2016-06-22T17:08:44+08:00 ] ::1 /group/index.php/Admin/Goods/index
INFO: [ app_init ] --START--
INFO: Run Behavior\BuildLiteBehavior [ RunTime:0.000000s ]
INFO: [ app_init ] --END-- [ RunTime:0.000000s ]

[ 2016-06-22T17:10:56+08:00 ] ::1 /group/index.php/Admin/Goods/index
INFO: [ app_init ] --START--
INFO: Run Behavior\BuildLiteBehavior [ RunTime:0.000000s ]
INFO: [ app_init ] --END-- [ RunTime:0.001001s ]

[ 2016-06-22T17:11:37+08:00 ] ::1 /group/index.php/Admin/Goods/index
INFO: [ app_init ] --START--
INFO: Run Behavior\BuildLiteBehavior [ RunTime:0.000000s ]
INFO: [ app_init ] --END-- [ RunTime:0.001000s ]

[ 2016-06-22T17:13:58+08:00 ] ::1 /group/index.php/Admin/Goods/index
INFO: [ app_init ] --START--
INFO: Run Behavior\BuildLiteBehavior [ RunTime:0.000000s ]
INFO: [ app_init ] --END-- [ RunTime:0.001000s ]

[ 2016-06-22T17:14:00+08:00 ] ::1 /group/index.php/Admin/Goods/index
INFO: [ app_init ] --START--
INFO: Run Behavior\BuildLiteBehavior [ RunTime:0.000000s ]
INFO: [ app_init ] --END-- [ RunTime:0.001000s ]

[ 2016-06-22T17:14:19+08:00 ] ::1 /group/index.php/Admin/Goods/index
INFO: [ app_init ] --START--
INFO: Run Behavior\BuildLiteBehavior [ RunTime:0.000000s ]
INFO: [ app_init ] --END-- [ RunTime:0.001000s ]

[ 2016-06-22T17:14:22+08:00 ] ::1 /group/index.php/Admin/Goods/index
INFO: [ app_init ] --START--
INFO: Run Behavior\BuildLiteBehavior [ RunTime:0.000000s ]
INFO: [ app_init ] --END-- [ RunTime:0.001000s ]

[ 2016-06-22T17:14:55+08:00 ] ::1 /group/index.php/Admin/Goods/index
INFO: [ app_init ] --START--
INFO: Run Behavior\BuildLiteBehavior [ RunTime:0.000000s ]
INFO: [ app_init ] --END-- [ RunTime:0.001000s ]

[ 2016-06-22T17:14:56+08:00 ] ::1 /group/index.php/Admin/Goods/index
INFO: [ app_init ] --START--
INFO: Run Behavior\BuildLiteBehavior [ RunTime:0.000000s ]
INFO: [ app_init ] --END-- [ RunTime:0.001000s ]

[ 2016-06-22T17:14:58+08:00 ] ::1 /group/index.php/Admin/Goods/index
INFO: [ app_init ] --START--
INFO: Run Behavior\BuildLiteBehavior [ RunTime:0.000000s ]
INFO: [ app_init ] --END-- [ RunTime:0.001000s ]

[ 2016-06-22T17:16:02+08:00 ] ::1 /group/index.php/Admin/Goods/index
INFO: [ app_init ] --START--
INFO: Run Behavior\BuildLiteBehavior [ RunTime:0.000000s ]
INFO: [ app_init ] --END-- [ RunTime:0.002000s ]

[ 2016-06-22T17:19:24+08:00 ] ::1 /group/index.php/Admin/Goods/index
INFO: [ app_init ] --START--
INFO: Run Behavior\BuildLiteBehavior [ RunTime:0.000000s ]
INFO: [ app_init ] --END-- [ RunTime:0.001000s ]

[ 2016-06-22T17:19:27+08:00 ] ::1 /group/index.php/Admin/Goods/saveGoods/gid/18
INFO: [ app_init ] --START--
INFO: Run Behavior\BuildLiteBehavior [ RunTime:0.000000s ]
INFO: [ app_init ] --END-- [ RunTime:0.001000s ]

[ 2016-06-22T17:21:56+08:00 ] ::1 /group/index.php/Admin/Goods/index
INFO: [ app_init ] --START--
INFO: Run Behavior\BuildLiteBehavior [ RunTime:0.000000s ]
INFO: [ app_init ] --END-- [ RunTime:0.002000s ]

[ 2016-06-22T17:21:58+08:00 ] ::1 /group/index.php/Admin/Goods/saveGoods/gid/18
INFO: [ app_init ] --START--
INFO: Run Behavior\BuildLiteBehavior [ RunTime:0.000000s ]
INFO: [ app_init ] --END-- [ RunTime:0.001000s ]

[ 2016-06-22T17:22:03+08:00 ] ::1 /group/index.php/Admin/Goods/saveGoods/gid/14
INFO: [ app_init ] --START--
INFO: Run Behavior\BuildLiteBehavior [ RunTime:0.000000s ]
INFO: [ app_init ] --END-- [ RunTime:0.002000s ]

[ 2016-06-22T17:23:49+08:00 ] ::1 /group/index.php/Admin/Goods/index
INFO: [ app_init ] --START--
INFO: Run Behavior\BuildLiteBehavior [ RunTime:0.000000s ]
INFO: [ app_init ] --END-- [ RunTime:0.001000s ]

[ 2016-06-22T17:23:51+08:00 ] ::1 /group/index.php/Admin/Goods/saveGoods/gid/18
INFO: [ app_init ] --START--
INFO: Run Behavior\BuildLiteBehavior [ RunTime:0.000000s ]
INFO: [ app_init ] --END-- [ RunTime:0.001000s ]

[ 2016-06-22T17:24:07+08:00 ] ::1 /group/index.php/Admin/Goods/saveGoods/gid/18
INFO: [ app_init ] --START--
INFO: Run Behavior\BuildLiteBehavior [ RunTime:0.000000s ]
INFO: [ app_init ] --END-- [ RunTime:0.001000s ]

[ 2016-06-22T17:26:32+08:00 ] ::1 /group/index.php/Admin/Goods/saveGoods/gid/18
INFO: [ app_init ] --START--
INFO: Run Behavior\BuildLiteBehavior [ RunTime:0.000000s ]
INFO: [ app_init ] --END-- [ RunTime:0.001000s ]

[ 2016-06-22T17:37:54+08:00 ] ::1 /group/index.php/Admin/Goods/saveGoods/gid/18
INFO: [ app_init ] --START--
INFO: Run Behavior\BuildLiteBehavior [ RunTime:0.000000s ]
INFO: [ app_init ] --END-- [ RunTime:0.000000s ]

[ 2016-06-22T17:38:05+08:00 ] ::1 /group/index.php/Admin/Goods/saveGoods
INFO: [ app_init ] --START--
INFO: Run Behavior\BuildLiteBehavior [ RunTime:0.000000s ]
INFO: [ app_init ] --END-- [ RunTime:0.001000s ]

[ 2016-06-22T17:38:26+08:00 ] ::1 /group/index.php/Admin/Goods/saveGoods
INFO: [ app_init ] --START--
INFO: Run Behavior\BuildLiteBehavior [ RunTime:0.000000s ]
INFO: [ app_init ] --END-- [ RunTime:0.000000s ]
ERR: 1054:Unknown column 'goods.gid' in 'where clause'
 [ SQL语句 ] : UPDATE `gr_goods` SET `cid`='6',`lid`='3',`shopid`='1',`price`='671',`old_price`='762',`main_title`='牛肉火锅',`sub_title`='12232322',`begin_time`='',`end_time`='',`goods_img`='2016-06-22/576a5c9206f6f.jpg' WHERE goods.gid = ''

[ 2016-06-22T17:38:53+08:00 ] ::1 /group/index.php/Admin/Goods/saveGoods
INFO: [ app_init ] --START--
INFO: Run Behavior\BuildLiteBehavior [ RunTime:0.000000s ]
INFO: [ app_init ] --END-- [ RunTime:0.000000s ]
ERR: 1054:Unknown column 'goods.gid' in 'where clause'
 [ SQL语句 ] : UPDATE `gr_goods` SET `cid`='6',`lid`='3',`shopid`='1',`price`='671',`old_price`='762',`main_title`='牛肉火锅',`sub_title`='12232322',`begin_time`='',`end_time`='',`goods_img`='2016-06-22/576a5cad9e794.jpg' WHERE goods.gid = ''

[ 2016-06-22T17:41:59+08:00 ] ::1 /group/index.php/Admin/Goods/saveGoods
INFO: [ app_init ] --START--
INFO: Run Behavior\BuildLiteBehavior [ RunTime:0.000000s ]
INFO: [ app_init ] --END-- [ RunTime:0.002000s ]
ERR: 1054:Unknown column 'goods.gid' in 'where clause'
 [ SQL语句 ] : UPDATE `gr_goods` SET `cid`='6',`lid`='3',`shopid`='1',`price`='671',`old_price`='762',`main_title`='牛肉火锅',`sub_title`='12232322',`begin_time`='',`end_time`='',`goods_img`='2016-06-22/576a5d676fec3.jpg' WHERE goods.gid = ''

[ 2016-06-22T17:42:12+08:00 ] ::1 /group/index.php/Admin/Goods/saveGoods
INFO: [ app_init ] --START--
INFO: Run Behavior\BuildLiteBehavior [ RunTime:0.000000s ]
INFO: [ app_init ] --END-- [ RunTime:0.000000s ]
ERR: 1054:Unknown column 'goods.gid' in 'where clause'
 [ SQL语句 ] : UPDATE `gr_goods` SET `cid`='6',`lid`='3',`shopid`='1',`price`='671',`old_price`='762',`main_title`='牛肉火锅',`sub_title`='12232322',`begin_time`='',`end_time`='',`goods_img`='2016-06-22/576a5d74d1979.jpg' WHERE goods.gid = ''

[ 2016-06-22T17:46:28+08:00 ] ::1 /group/index.php/Admin/Goods/saveGoods
INFO: [ app_init ] --START--
INFO: Run Behavior\BuildLiteBehavior [ RunTime:0.000000s ]
INFO: [ app_init ] --END-- [ RunTime:0.000000s ]
ERR: 1054:Unknown column 'goods.gid' in 'where clause'
 [ SQL语句 ] : UPDATE `gr_goods` SET `cid`='6',`lid`='3',`shopid`='1',`price`='671',`old_price`='762',`main_title`='牛肉火锅',`sub_title`='12232322',`begin_time`='',`end_time`='',`goods_img`='2016-06-22/576a5e7480ec1.jpg' WHERE goods.gid = ''

[ 2016-06-22T17:56:28+08:00 ] ::1 /group/index.php/Admin/Goods/saveGoods
INFO: [ app_init ] --START--
INFO: Run Behavior\BuildLiteBehavior [ RunTime:0.000000s ]
INFO: [ app_init ] --END-- [ RunTime:0.000000s ]
ERR: 1054:Unknown column 'goods.gid' in 'where clause'
 [ SQL语句 ] : UPDATE `gr_goods` SET `cid`='6',`lid`='3',`shopid`='1',`price`='671',`old_price`='762',`main_title`='牛肉火锅',`sub_title`='12232322',`begin_time`='',`end_time`='',`goods_img`='2016-06-22/576a60cc039ba.jpg' WHERE goods.gid = ''

[ 2016-06-22T20:06:58+08:00 ] ::1 /group/index.php/admin
INFO: [ app_init ] --START--
INFO: Run Behavior\BuildLiteBehavior [ RunTime:0.000000s ]
INFO: [ app_init ] --END-- [ RunTime:0.046800s ]

[ 2016-06-22T20:06:59+08:00 ] ::1 /group/index.php/Admin/Login/index
INFO: [ app_init ] --START--
INFO: Run Behavior\BuildLiteBehavior [ RunTime:0.000000s ]
INFO: [ app_init ] --END-- [ RunTime:0.000000s ]

[ 2016-06-22T20:06:59+08:00 ] ::1 /group/index.php/Admin/Login/verify
INFO: [ app_init ] --START--
INFO: Run Behavior\BuildLiteBehavior [ RunTime:0.000000s ]
INFO: [ app_init ] --END-- [ RunTime:0.000000s ]

[ 2016-06-22T20:07:16+08:00 ] ::1 /group/index.php/Admin/Login/login
INFO: [ app_init ] --START--
INFO: Run Behavior\BuildLiteBehavior [ RunTime:0.000000s ]
INFO: [ app_init ] --END-- [ RunTime:0.000000s ]

[ 2016-06-22T20:07:17+08:00 ] ::1 /group/index.php/Admin
INFO: [ app_init ] --START--
INFO: Run Behavior\BuildLiteBehavior [ RunTime:0.000000s ]
INFO: [ app_init ] --END-- [ RunTime:0.000000s ]

[ 2016-06-22T20:09:24+08:00 ] ::1 /group/index.php/Admin/Goods/index
INFO: [ app_init ] --START--
INFO: Run Behavior\BuildLiteBehavior [ RunTime:0.000000s ]
INFO: [ app_init ] --END-- [ RunTime:0.000000s ]

[ 2016-06-22T20:09:30+08:00 ] ::1 /group/index.php/Admin/Goods/deleteGoods/gid/12
INFO: [ app_init ] --START--
INFO: Run Behavior\BuildLiteBehavior [ RunTime:0.000000s ]
INFO: [ app_init ] --END-- [ RunTime:0.000000s ]
ERR: 1054:Unknown column 'goods_detail.goods_id' in 'where clause'
 [ SQL语句 ] : DELETE FROM `gr_goods_detail` WHERE goods_detail.goods_id = 12

[ 2016-06-22T20:09:38+08:00 ] ::1 /group/index.php/Admin/Goods/saveGoods/gid/12
INFO: [ app_init ] --START--
INFO: Run Behavior\BuildLiteBehavior [ RunTime:0.000000s ]
INFO: [ app_init ] --END-- [ RunTime:0.000000s ]

[ 2016-06-22T20:09:48+08:00 ] ::1 /group/index.php/Admin/Goods/saveGoods/gid/12
INFO: [ app_init ] --START--
INFO: Run Behavior\BuildLiteBehavior [ RunTime:0.000000s ]
INFO: [ app_init ] --END-- [ RunTime:0.000000s ]

[ 2016-06-22T20:10:15+08:00 ] ::1 /group/index.php/Admin/Goods/saveGoods
INFO: [ app_init ] --START--
INFO: Run Behavior\BuildLiteBehavior [ RunTime:0.000000s ]
INFO: [ app_init ] --END-- [ RunTime:0.000000s ]
ERR: 1054:Unknown column 'goods.gid' in 'where clause'
 [ SQL语句 ] : UPDATE `gr_goods` SET `cid`='4',`lid`='7',`shopid`='1',`price`='536',`old_price`='312',`main_title`='sdefg111',`sub_title`='dsfgdsf2',`begin_time`='',`end_time`='',`goods_img`='2016-06-22/576a8027648a8.jpg' WHERE goods.gid = ''

[ 2016-06-22T20:19:32+08:00 ] ::1 /group/index.php/Admin
INFO: [ app_init ] --START--
INFO: Run Behavior\BuildLiteBehavior [ RunTime:0.000000s ]
INFO: [ app_init ] --END-- [ RunTime:0.000000s ]

[ 2016-06-22T20:19:35+08:00 ] ::1 /group/index.php/Admin/Goods/index
INFO: [ app_init ] --START--
INFO: Run Behavior\BuildLiteBehavior [ RunTime:0.000000s ]
INFO: [ app_init ] --END-- [ RunTime:0.000000s ]

[ 2016-06-22T20:19:37+08:00 ] ::1 /group/index.php/Admin/Goods/saveGoods/gid/12
INFO: [ app_init ] --START--
INFO: Run Behavior\BuildLiteBehavior [ RunTime:0.000000s ]
INFO: [ app_init ] --END-- [ RunTime:0.000000s ]

[ 2016-06-22T20:19:51+08:00 ] ::1 /group/index.php/Admin/Goods/saveGoods
INFO: [ app_init ] --START--
INFO: Run Behavior\BuildLiteBehavior [ RunTime:0.000000s ]
INFO: [ app_init ] --END-- [ RunTime:0.001000s ]
ERR: 1054:Unknown column 'goods.gid' in 'where clause'
 [ SQL语句 ] : UPDATE `gr_goods` SET `cid`='4',`lid`='7',`shopid`='1',`price`='56',`old_price`='32',`main_title`='sde222fg',`sub_title`='dsfg333dsf',`begin_time`='',`end_time`='',`goods_img`='2016-06-22/576a8267c8add.jpg' WHERE goods.gid = ''

[ 2016-06-22T20:20:28+08:00 ] ::1 /group/index.php/Admin
INFO: [ app_init ] --START--
INFO: Run Behavior\BuildLiteBehavior [ RunTime:0.000000s ]
INFO: [ app_init ] --END-- [ RunTime:0.000000s ]

[ 2016-06-22T20:20:30+08:00 ] ::1 /group/index.php/Admin/Shop/index
INFO: [ app_init ] --START--
INFO: Run Behavior\BuildLiteBehavior [ RunTime:0.000000s ]
INFO: [ app_init ] --END-- [ RunTime:0.000000s ]

[ 2016-06-22T20:20:31+08:00 ] ::1 /group/index.php/Admin/Goods/index
INFO: [ app_init ] --START--
INFO: Run Behavior\BuildLiteBehavior [ RunTime:0.000000s ]
INFO: [ app_init ] --END-- [ RunTime:0.000000s ]

[ 2016-06-22T20:20:34+08:00 ] ::1 /group/index.php/Admin/Goods/saveGoods/gid/18
INFO: [ app_init ] --START--
INFO: Run Behavior\BuildLiteBehavior [ RunTime:0.000000s ]
INFO: [ app_init ] --END-- [ RunTime:0.000000s ]

[ 2016-06-22T20:20:38+08:00 ] ::1 /group/index.php/Admin/Goods/saveGoods
INFO: [ app_init ] --START--
INFO: Run Behavior\BuildLiteBehavior [ RunTime:0.000000s ]
INFO: [ app_init ] --END-- [ RunTime:0.000000s ]

[ 2016-06-22T20:20:49+08:00 ] ::1 /group/index.php/Admin/Goods/saveGoods
INFO: [ app_init ] --START--
INFO: Run Behavior\BuildLiteBehavior [ RunTime:0.000000s ]
INFO: [ app_init ] --END-- [ RunTime:0.001000s ]

[ 2016-06-22T20:21:23+08:00 ] ::1 /group/index.php/Admin
INFO: [ app_init ] --START--
INFO: Run Behavior\BuildLiteBehavior [ RunTime:0.000000s ]
INFO: [ app_init ] --END-- [ RunTime:0.000000s ]

[ 2016-06-22T20:21:26+08:00 ] ::1 /group/index.php/Admin/Goods/index
INFO: [ app_init ] --START--
INFO: Run Behavior\BuildLiteBehavior [ RunTime:0.000000s ]
INFO: [ app_init ] --END-- [ RunTime:0.001000s ]

[ 2016-06-22T20:21:28+08:00 ] ::1 /group/index.php/Admin/Goods/saveGoods/gid/18
INFO: [ app_init ] --START--
INFO: Run Behavior\BuildLiteBehavior [ RunTime:0.000000s ]
INFO: [ app_init ] --END-- [ RunTime:0.001000s ]

[ 2016-06-22T20:21:36+08:00 ] ::1 /group/index.php/Admin/Goods/saveGoods
INFO: [ app_init ] --START--
INFO: Run Behavior\BuildLiteBehavior [ RunTime:0.000000s ]
INFO: [ app_init ] --END-- [ RunTime:0.003000s ]

[ 2016-06-22T20:22:39+08:00 ] ::1 /group/index.php/Admin/Goods/index
INFO: [ app_init ] --START--
INFO: Run Behavior\BuildLiteBehavior [ RunTime:0.000000s ]
INFO: [ app_init ] --END-- [ RunTime:0.001000s ]

[ 2016-06-22T20:22:42+08:00 ] ::1 /group/index.php/Admin/Goods/deleteGoods/gid/18
INFO: [ app_init ] --START--
INFO: Run Behavior\BuildLiteBehavior [ RunTime:0.000000s ]
INFO: [ app_init ] --END-- [ RunTime:0.001000s ]
ERR: 1054:Unknown column 'goods_detail.goods_id' in 'where clause'
 [ SQL语句 ] : DELETE FROM `gr_goods_detail` WHERE goods_detail.goods_id = 18

[ 2016-06-22T20:24:11+08:00 ] ::1 /group/index.php/Admin
INFO: [ app_init ] --START--
INFO: Run Behavior\BuildLiteBehavior [ RunTime:0.000000s ]
INFO: [ app_init ] --END-- [ RunTime:0.000000s ]

[ 2016-06-22T20:24:13+08:00 ] ::1 /group/index.php/Admin/Goods/index
INFO: [ app_init ] --START--
INFO: Run Behavior\BuildLiteBehavior [ RunTime:0.000000s ]
INFO: [ app_init ] --END-- [ RunTime:0.000000s ]

[ 2016-06-22T20:24:17+08:00 ] ::1 /group/index.php/Admin/Goods/deleteGoods/gid/12
INFO: [ app_init ] --START--
INFO: Run Behavior\BuildLiteBehavior [ RunTime:0.000000s ]
INFO: [ app_init ] --END-- [ RunTime:0.000000s ]
ERR: 1054:Unknown column 'goods_detail.goods_id' in 'where clause'
 [ SQL语句 ] : DELETE FROM `gr_goods_detail` WHERE goods_detail.goods_id = 12

[ 2016-06-22T20:27:26+08:00 ] ::1 /group/index.php/Admin
INFO: [ app_init ] --START--
INFO: Run Behavior\BuildLiteBehavior [ RunTime:0.000000s ]
INFO: [ app_init ] --END-- [ RunTime:0.000000s ]

[ 2016-06-22T20:27:28+08:00 ] ::1 /group/index.php/Admin/Goods/index
INFO: [ app_init ] --START--
INFO: Run Behavior\BuildLiteBehavior [ RunTime:0.000000s ]
INFO: [ app_init ] --END-- [ RunTime:0.000000s ]

[ 2016-06-22T20:27:31+08:00 ] ::1 /group/index.php/Admin/Goods/deleteGoods/gid/13
INFO: [ app_init ] --START--
INFO: Run Behavior\BuildLiteBehavior [ RunTime:0.000000s ]
INFO: [ app_init ] --END-- [ RunTime:0.000000s ]
ERR: 1054:Unknown column 'goods_detail.goods_id' in 'where clause'
 [ SQL语句 ] : DELETE FROM `gr_goods_detail` WHERE goods_detail.goods_id = 13

[ 2016-06-22T20:28:53+08:00 ] ::1 /group/index.php/Admin
INFO: [ app_init ] --START--
INFO: Run Behavior\BuildLiteBehavior [ RunTime:0.000000s ]
INFO: [ app_init ] --END-- [ RunTime:0.000000s ]

[ 2016-06-22T20:28:54+08:00 ] ::1 /group/index.php/Admin/Goods/index
INFO: [ app_init ] --START--
INFO: Run Behavior\BuildLiteBehavior [ RunTime:0.000000s ]
INFO: [ app_init ] --END-- [ RunTime:0.000000s ]

[ 2016-06-22T20:28:57+08:00 ] ::1 /group/index.php/Admin/Goods/deleteGoods/gid/13
INFO: [ app_init ] --START--
INFO: Run Behavior\BuildLiteBehavior [ RunTime:0.000000s ]
INFO: [ app_init ] --END-- [ RunTime:0.000000s ]
ERR: 1146:Table 'group.goods_detail' doesn't exist
 [ SQL语句 ] : SHOW COLUMNS FROM `goods_detail`

[ 2016-06-22T20:30:13+08:00 ] ::1 /group/index.php/Admin
INFO: [ app_init ] --START--
INFO: Run Behavior\BuildLiteBehavior [ RunTime:0.000000s ]
INFO: [ app_init ] --END-- [ RunTime:0.001000s ]

[ 2016-06-22T20:30:15+08:00 ] ::1 /group/index.php/Admin/Goods/index
INFO: [ app_init ] --START--
INFO: Run Behavior\BuildLiteBehavior [ RunTime:0.000000s ]
INFO: [ app_init ] --END-- [ RunTime:0.001000s ]

[ 2016-06-22T20:30:17+08:00 ] ::1 /group/index.php/Admin/Goods/deleteGoods/gid/13
INFO: [ app_init ] --START--
INFO: Run Behavior\BuildLiteBehavior [ RunTime:0.000000s ]
INFO: [ app_init ] --END-- [ RunTime:0.001000s ]
ERR: 1054:Unknown column 'goods_detail.goods_id' in 'where clause'
 [ SQL语句 ] : DELETE FROM `gr_goods_detail` WHERE goods_detail.goods_id = 13

[ 2016-06-22T20:30:25+08:00 ] ::1 /group/index.php/Admin/Goods/deleteGoods/gid/13
INFO: [ app_init ] --START--
INFO: Run Behavior\BuildLiteBehavior [ RunTime:0.000000s ]
INFO: [ app_init ] --END-- [ RunTime:0.001000s ]
ERR: 1054:Unknown column 'goods_detail.goods_id' in 'where clause'
 [ SQL语句 ] : DELETE FROM `gr_goods_detail` WHERE goods_detail.goods_id = 13

[ 2016-06-22T20:32:46+08:00 ] ::1 /group/index.php/Admin/Goods/deleteGoods/gid/13
INFO: [ app_init ] --START--
INFO: Run Behavior\BuildLiteBehavior [ RunTime:0.000000s ]
INFO: [ app_init ] --END-- [ RunTime:0.000000s ]
ERR: 1054:Unknown column 'goods_detail.goods_id' in 'where clause'
 [ SQL语句 ] : DELETE FROM `gr_goods_detail` WHERE goods_detail.goods_id = 13

[ 2016-06-22T20:34:07+08:00 ] ::1 /group/index.php/Admin
INFO: [ app_init ] --START--
INFO: Run Behavior\BuildLiteBehavior [ RunTime:0.000000s ]
INFO: [ app_init ] --END-- [ RunTime:0.000000s ]

[ 2016-06-22T20:34:10+08:00 ] ::1 /group/index.php/Admin/Goods/index
INFO: [ app_init ] --START--
INFO: Run Behavior\BuildLiteBehavior [ RunTime:0.000000s ]
INFO: [ app_init ] --END-- [ RunTime:0.000000s ]

[ 2016-06-22T20:34:12+08:00 ] ::1 /group/index.php/Admin/Goods/deleteGoods/gid/13
INFO: [ app_init ] --START--
INFO: Run Behavior\BuildLiteBehavior [ RunTime:0.000000s ]
INFO: [ app_init ] --END-- [ RunTime:0.000000s ]
ERR: Think\Model:M方法不存在！

[ 2016-06-22T20:34:24+08:00 ] ::1 /group/index.php/Admin
INFO: [ app_init ] --START--
INFO: Run Behavior\BuildLiteBehavior [ RunTime:0.000000s ]
INFO: [ app_init ] --END-- [ RunTime:0.000000s ]

[ 2016-06-22T20:34:26+08:00 ] ::1 /group/index.php/Admin/Goods/index
INFO: [ app_init ] --START--
INFO: Run Behavior\BuildLiteBehavior [ RunTime:0.000000s ]
INFO: [ app_init ] --END-- [ RunTime:0.000000s ]

[ 2016-06-22T20:34:30+08:00 ] ::1 /group/index.php/Admin/Goods/deleteGoods/gid/13
INFO: [ app_init ] --START--
INFO: Run Behavior\BuildLiteBehavior [ RunTime:0.000000s ]
INFO: [ app_init ] --END-- [ RunTime:0.000000s ]
ERR: 1146:Table 'group.goods_detail' doesn't exist
 [ SQL语句 ] : SHOW COLUMNS FROM `goods_detail`

[ 2016-06-22T20:36:13+08:00 ] ::1 /group/index.php/Admin
INFO: [ app_init ] --START--
INFO: Run Behavior\BuildLiteBehavior [ RunTime:0.000000s ]
INFO: [ app_init ] --END-- [ RunTime:0.000000s ]

[ 2016-06-22T20:36:16+08:00 ] ::1 /group/index.php/Admin/Goods/saveGoods
INFO: [ app_init ] --START--
INFO: Run Behavior\BuildLiteBehavior [ RunTime:0.000000s ]
INFO: [ app_init ] --END-- [ RunTime:0.000000s ]

[ 2016-06-22T20:36:40+08:00 ] ::1 /group/index.php/Admin/Goods/saveGoods
INFO: [ app_init ] --START--
INFO: Run Behavior\BuildLiteBehavior [ RunTime:0.000000s ]
INFO: [ app_init ] --END-- [ RunTime:0.015600s ]

[ 2016-06-22T20:37:36+08:00 ] ::1 /group/index.php/Admin/Goods/saveGoods
INFO: [ app_init ] --START--
INFO: Run Behavior\BuildLiteBehavior [ RunTime:0.000000s ]
INFO: [ app_init ] --END-- [ RunTime:0.000000s ]

[ 2016-06-22T20:37:39+08:00 ] ::1 /group/index.php/Admin/Goods/saveGoods
INFO: [ app_init ] --START--
INFO: Run Behavior\BuildLiteBehavior [ RunTime:0.000000s ]
INFO: [ app_init ] --END-- [ RunTime:0.000000s ]

[ 2016-06-22T20:39:13+08:00 ] ::1 /group/index.php/Admin/Goods/saveGoods
INFO: [ app_init ] --START--
INFO: Run Behavior\BuildLiteBehavior [ RunTime:0.000000s ]
INFO: [ app_init ] --END-- [ RunTime:0.000000s ]

[ 2016-06-22T20:39:15+08:00 ] ::1 /group/index.php/Admin
INFO: [ app_init ] --START--
INFO: Run Behavior\BuildLiteBehavior [ RunTime:0.000000s ]
INFO: [ app_init ] --END-- [ RunTime:0.000000s ]

[ 2016-06-22T20:39:17+08:00 ] ::1 /group/index.php/Admin/Goods/index
INFO: [ app_init ] --START--
INFO: Run Behavior\BuildLiteBehavior [ RunTime:0.000000s ]
INFO: [ app_init ] --END-- [ RunTime:0.000000s ]

[ 2016-06-22T20:39:18+08:00 ] ::1 /group/index.php/Admin/Goods/saveGoods/gid/18
INFO: [ app_init ] --START--
INFO: Run Behavior\BuildLiteBehavior [ RunTime:0.000000s ]
INFO: [ app_init ] --END-- [ RunTime:0.000000s ]

[ 2016-06-22T20:39:32+08:00 ] ::1 /group/index.php/Admin
INFO: [ app_init ] --START--
INFO: Run Behavior\BuildLiteBehavior [ RunTime:0.000000s ]
INFO: [ app_init ] --END-- [ RunTime:0.000000s ]

[ 2016-06-22T20:39:33+08:00 ] ::1 /group/index.php/Admin/Goods/index
INFO: [ app_init ] --START--
INFO: Run Behavior\BuildLiteBehavior [ RunTime:0.000000s ]
INFO: [ app_init ] --END-- [ RunTime:0.000000s ]

[ 2016-06-22T20:39:34+08:00 ] ::1 /group/index.php/Admin/Goods/saveGoods/gid/13
INFO: [ app_init ] --START--
INFO: Run Behavior\BuildLiteBehavior [ RunTime:0.000000s ]
INFO: [ app_init ] --END-- [ RunTime:0.015600s ]

[ 2016-06-22T20:40:51+08:00 ] ::1 /group/index.php/Admin/Goods/saveGoods
INFO: [ app_init ] --START--
INFO: Run Behavior\BuildLiteBehavior [ RunTime:0.000000s ]
INFO: [ app_init ] --END-- [ RunTime:0.000000s ]

[ 2016-06-22T20:40:54+08:00 ] ::1 /group/index.php/Admin/Goods/saveGoods/gid/18
INFO: [ app_init ] --START--
INFO: Run Behavior\BuildLiteBehavior [ RunTime:0.000000s ]
INFO: [ app_init ] --END-- [ RunTime:0.000000s ]

[ 2016-06-22T20:41:01+08:00 ] ::1 /group/index.php/Admin/Goods/saveGoods/gid/18
INFO: [ app_init ] --START--
INFO: Run Behavior\BuildLiteBehavior [ RunTime:0.000000s ]
INFO: [ app_init ] --END-- [ RunTime:0.000000s ]

[ 2016-06-22T20:42:57+08:00 ] ::1 /group/index.php/Admin/Goods/saveGoods/gid/18
INFO: [ app_init ] --START--
INFO: Run Behavior\BuildLiteBehavior [ RunTime:0.000000s ]
INFO: [ app_init ] --END-- [ RunTime:0.000000s ]

[ 2016-06-22T20:42:59+08:00 ] ::1 /group/index.php/Admin/Goods/saveGoods/gid/18
INFO: [ app_init ] --START--
INFO: Run Behavior\BuildLiteBehavior [ RunTime:0.000000s ]
INFO: [ app_init ] --END-- [ RunTime:0.000000s ]

[ 2016-06-22T20:43:01+08:00 ] ::1 /group/index.php/Admin/Goods/saveGoods/gid/18
INFO: [ app_init ] --START--
INFO: Run Behavior\BuildLiteBehavior [ RunTime:0.000000s ]
INFO: [ app_init ] --END-- [ RunTime:0.000000s ]

[ 2016-06-22T20:43:06+08:00 ] ::1 /group/index.php/Admin/Goods/saveGoods/gid/13
INFO: [ app_init ] --START--
INFO: Run Behavior\BuildLiteBehavior [ RunTime:0.000000s ]
INFO: [ app_init ] --END-- [ RunTime:0.000000s ]

[ 2016-06-22T20:43:17+08:00 ] ::1 /group/index.php/Admin/Goods/saveGoods
INFO: [ app_init ] --START--
INFO: Run Behavior\BuildLiteBehavior [ RunTime:0.000000s ]
INFO: [ app_init ] --END-- [ RunTime:0.000000s ]

[ 2016-06-22T20:44:32+08:00 ] ::1 /group/index.php/Admin/Goods/saveGoods
INFO: [ app_init ] --START--
INFO: Run Behavior\BuildLiteBehavior [ RunTime:0.000000s ]
INFO: [ app_init ] --END-- [ RunTime:0.000000s ]

[ 2016-06-22T20:44:34+08:00 ] ::1 /group/index.php/Admin/Goods/saveGoods
INFO: [ app_init ] --START--
INFO: Run Behavior\BuildLiteBehavior [ RunTime:0.000000s ]
INFO: [ app_init ] --END-- [ RunTime:0.000000s ]

[ 2016-06-22T20:45:20+08:00 ] ::1 /group/index.php/Admin/Goods/saveGoods
INFO: [ app_init ] --START--
INFO: Run Behavior\BuildLiteBehavior [ RunTime:0.000000s ]
INFO: [ app_init ] --END-- [ RunTime:0.000000s ]

[ 2016-06-22T20:45:22+08:00 ] ::1 /group/index.php/Admin/Goods/saveGoods
INFO: [ app_init ] --START--
INFO: Run Behavior\BuildLiteBehavior [ RunTime:0.000000s ]
INFO: [ app_init ] --END-- [ RunTime:0.000000s ]

[ 2016-06-22T20:45:30+08:00 ] ::1 /group/index.php/Admin/Goods/saveGoods
INFO: [ app_init ] --START--
INFO: Run Behavior\BuildLiteBehavior [ RunTime:0.000000s ]
INFO: [ app_init ] --END-- [ RunTime:0.000000s ]
ERR: 1054:Unknown column 'goods.gid' in 'where clause'
 [ SQL语句 ] : UPDATE `gr_goods` SET `gid`='13',`cid`='4',`lid`='11',`shopid`='1',`price`='233',`old_price`='332',`main_title`='数码',`sub_title`='数码数码数码',`begin_time`='',`end_time`='',`goods_img`='2016-06-22/576a886ace97b.jpg' WHERE goods.gid = 13

[ 2016-06-22T20:46:36+08:00 ] ::1 /group/index.php/Admin/Goods/saveGoods
INFO: [ app_init ] --START--
INFO: Run Behavior\BuildLiteBehavior [ RunTime:0.000000s ]
INFO: [ app_init ] --END-- [ RunTime:0.015600s ]
ERR: 1054:Unknown column 'goods.gid' in 'where clause'
 [ SQL语句 ] : UPDATE `gr_goods` SET `gid`='13',`cid`='4',`lid`='11',`shopid`='1',`price`='233',`old_price`='332',`main_title`='数码',`sub_title`='数码数码数码',`begin_time`='',`end_time`='',`goods_img`='2016-06-22/576a88ac3358d.jpg' WHERE goods.gid = 13

[ 2016-06-22T20:48:51+08:00 ] ::1 /group/index.php/Admin/Goods/index
INFO: [ app_init ] --START--
INFO: Run Behavior\BuildLiteBehavior [ RunTime:0.000000s ]
INFO: [ app_init ] --END-- [ RunTime:0.000000s ]

[ 2016-06-22T20:48:54+08:00 ] ::1 /group/index.php/Admin/Goods/deleteGoods/gid/13
INFO: [ app_init ] --START--
INFO: Run Behavior\BuildLiteBehavior [ RunTime:0.000000s ]
INFO: [ app_init ] --END-- [ RunTime:0.000000s ]
ERR: 1146:Table 'group.goods_detail' doesn't exist
 [ SQL语句 ] : SHOW COLUMNS FROM `goods_detail`

[ 2016-06-22T20:50:30+08:00 ] ::1 /group/index.php/Admin
INFO: [ app_init ] --START--
INFO: Run Behavior\BuildLiteBehavior [ RunTime:0.000000s ]
INFO: [ app_init ] --END-- [ RunTime:0.001000s ]

[ 2016-06-22T20:50:33+08:00 ] ::1 /group/index.php/Admin/Goods/index
INFO: [ app_init ] --START--
INFO: Run Behavior\BuildLiteBehavior [ RunTime:0.000000s ]
INFO: [ app_init ] --END-- [ RunTime:0.015600s ]

[ 2016-06-22T20:50:35+08:00 ] ::1 /group/index.php/Admin/Goods/deleteGoods/gid/13
INFO: [ app_init ] --START--
INFO: Run Behavior\BuildLiteBehavior [ RunTime:0.000000s ]
INFO: [ app_init ] --END-- [ RunTime:0.000000s ]
ERR: 1146:Table 'group.goods_detail' doesn't exist
 [ SQL语句 ] : SHOW COLUMNS FROM `goods_detail`

[ 2016-06-22T20:52:46+08:00 ] ::1 /group/index.php/Admin/Goods/saveGoods
INFO: [ app_init ] --START--
INFO: Run Behavior\BuildLiteBehavior [ RunTime:0.000000s ]
INFO: [ app_init ] --END-- [ RunTime:0.000000s ]
ERR: 1054:Unknown column 'goods.gid' in 'where clause'
 [ SQL语句 ] : UPDATE `gr_goods` SET `gid`='13',`cid`='4',`lid`='11',`shopid`='1',`price`='233',`old_price`='332',`main_title`='数码',`sub_title`='数码数码数码',`begin_time`='',`end_time`='',`goods_img`='2016-06-22/576a8a1e4803e.jpg' WHERE goods.gid = 13

[ 2016-06-22T20:53:26+08:00 ] ::1 /group/index.php/Admin
INFO: [ app_init ] --START--
INFO: Run Behavior\BuildLiteBehavior [ RunTime:0.015600s ]
INFO: [ app_init ] --END-- [ RunTime:0.015600s ]

[ 2016-06-22T20:53:28+08:00 ] ::1 /group/index.php/Admin/Goods/index
INFO: [ app_init ] --START--
INFO: Run Behavior\BuildLiteBehavior [ RunTime:0.000000s ]
INFO: [ app_init ] --END-- [ RunTime:0.000000s ]

[ 2016-06-22T20:53:30+08:00 ] ::1 /group/index.php/Admin/Goods/deleteGoods/gid/13
INFO: [ app_init ] --START--
INFO: Run Behavior\BuildLiteBehavior [ RunTime:0.000000s ]
INFO: [ app_init ] --END-- [ RunTime:0.000000s ]
ERR: 1146:Table 'group.goods_detail' doesn't exist
 [ SQL语句 ] : SHOW COLUMNS FROM `goods_detail`

[ 2016-06-22T20:55:25+08:00 ] ::1 /group/index.php/Admin/Goods/saveGoods
INFO: [ app_init ] --START--
INFO: Run Behavior\BuildLiteBehavior [ RunTime:0.000000s ]
INFO: [ app_init ] --END-- [ RunTime:0.000000s ]

[ 2016-06-22T20:56:32+08:00 ] ::1 /group/index.php/Admin/Goods/saveGoods
INFO: [ app_init ] --START--
INFO: Run Behavior\BuildLiteBehavior [ RunTime:0.000000s ]
INFO: [ app_init ] --END-- [ RunTime:0.000000s ]

[ 2016-06-22T20:56:34+08:00 ] ::1 /group/index.php/Admin/Goods/saveGoods
INFO: [ app_init ] --START--
INFO: Run Behavior\BuildLiteBehavior [ RunTime:0.000000s ]
INFO: [ app_init ] --END-- [ RunTime:0.000000s ]

[ 2016-06-22T20:57:09+08:00 ] ::1 /group/index.php/Admin/Goods/saveGoods
INFO: [ app_init ] --START--
INFO: Run Behavior\BuildLiteBehavior [ RunTime:0.000000s ]
INFO: [ app_init ] --END-- [ RunTime:0.000000s ]

[ 2016-06-22T20:57:22+08:00 ] ::1 /group/index.php/Admin/Goods/saveGoods
INFO: [ app_init ] --START--
INFO: Run Behavior\BuildLiteBehavior [ RunTime:0.000000s ]
INFO: [ app_init ] --END-- [ RunTime:0.000000s ]

[ 2016-06-22T20:57:38+08:00 ] ::1 /group/index.php/Admin/Goods/saveGoods
INFO: [ app_init ] --START--
INFO: Run Behavior\BuildLiteBehavior [ RunTime:0.000000s ]
INFO: [ app_init ] --END-- [ RunTime:0.000000s ]

[ 2016-06-22T20:59:13+08:00 ] ::1 /group/index.php/Admin/Goods/saveGoods
INFO: [ app_init ] --START--
INFO: Run Behavior\BuildLiteBehavior [ RunTime:0.000000s ]
INFO: [ app_init ] --END-- [ RunTime:0.000000s ]
ERR: 1054:Unknown column 'goods.gid' in 'where clause'
 [ SQL语句 ] : UPDATE `gr_goods` SET `gid`='13',`cid`='4',`lid`='11',`shopid`='1',`price`='233',`old_price`='332',`main_title`='数码',`sub_title`='数码数码数码',`begin_time`='',`end_time`='',`goods_img`='2016-06-22/576a8ba12eb15.jpg' WHERE goods.gid = 13

[ 2016-06-22T21:02:16+08:00 ] ::1 /group/index.php/Admin/Goods/saveGoods
INFO: [ app_init ] --START--
INFO: Run Behavior\BuildLiteBehavior [ RunTime:0.000000s ]
INFO: [ app_init ] --END-- [ RunTime:0.000000s ]
ERR: 1146:Table 'group.goods' doesn't exist
 [ SQL语句 ] : SHOW COLUMNS FROM `goods`

[ 2016-06-22T21:08:14+08:00 ] ::1 /group/index.php/Admin/Goods/saveGoods
INFO: [ app_init ] --START--
INFO: Run Behavior\BuildLiteBehavior [ RunTime:0.000000s ]
INFO: [ app_init ] --END-- [ RunTime:0.000000s ]
ERR: Think\Model:M方法不存在！

[ 2016-06-22T21:08:57+08:00 ] ::1 /group/index.php/Admin/Goods/saveGoods
INFO: [ app_init ] --START--
INFO: Run Behavior\BuildLiteBehavior [ RunTime:0.000000s ]
INFO: [ app_init ] --END-- [ RunTime:0.000000s ]
ERR: 1146:Table 'group.gr_gr_goods' doesn't exist
 [ SQL语句 ] : SHOW COLUMNS FROM `gr_gr_goods`

[ 2016-06-22T21:09:06+08:00 ] ::1 /group/index.php/Admin/Goods/saveGoods
INFO: [ app_init ] --START--
INFO: Run Behavior\BuildLiteBehavior [ RunTime:0.000000s ]
INFO: [ app_init ] --END-- [ RunTime:0.015600s ]

[ 2016-06-22T21:09:26+08:00 ] ::1 /group/index.php/Admin/Goods/saveGoods
INFO: [ app_init ] --START--
INFO: Run Behavior\BuildLiteBehavior [ RunTime:0.000000s ]
INFO: [ app_init ] --END-- [ RunTime:0.000000s ]

[ 2016-06-22T21:09:38+08:00 ] ::1 /group/index.php/Admin/Goods/saveGoods
INFO: [ app_init ] --START--
INFO: Run Behavior\BuildLiteBehavior [ RunTime:0.000000s ]
INFO: [ app_init ] --END-- [ RunTime:0.000000s ]
ERR: Think\Model:getAffectedRows方法不存在！

[ 2016-06-22T21:11:15+08:00 ] ::1 /group/index.php/Admin/Goods/saveGoods
INFO: [ app_init ] --START--
INFO: Run Behavior\BuildLiteBehavior [ RunTime:0.000000s ]
INFO: [ app_init ] --END-- [ RunTime:0.000000s ]

[ 2016-06-22T21:11:36+08:00 ] ::1 /group/index.php/Admin/Goods/saveGoods/gid/13
INFO: [ app_init ] --START--
INFO: Run Behavior\BuildLiteBehavior [ RunTime:0.000000s ]
INFO: [ app_init ] --END-- [ RunTime:0.000000s ]

[ 2016-06-22T21:11:48+08:00 ] ::1 /group/index.php/Admin/Goods/saveGoods/gid/13
INFO: [ app_init ] --START--
INFO: Run Behavior\BuildLiteBehavior [ RunTime:0.000000s ]
INFO: [ app_init ] --END-- [ RunTime:0.000000s ]

[ 2016-06-22T21:11:55+08:00 ] ::1 /group/index.php/Admin/Goods/saveGoods
INFO: [ app_init ] --START--
INFO: Run Behavior\BuildLiteBehavior [ RunTime:0.000000s ]
INFO: [ app_init ] --END-- [ RunTime:0.001001s ]

[ 2016-06-22T21:12:24+08:00 ] ::1 /group/index.php/Admin/Goods/saveGoods/gid/13
INFO: [ app_init ] --START--
INFO: Run Behavior\BuildLiteBehavior [ RunTime:0.000000s ]
INFO: [ app_init ] --END-- [ RunTime:0.001000s ]

[ 2016-06-22T21:12:26+08:00 ] ::1 /group/index.php/Admin/Goods/saveGoods
INFO: [ app_init ] --START--
INFO: Run Behavior\BuildLiteBehavior [ RunTime:0.000000s ]
INFO: [ app_init ] --END-- [ RunTime:0.001000s ]

[ 2016-06-22T21:13:30+08:00 ] ::1 /group/index.php/Admin/Goods/saveGoods
INFO: [ app_init ] --START--
INFO: Run Behavior\BuildLiteBehavior [ RunTime:0.000000s ]
INFO: [ app_init ] --END-- [ RunTime:0.015600s ]
ERR: 1146:Table 'group.goods' doesn't exist
 [ SQL语句 ] : SHOW COLUMNS FROM `goods`

[ 2016-06-22T21:16:08+08:00 ] ::1 /group/index.php/Admin
INFO: [ app_init ] --START--
INFO: Run Behavior\BuildLiteBehavior [ RunTime:0.000000s ]
INFO: [ app_init ] --END-- [ RunTime:0.001000s ]

[ 2016-06-22T21:16:10+08:00 ] ::1 /group/index.php/Admin/Goods/saveGoods
INFO: [ app_init ] --START--
INFO: Run Behavior\BuildLiteBehavior [ RunTime:0.000000s ]
INFO: [ app_init ] --END-- [ RunTime:0.001000s ]
ERR: Think\Model:dbName方法不存在！

[ 2016-06-22T21:19:54+08:00 ] ::1 /group/index.php/Admin/Goods/saveGoods
INFO: [ app_init ] --START--
INFO: Run Behavior\BuildLiteBehavior [ RunTime:0.000000s ]
INFO: [ app_init ] --END-- [ RunTime:0.000000s ]
ERR: 1054:Unknown column 'goods.gid' in 'where clause'
 [ SQL语句 ] : UPDATE `gr_goods` SET `gid`='13',`cid`='4',`lid`='11',`shopid`='1',`price`='233',`old_price`='332',`main_title`='数码',`sub_title`='数码数码数码',`begin_time`='',`end_time`='',`goods_img`='2016-06-22/576a907a52a3a.jpg' WHERE goods.gid = 13

[ 2016-06-22T21:21:17+08:00 ] ::1 /group/index.php/Admin/Goods/saveGoods
INFO: [ app_init ] --START--
INFO: Run Behavior\BuildLiteBehavior [ RunTime:0.000000s ]
INFO: [ app_init ] --END-- [ RunTime:0.000000s ]
ERR: 1054:Unknown column 'goods.gid' in 'where clause'
 [ SQL语句 ] : UPDATE `gr_goods` SET `gid`='13',`cid`='4',`lid`='11',`shopid`='1',`price`='233',`old_price`='332',`main_title`='数码',`sub_title`='数码数码数码',`begin_time`='',`end_time`='',`goods_img`='2016-06-22/576a90cd9ff21.jpg' WHERE goods.gid = 13

[ 2016-06-22T21:21:36+08:00 ] ::1 /group/index.php/Admin/Goods/saveGoods
INFO: [ app_init ] --START--
INFO: Run Behavior\BuildLiteBehavior [ RunTime:0.000000s ]
INFO: [ app_init ] --END-- [ RunTime:0.000000s ]

[ 2016-06-22T21:22:06+08:00 ] ::1 /group/index.php/Admin/Goods/saveGoods
INFO: [ app_init ] --START--
INFO: Run Behavior\BuildLiteBehavior [ RunTime:0.000000s ]
INFO: [ app_init ] --END-- [ RunTime:0.015600s ]
ERR: Think\Model:trueTableName方法不存在！

[ 2016-06-22T21:22:54+08:00 ] ::1 /group/index.php/Admin/Goods/saveGoods
INFO: [ app_init ] --START--
INFO: Run Behavior\BuildLiteBehavior [ RunTime:0.000000s ]
INFO: [ app_init ] --END-- [ RunTime:0.015600s ]
ERR: 1054:Unknown column 'goods.gid' in 'where clause'
 [ SQL语句 ] : UPDATE `gr_goods` SET `gid`='13',`cid`='4',`lid`='11',`shopid`='1',`price`='233',`old_price`='332',`main_title`='数码',`sub_title`='数码数码数码',`begin_time`='',`end_time`='',`goods_img`='2016-06-22/576a912e4b06a.jpg' WHERE goods.gid = 13

[ 2016-06-22T21:23:55+08:00 ] ::1 /group/index.php/Admin/Goods/saveGoods
INFO: [ app_init ] --START--
INFO: Run Behavior\BuildLiteBehavior [ RunTime:0.000000s ]
INFO: [ app_init ] --END-- [ RunTime:0.000000s ]
ERR: 1054:Unknown column 'goods.gid' in 'where clause'
 [ SQL语句 ] : UPDATE `gr_goods` SET `gid`='13',`cid`='4',`lid`='11',`shopid`='1',`price`='233',`old_price`='332',`main_title`='数码',`sub_title`='数码数码数码',`begin_time`='',`end_time`='',`goods_img`='2016-06-22/576a916b1d97d.jpg' WHERE goods.gid = 13

[ 2016-06-22T21:26:42+08:00 ] ::1 /group/index.php/Admin/Goods/saveGoods
INFO: [ app_init ] --START--
INFO: Run Behavior\BuildLiteBehavior [ RunTime:0.000000s ]
INFO: [ app_init ] --END-- [ RunTime:0.000000s ]
ERR: 1054:Unknown column 'goods.gid' in 'where clause'
 [ SQL语句 ] : UPDATE `gr_goods` SET `gid`='13',`cid`='4',`lid`='11',`shopid`='1',`price`='233',`old_price`='332',`main_title`='数码',`sub_title`='数码数码数码',`begin_time`='',`end_time`='',`goods_img`='2016-06-22/576a921230aef.jpg' WHERE goods.gid = 13

[ 2016-06-22T21:29:57+08:00 ] ::1 /group/index.php/Admin/Goods/saveGoods
INFO: [ app_init ] --START--
INFO: Run Behavior\BuildLiteBehavior [ RunTime:0.000000s ]
INFO: [ app_init ] --END-- [ RunTime:0.000000s ]
ERR: 1146:Table 'db_name.gr_goods' doesn't exist
 [ SQL语句 ] : SHOW COLUMNS FROM `db_name`.`gr_goods`

[ 2016-06-22T21:31:05+08:00 ] ::1 /group/index.php/Admin/Goods/saveGoods
INFO: [ app_init ] --START--
INFO: Run Behavior\BuildLiteBehavior [ RunTime:0.000000s ]
INFO: [ app_init ] --END-- [ RunTime:0.000000s ]

[ 2016-06-22T21:31:43+08:00 ] ::1 /group/index.php/Admin/Goods/saveGoods
INFO: [ app_init ] --START--
INFO: Run Behavior\BuildLiteBehavior [ RunTime:0.000000s ]
INFO: [ app_init ] --END-- [ RunTime:0.000000s ]
ERR: 1054:Unknown column 'goods.gid' in 'where clause'
 [ SQL语句 ] : UPDATE `gr_goods` SET `gid`='13',`cid`='4',`lid`='11',`shopid`='1',`price`='233',`old_price`='332',`main_title`='数码',`sub_title`='数码数码数码',`begin_time`='',`end_time`='',`goods_img`='2016-06-22/576a933eeca14.jpg' WHERE goods.gid = 13

[ 2016-06-22T21:33:02+08:00 ] ::1 /group/index.php/Admin/Goods/saveGoods
INFO: [ app_init ] --START--
INFO: Run Behavior\BuildLiteBehavior [ RunTime:0.000000s ]
INFO: [ app_init ] --END-- [ RunTime:0.000000s ]
ERR: 1052:Column 'cid' in field list is ambiguous
 [ SQL语句 ] : UPDATE gr_goods goods INNER JOIN gr_category category ON goods.cid = category.cid INNER JOIN gr_shop shop ON goods.shopid = shop.shopid INNER JOIN gr_locality locality ON goods.lid = locality.lid  JOIN gr_goods_detail goods_detail ON goods.gid = goods_detail.goods_id SET `gid`='13',`cid`='4',`lid`='11',`shopid`='1',`price`='233',`old_price`='332',`main_title`='数码',`sub_title`='数码数码数码',`begin_time`='',`end_time`='',`goods_img`='2016-06-22/576a938e200cb.jpg' WHERE goods.gid = 13

[ 2016-06-22T21:33:44+08:00 ] ::1 /group/index.php/Admin/Goods/saveGoods
INFO: [ app_init ] --START--
INFO: Run Behavior\BuildLiteBehavior [ RunTime:0.000000s ]
INFO: [ app_init ] --END-- [ RunTime:0.000000s ]
ERR: 1054:Unknown column 'goods.gid' in 'where clause'
 [ SQL语句 ] : UPDATE `gr_goods` SET `gid`='13',`cid`='4',`lid`='11',`shopid`='1',`price`='233',`old_price`='332',`main_title`='数码',`sub_title`='数码数码数码',`begin_time`='',`end_time`='',`goods_img`='2016-06-22/576a93b809e01.jpg' WHERE goods.gid = 13

[ 2016-06-22T21:36:22+08:00 ] ::1 /group/index.php/Admin/Goods/saveGoods
INFO: [ app_init ] --START--
INFO: Run Behavior\BuildLiteBehavior [ RunTime:0.000000s ]
INFO: [ app_init ] --END-- [ RunTime:0.000000s ]
ERR: 1054:Unknown column 'gr.goods.gid' in 'where clause'
 [ SQL语句 ] : UPDATE `gr_goods` SET `gid`='13',`cid`='4',`lid`='11',`shopid`='1',`price`='233',`old_price`='332',`main_title`='数码',`sub_title`='数码数码数码',`begin_time`='',`end_time`='',`goods_img`='2016-06-22/576a9456b3a54.jpg' WHERE gr.goods.gid = 13

[ 2016-06-22T21:36:36+08:00 ] ::1 /group/index.php/Admin/Goods/saveGoods
INFO: [ app_init ] --START--
INFO: Run Behavior\BuildLiteBehavior [ RunTime:0.000000s ]
INFO: [ app_init ] --END-- [ RunTime:0.000000s ]

[ 2016-06-22T21:37:38+08:00 ] ::1 /group/index.php/Admin/Goods/saveGoods
INFO: [ app_init ] --START--
INFO: Run Behavior\BuildLiteBehavior [ RunTime:0.000000s ]
INFO: [ app_init ] --END-- [ RunTime:0.000000s ]
ERR: 1054:Unknown column 'goods_detail.goods_id' in 'where clause'
 [ SQL语句 ] : UPDATE `gr_goods_detail` SET `detail`='&lt;p&gt;数码电器&lt;br/&gt;&lt;/p&gt;',`goods_server`='s:0:\"\";' WHERE goods_detail.goods_id = 13

[ 2016-06-22T21:38:26+08:00 ] ::1 /group/index.php/Admin/Goods/saveGoods
INFO: [ app_init ] --START--
INFO: Run Behavior\BuildLiteBehavior [ RunTime:0.000000s ]
INFO: [ app_init ] --END-- [ RunTime:0.000000s ]

[ 2016-06-22T21:38:57+08:00 ] ::1 /group/index.php/Admin/Goods/saveGoods
INFO: [ app_init ] --START--
INFO: Run Behavior\BuildLiteBehavior [ RunTime:0.000000s ]
INFO: [ app_init ] --END-- [ RunTime:0.000000s ]
ERR: Think\Model:getAffectedRows方法不存在！

[ 2016-06-22T21:41:14+08:00 ] ::1 /group/index.php/Admin/Goods/saveGoods
INFO: [ app_init ] --START--
INFO: Run Behavior\BuildLiteBehavior [ RunTime:0.000000s ]
INFO: [ app_init ] --END-- [ RunTime:0.015600s ]

[ 2016-06-22T21:41:16+08:00 ] ::1 /group/index.php/Admin/Goods/index
INFO: [ app_init ] --START--
INFO: Run Behavior\BuildLiteBehavior [ RunTime:0.000000s ]
INFO: [ app_init ] --END-- [ RunTime:0.000000s ]

[ 2016-06-22T21:41:23+08:00 ] ::1 /group/index.php/Admin/Goods/saveGoods/gid/14
INFO: [ app_init ] --START--
INFO: Run Behavior\BuildLiteBehavior [ RunTime:0.000000s ]
INFO: [ app_init ] --END-- [ RunTime:0.000000s ]

[ 2016-06-22T21:41:33+08:00 ] ::1 /group/index.php/Admin/Goods/saveGoods
INFO: [ app_init ] --START--
INFO: Run Behavior\BuildLiteBehavior [ RunTime:0.000000s ]
INFO: [ app_init ] --END-- [ RunTime:0.001000s ]

[ 2016-06-22T21:41:49+08:00 ] ::1 /group/index.php/Admin/Goods/saveGoods
INFO: [ app_init ] --START--
INFO: Run Behavior\BuildLiteBehavior [ RunTime:0.000000s ]
INFO: [ app_init ] --END-- [ RunTime:0.000000s ]

[ 2016-06-22T21:41:51+08:00 ] ::1 /group/index.php/Admin/Goods/index
INFO: [ app_init ] --START--
INFO: Run Behavior\BuildLiteBehavior [ RunTime:0.000000s ]
INFO: [ app_init ] --END-- [ RunTime:0.001000s ]

[ 2016-06-22T21:42:00+08:00 ] ::1 /group/index.php/Admin/Goods/deleteGoods/gid/13
INFO: [ app_init ] --START--
INFO: Run Behavior\BuildLiteBehavior [ RunTime:0.000000s ]
INFO: [ app_init ] --END-- [ RunTime:0.000000s ]
ERR: 1054:Unknown column 'goods_detail.goods_id' in 'where clause'
 [ SQL语句 ] : DELETE FROM `gr_goods_detail` WHERE goods_detail.goods_id = 13

[ 2016-06-22T21:42:18+08:00 ] ::1 /group/index.php/Admin/Goods/deleteGoods/gid/13
INFO: [ app_init ] --START--
INFO: Run Behavior\BuildLiteBehavior [ RunTime:0.000000s ]
INFO: [ app_init ] --END-- [ RunTime:0.000000s ]

[ 2016-06-22T21:42:38+08:00 ] ::1 /group/index.php/Admin/Goods/deleteGoods/gid/13
INFO: [ app_init ] --START--
INFO: Run Behavior\BuildLiteBehavior [ RunTime:0.000000s ]
INFO: [ app_init ] --END-- [ RunTime:0.000000s ]

[ 2016-06-22T21:42:49+08:00 ] ::1 /group/index.php/Admin/Goods/index
INFO: [ app_init ] --START--
INFO: Run Behavior\BuildLiteBehavior [ RunTime:0.000000s ]
INFO: [ app_init ] --END-- [ RunTime:0.000000s ]

[ 2016-06-22T21:42:52+08:00 ] ::1 /group/index.php/Admin/Goods/deleteGoods/gid/13
INFO: [ app_init ] --START--
INFO: Run Behavior\BuildLiteBehavior [ RunTime:0.000000s ]
INFO: [ app_init ] --END-- [ RunTime:0.000000s ]

[ 2016-06-22T21:45:18+08:00 ] ::1 /group/index.php/Admin
INFO: [ app_init ] --START--
INFO: Run Behavior\BuildLiteBehavior [ RunTime:0.000000s ]
INFO: [ app_init ] --END-- [ RunTime:0.001000s ]

[ 2016-06-22T21:45:21+08:00 ] ::1 /group/index.php/Admin/Goods/index
INFO: [ app_init ] --START--
INFO: Run Behavior\BuildLiteBehavior [ RunTime:0.000000s ]
INFO: [ app_init ] --END-- [ RunTime:0.001000s ]

[ 2016-06-22T21:45:23+08:00 ] ::1 /group/index.php/Admin/Goods/deleteGoods/gid/13
INFO: [ app_init ] --START--
INFO: Run Behavior\BuildLiteBehavior [ RunTime:0.000000s ]
INFO: [ app_init ] --END-- [ RunTime:0.001000s ]

[ 2016-06-22T21:47:00+08:00 ] ::1 /group/index.php/Admin
INFO: [ app_init ] --START--
INFO: Run Behavior\BuildLiteBehavior [ RunTime:0.000000s ]
INFO: [ app_init ] --END-- [ RunTime:0.000000s ]

[ 2016-06-22T21:47:02+08:00 ] ::1 /group/index.php/Admin/Goods/index
INFO: [ app_init ] --START--
INFO: Run Behavior\BuildLiteBehavior [ RunTime:0.000000s ]
INFO: [ app_init ] --END-- [ RunTime:0.000000s ]

[ 2016-06-22T21:47:04+08:00 ] ::1 /group/index.php/Admin/Goods/deleteGoods/gid/14
INFO: [ app_init ] --START--
INFO: Run Behavior\BuildLiteBehavior [ RunTime:0.000000s ]
INFO: [ app_init ] --END-- [ RunTime:0.000000s ]

[ 2016-06-22T21:47:42+08:00 ] ::1 /group/index.php/Admin
INFO: [ app_init ] --START--
INFO: Run Behavior\BuildLiteBehavior [ RunTime:0.000000s ]
INFO: [ app_init ] --END-- [ RunTime:0.000000s ]

[ 2016-06-22T21:47:44+08:00 ] ::1 /group/index.php/Admin/Shop/index
INFO: [ app_init ] --START--
INFO: Run Behavior\BuildLiteBehavior [ RunTime:0.000000s ]
INFO: [ app_init ] --END-- [ RunTime:0.000000s ]

[ 2016-06-22T21:47:48+08:00 ] ::1 /group/index.php/Admin/Goods/index
INFO: [ app_init ] --START--
INFO: Run Behavior\BuildLiteBehavior [ RunTime:0.000000s ]
INFO: [ app_init ] --END-- [ RunTime:0.000000s ]

[ 2016-06-22T21:47:50+08:00 ] ::1 /group/index.php/Admin/Goods/deleteGoods/gid/15
INFO: [ app_init ] --START--
INFO: Run Behavior\BuildLiteBehavior [ RunTime:0.000000s ]
INFO: [ app_init ] --END-- [ RunTime:0.000000s ]

[ 2016-06-22T21:48:08+08:00 ] ::1 /group/index.php/Admin
INFO: [ app_init ] --START--
INFO: Run Behavior\BuildLiteBehavior [ RunTime:0.000000s ]
INFO: [ app_init ] --END-- [ RunTime:0.000000s ]

[ 2016-06-22T21:48:10+08:00 ] ::1 /group/index.php/Admin/Goods/index
INFO: [ app_init ] --START--
INFO: Run Behavior\BuildLiteBehavior [ RunTime:0.000000s ]
INFO: [ app_init ] --END-- [ RunTime:0.000000s ]

[ 2016-06-22T21:48:15+08:00 ] ::1 /group/index.php/Admin/Goods/index
INFO: [ app_init ] --START--
INFO: Run Behavior\BuildLiteBehavior [ RunTime:0.000000s ]
INFO: [ app_init ] --END-- [ RunTime:0.000000s ]

[ 2016-06-22T21:49:13+08:00 ] ::1 /group/index.php/Admin
INFO: [ app_init ] --START--
INFO: Run Behavior\BuildLiteBehavior [ RunTime:0.000000s ]
INFO: [ app_init ] --END-- [ RunTime:0.000000s ]

[ 2016-06-22T21:49:15+08:00 ] ::1 /group/index.php/Admin/Goods/index
INFO: [ app_init ] --START--
INFO: Run Behavior\BuildLiteBehavior [ RunTime:0.000000s ]
INFO: [ app_init ] --END-- [ RunTime:0.015600s ]

[ 2016-06-22T21:49:18+08:00 ] ::1 /group/index.php/Admin/Goods/addGoods
INFO: [ app_init ] --START--
INFO: Run Behavior\BuildLiteBehavior [ RunTime:0.000000s ]
INFO: [ app_init ] --END-- [ RunTime:0.000000s ]

[ 2016-06-22T21:49:20+08:00 ] ::1 /group/index.php/Admin/Goods/index
INFO: [ app_init ] --START--
INFO: Run Behavior\BuildLiteBehavior [ RunTime:0.000000s ]
INFO: [ app_init ] --END-- [ RunTime:0.000000s ]

[ 2016-06-22T21:51:45+08:00 ] ::1 /group/index.php/Admin
INFO: [ app_init ] --START--
INFO: Run Behavior\BuildLiteBehavior [ RunTime:0.000000s ]
INFO: [ app_init ] --END-- [ RunTime:0.000000s ]

[ 2016-06-22T21:51:47+08:00 ] ::1 /group/index.php/Admin/Goods/index
INFO: [ app_init ] --START--
INFO: Run Behavior\BuildLiteBehavior [ RunTime:0.000000s ]
INFO: [ app_init ] --END-- [ RunTime:0.000000s ]

[ 2016-06-22T21:51:53+08:00 ] ::1 /group/index.php/Admin
INFO: [ app_init ] --START--
INFO: Run Behavior\BuildLiteBehavior [ RunTime:0.000000s ]
INFO: [ app_init ] --END-- [ RunTime:0.000000s ]

[ 2016-06-22T21:51:56+08:00 ] ::1 /group/index.php/Admin/Goods/index
INFO: [ app_init ] --START--
INFO: Run Behavior\BuildLiteBehavior [ RunTime:0.000000s ]
INFO: [ app_init ] --END-- [ RunTime:0.000000s ]

[ 2016-06-22T21:51:58+08:00 ] ::1 /group/index.php/Admin/Goods/deleteGoods/gid/16
INFO: [ app_init ] --START--
INFO: Run Behavior\BuildLiteBehavior [ RunTime:0.000000s ]
INFO: [ app_init ] --END-- [ RunTime:0.000000s ]

[ 2016-06-22T21:52:02+08:00 ] ::1 /group/index.php/Admin/Goods/index
INFO: [ app_init ] --START--
INFO: Run Behavior\BuildLiteBehavior [ RunTime:0.000000s ]
INFO: [ app_init ] --END-- [ RunTime:0.000000s ]

[ 2016-06-22T21:52:53+08:00 ] ::1 /group/index.php/Admin
INFO: [ app_init ] --START--
INFO: Run Behavior\BuildLiteBehavior [ RunTime:0.000000s ]
INFO: [ app_init ] --END-- [ RunTime:0.000000s ]

[ 2016-06-22T21:52:55+08:00 ] ::1 /group/index.php/Admin/Goods/index
INFO: [ app_init ] --START--
INFO: Run Behavior\BuildLiteBehavior [ RunTime:0.000000s ]
INFO: [ app_init ] --END-- [ RunTime:0.015600s ]

[ 2016-06-22T21:52:57+08:00 ] ::1 /group/index.php/Admin/Goods/deleteGoods/gid/16
INFO: [ app_init ] --START--
INFO: Run Behavior\BuildLiteBehavior [ RunTime:0.000000s ]
INFO: [ app_init ] --END-- [ RunTime:0.000000s ]
ERR: 1054:Unknown column 'goods_detail.goods_id' in 'where clause'
 [ SQL语句 ] : DELETE FROM `gr_goods_detail` WHERE goods_detail.goods_id = 16

[ 2016-06-22T21:53:12+08:00 ] ::1 /group/index.php/Admin
INFO: [ app_init ] --START--
INFO: Run Behavior\BuildLiteBehavior [ RunTime:0.000000s ]
INFO: [ app_init ] --END-- [ RunTime:0.000000s ]

[ 2016-06-22T21:53:14+08:00 ] ::1 /group/index.php/Admin/Goods/index
INFO: [ app_init ] --START--
INFO: Run Behavior\BuildLiteBehavior [ RunTime:0.000000s ]
INFO: [ app_init ] --END-- [ RunTime:0.000000s ]

[ 2016-06-22T21:53:17+08:00 ] ::1 /group/index.php/Admin/Goods/deleteGoods/gid/16
INFO: [ app_init ] --START--
INFO: Run Behavior\BuildLiteBehavior [ RunTime:0.000000s ]
INFO: [ app_init ] --END-- [ RunTime:0.000000s ]

[ 2016-06-22T21:53:38+08:00 ] ::1 /group/index.php/Admin
INFO: [ app_init ] --START--
INFO: Run Behavior\BuildLiteBehavior [ RunTime:0.000000s ]
INFO: [ app_init ] --END-- [ RunTime:0.015600s ]

[ 2016-06-22T21:53:40+08:00 ] ::1 /group/index.php/Admin/Goods/index
INFO: [ app_init ] --START--
INFO: Run Behavior\BuildLiteBehavior [ RunTime:0.000000s ]
INFO: [ app_init ] --END-- [ RunTime:0.000000s ]

[ 2016-06-22T21:53:42+08:00 ] ::1 /group/index.php/Admin/Goods/deleteGoods/gid/16
INFO: [ app_init ] --START--
INFO: Run Behavior\BuildLiteBehavior [ RunTime:0.000000s ]
INFO: [ app_init ] --END-- [ RunTime:0.000000s ]

[ 2016-06-22T21:54:23+08:00 ] ::1 /group/index.php/Admin
INFO: [ app_init ] --START--
INFO: Run Behavior\BuildLiteBehavior [ RunTime:0.000000s ]
INFO: [ app_init ] --END-- [ RunTime:0.000000s ]

[ 2016-06-22T21:54:25+08:00 ] ::1 /group/index.php/Admin/Goods/index
INFO: [ app_init ] --START--
INFO: Run Behavior\BuildLiteBehavior [ RunTime:0.000000s ]
INFO: [ app_init ] --END-- [ RunTime:0.015600s ]

[ 2016-06-22T21:54:28+08:00 ] ::1 /group/index.php/Admin/Goods/deleteGoods/gid/17
INFO: [ app_init ] --START--
INFO: Run Behavior\BuildLiteBehavior [ RunTime:0.000000s ]
INFO: [ app_init ] --END-- [ RunTime:0.000000s ]
ERR: 1054:Unknown column 'goods_detail.goods_id' in 'where clause'
 [ SQL语句 ] : DELETE FROM `gr_goods_detail` WHERE goods_detail.goods_id = 17

[ 2016-06-22T21:54:45+08:00 ] ::1 /group/index.php/Admin
INFO: [ app_init ] --START--
INFO: Run Behavior\BuildLiteBehavior [ RunTime:0.000000s ]
INFO: [ app_init ] --END-- [ RunTime:0.000000s ]

[ 2016-06-22T21:54:47+08:00 ] ::1 /group/index.php/Admin/Goods/index
INFO: [ app_init ] --START--
INFO: Run Behavior\BuildLiteBehavior [ RunTime:0.000000s ]
INFO: [ app_init ] --END-- [ RunTime:0.000000s ]

[ 2016-06-22T21:54:50+08:00 ] ::1 /group/index.php/Admin/Goods/deleteGoods/gid/17
INFO: [ app_init ] --START--
INFO: Run Behavior\BuildLiteBehavior [ RunTime:0.000000s ]
INFO: [ app_init ] --END-- [ RunTime:0.000000s ]

[ 2016-06-22T21:55:21+08:00 ] ::1 /group/index.php/Admin
INFO: [ app_init ] --START--
INFO: Run Behavior\BuildLiteBehavior [ RunTime:0.000000s ]
INFO: [ app_init ] --END-- [ RunTime:0.000000s ]

[ 2016-06-22T21:55:23+08:00 ] ::1 /group/index.php/Admin/Goods/index
INFO: [ app_init ] --START--
INFO: Run Behavior\BuildLiteBehavior [ RunTime:0.000000s ]
INFO: [ app_init ] --END-- [ RunTime:0.000000s ]

[ 2016-06-22T21:55:25+08:00 ] ::1 /group/index.php/Admin/Goods/deleteGoods/gid/17
INFO: [ app_init ] --START--
INFO: Run Behavior\BuildLiteBehavior [ RunTime:0.000000s ]
INFO: [ app_init ] --END-- [ RunTime:0.015600s ]

[ 2016-06-22T21:55:40+08:00 ] ::1 /group/index.php/Admin
INFO: [ app_init ] --START--
INFO: Run Behavior\BuildLiteBehavior [ RunTime:0.000000s ]
INFO: [ app_init ] --END-- [ RunTime:0.000000s ]

[ 2016-06-22T21:55:42+08:00 ] ::1 /group/index.php/Admin/Goods/index
INFO: [ app_init ] --START--
INFO: Run Behavior\BuildLiteBehavior [ RunTime:0.000000s ]
INFO: [ app_init ] --END-- [ RunTime:0.000000s ]

[ 2016-06-22T21:55:44+08:00 ] ::1 /group/index.php/Admin/Goods/deleteGoods/gid/17
INFO: [ app_init ] --START--
INFO: Run Behavior\BuildLiteBehavior [ RunTime:0.000000s ]
INFO: [ app_init ] --END-- [ RunTime:0.000000s ]

[ 2016-06-22T21:56:32+08:00 ] ::1 /group/index.php/Admin
INFO: [ app_init ] --START--
INFO: Run Behavior\BuildLiteBehavior [ RunTime:0.000000s ]
INFO: [ app_init ] --END-- [ RunTime:0.000000s ]

[ 2016-06-22T21:56:33+08:00 ] ::1 /group/index.php/Admin/Goods/index
INFO: [ app_init ] --START--
INFO: Run Behavior\BuildLiteBehavior [ RunTime:0.000000s ]
INFO: [ app_init ] --END-- [ RunTime:0.000000s ]

[ 2016-06-22T21:56:35+08:00 ] ::1 /group/index.php/Admin/Goods/deleteGoods/gid/17
INFO: [ app_init ] --START--
INFO: Run Behavior\BuildLiteBehavior [ RunTime:0.000000s ]
INFO: [ app_init ] --END-- [ RunTime:0.000000s ]

[ 2016-06-22T21:56:54+08:00 ] ::1 /group/index.php/Admin
INFO: [ app_init ] --START--
INFO: Run Behavior\BuildLiteBehavior [ RunTime:0.000000s ]
INFO: [ app_init ] --END-- [ RunTime:0.000000s ]

[ 2016-06-22T21:56:56+08:00 ] ::1 /group/index.php/Admin/Goods/index
INFO: [ app_init ] --START--
INFO: Run Behavior\BuildLiteBehavior [ RunTime:0.000000s ]
INFO: [ app_init ] --END-- [ RunTime:0.000000s ]

[ 2016-06-22T21:57:00+08:00 ] ::1 /group/index.php/Admin/Goods/deleteGoods/gid/18
INFO: [ app_init ] --START--
INFO: Run Behavior\BuildLiteBehavior [ RunTime:0.000000s ]
INFO: [ app_init ] --END-- [ RunTime:0.000000s ]

[ 2016-06-22T21:57:01+08:00 ] ::1 /group/index.php/Admin/Goods/index
INFO: [ app_init ] --START--
INFO: Run Behavior\BuildLiteBehavior [ RunTime:0.000000s ]
INFO: [ app_init ] --END-- [ RunTime:0.000000s ]

[ 2016-06-22T21:57:16+08:00 ] ::1 /group/index.php/Admin/Goods/index
INFO: [ app_init ] --START--
INFO: Run Behavior\BuildLiteBehavior [ RunTime:0.000000s ]
INFO: [ app_init ] --END-- [ RunTime:0.000000s ]

[ 2016-06-22T21:57:19+08:00 ] ::1 /group/index.php/Admin/Shop/index
INFO: [ app_init ] --START--
INFO: Run Behavior\BuildLiteBehavior [ RunTime:0.000000s ]
INFO: [ app_init ] --END-- [ RunTime:0.000000s ]

[ 2016-06-22T21:57:20+08:00 ] ::1 /group/index.php/Admin/Goods/addGoods/shopid/1
INFO: [ app_init ] --START--
INFO: Run Behavior\BuildLiteBehavior [ RunTime:0.000000s ]
INFO: [ app_init ] --END-- [ RunTime:0.000000s ]

[ 2016-06-22T21:58:09+08:00 ] ::1 /group/index.php/Admin/Goods/addGoods
INFO: [ app_init ] --START--
INFO: Run Behavior\BuildLiteBehavior [ RunTime:0.000000s ]
INFO: [ app_init ] --END-- [ RunTime:0.001000s ]

[ 2016-06-22T21:58:11+08:00 ] ::1 /group/index.php/Admin/Goods/index
INFO: [ app_init ] --START--
INFO: Run Behavior\BuildLiteBehavior [ RunTime:0.000000s ]
INFO: [ app_init ] --END-- [ RunTime:0.001000s ]

[ 2016-06-22T21:58:14+08:00 ] ::1 /group/index.php/Admin/Goods/saveGoods/gid/19
INFO: [ app_init ] --START--
INFO: Run Behavior\BuildLiteBehavior [ RunTime:0.000000s ]
INFO: [ app_init ] --END-- [ RunTime:0.000000s ]

[ 2016-06-22T21:58:37+08:00 ] ::1 /group/index.php/Admin/Goods/saveGoods
INFO: [ app_init ] --START--
INFO: Run Behavior\BuildLiteBehavior [ RunTime:0.000000s ]
INFO: [ app_init ] --END-- [ RunTime:0.000000s ]

[ 2016-06-22T21:58:38+08:00 ] ::1 /group/index.php/Admin/Goods/index
INFO: [ app_init ] --START--
INFO: Run Behavior\BuildLiteBehavior [ RunTime:0.000000s ]
INFO: [ app_init ] --END-- [ RunTime:0.001000s ]

[ 2016-06-22T21:58:44+08:00 ] ::1 /group/index.php/Admin/Goods/deleteGoods/gid/19
INFO: [ app_init ] --START--
INFO: Run Behavior\BuildLiteBehavior [ RunTime:0.000000s ]
INFO: [ app_init ] --END-- [ RunTime:0.002000s ]

[ 2016-06-22T21:58:46+08:00 ] ::1 /group/index.php/Admin/Goods/index
INFO: [ app_init ] --START--
INFO: Run Behavior\BuildLiteBehavior [ RunTime:0.000000s ]
INFO: [ app_init ] --END-- [ RunTime:0.001000s ]

