[ 2016-07-25T09:45:59+08:00 ] ::1 /group/Member/Cart/addCart/gid/7
INFO: [ app_init ] --START--
INFO: Run Behavior\BuildLiteBehavior [ RunTime:0.000000s ]
INFO: [ app_init ] --END-- [ RunTime:0.001000s ]
INFO: [ app_begin ] --START--
INFO: Run Behavior\ReadHtmlCacheBehavior [ RunTime:0.003001s ]
INFO: [ app_begin ] --END-- [ RunTime:0.003001s ]
SQL: SHOW COLUMNS FROM `gr_category` [ RunTime:0.0090s ]
NOTIC: [8] Undefined index: uid C:\WWW\group\App\Member\Controller\CartController.class.php 第 23 行.
SQL: SELECT `cname`,`cid` FROM `gr_category` WHERE `pid` = 0 AND `display` = 1 ORDER BY sort asc LIMIT 4   [ RunTime:0.0000s ]

[ 2016-07-25T09:46:06+08:00 ] ::1 /group/Member/Index/getRecentView
INFO: [ app_init ] --START--
INFO: Run Behavior\BuildLiteBehavior [ RunTime:0.000000s ]
INFO: [ app_init ] --END-- [ RunTime:0.001000s ]
INFO: [ app_begin ] --START--
INFO: Run Behavior\ReadHtmlCacheBehavior [ RunTime:0.001000s ]
INFO: [ app_begin ] --END-- [ RunTime:0.001000s ]
NOTIC: [8] Undefined index: uid C:\WWW\group\App\Member\Controller\IndexController.class.php 第 15 行.
SQL: SHOW COLUMNS FROM `gr_category` [ RunTime:0.0060s ]
NOTIC: [8] Undefined index: uid C:\WWW\group\App\Member\Controller\IndexController.class.php 第 17 行.
SQL: SELECT `cname`,`cid` FROM `gr_category` WHERE `pid` = 0 AND `display` = 1 ORDER BY sort asc LIMIT 4   [ RunTime:0.0000s ]
SQL: SHOW COLUMNS FROM `gr_goods` [ RunTime:0.0060s ]
SQL: SELECT `main_title`,`price`,`gid`,`old_price`,`goods_img`,`end_time` FROM `gr_goods` WHERE `gid` IN (0,7)  [ RunTime:0.0010s ]

[ 2016-07-25T09:46:07+08:00 ] ::1 /group/Member/Cart/index
INFO: [ app_init ] --START--
INFO: Run Behavior\BuildLiteBehavior [ RunTime:0.000000s ]
INFO: [ app_init ] --END-- [ RunTime:0.001000s ]
INFO: [ app_begin ] --START--
INFO: Run Behavior\ReadHtmlCacheBehavior [ RunTime:0.002000s ]
INFO: [ app_begin ] --END-- [ RunTime:0.002000s ]
SQL: SHOW COLUMNS FROM `gr_category` [ RunTime:0.0060s ]
NOTIC: [8] Undefined index: uid C:\WWW\group\App\Member\Controller\CartController.class.php 第 23 行.
SQL: SELECT `cname`,`cid` FROM `gr_category` WHERE `pid` = 0 AND `display` = 1 ORDER BY sort asc LIMIT 4   [ RunTime:0.0010s ]
NOTIC: [2048] Declaration of Member\Model\UserViewModel::check() should be compatible with that of Think\Model::check() C:\WWW\group\App\Member\Model\UserViewModel.class.php 第 6 行.
SQL: SHOW COLUMNS FROM `gr_user_address` [ RunTime:0.0810s ]
SQL: SELECT * FROM `gr_user_address` WHERE `user_id` = null  [ RunTime:0.0010s ]
SQL: SHOW COLUMNS FROM `gr_goods` [ RunTime:0.0100s ]
SQL: SELECT * FROM `gr_goods` WHERE gr_goods.gid = 7 LIMIT 1   [ RunTime:0.0010s ]

[ 2016-07-25T09:46:16+08:00 ] ::1 /group/Member/Login/index
INFO: [ app_init ] --START--
INFO: Run Behavior\BuildLiteBehavior [ RunTime:0.000000s ]
INFO: [ app_init ] --END-- [ RunTime:0.001000s ]
INFO: [ app_begin ] --START--
INFO: Run Behavior\ReadHtmlCacheBehavior [ RunTime:0.002001s ]
INFO: [ app_begin ] --END-- [ RunTime:0.002001s ]
NOTIC: [8] Undefined index: uid C:\WWW\group\App\Member\Controller\LoginController.class.php 第 10 行.
SQL: SHOW COLUMNS FROM `gr_category` [ RunTime:0.0080s ]
SQL: SELECT `cname`,`cid` FROM `gr_category` WHERE `pid` = 0 AND `display` = 1 ORDER BY sort asc LIMIT 4   [ RunTime:0.0010s ]
INFO: [ view_parse ] --START--
INFO: [ template_filter ] --START--
INFO: Run Behavior\ContentReplaceBehavior [ RunTime:0.003000s ]
INFO: [ template_filter ] --END-- [ RunTime:0.005000s ]
NOTIC: [8] Undefined variable: loginShow C:\WWW\group\App\Runtime\Cache\Member\bd27b8ba6481c4a609fc34eb7743d92f.php 第 103 行.
NOTIC: [8] Use of undefined constant Member - assumed 'Member' C:\WWW\group\App\Runtime\Cache\Member\bd27b8ba6481c4a609fc34eb7743d92f.php 第 125 行.
NOTIC: [8] Use of undefined constant Home - assumed 'Home' C:\WWW\group\App\Runtime\Cache\Member\bd27b8ba6481c4a609fc34eb7743d92f.php 第 125 行.
NOTIC: [8] Use of undefined constant Member - assumed 'Member' C:\WWW\group\App\Runtime\Cache\Member\bd27b8ba6481c4a609fc34eb7743d92f.php 第 125 行.
NOTIC: [8] Use of undefined constant Member - assumed 'Member' C:\WWW\group\App\Runtime\Cache\Member\bd27b8ba6481c4a609fc34eb7743d92f.php 第 126 行.
INFO: Run Behavior\ParseTemplateBehavior [ RunTime:0.204012s ]
INFO: [ view_parse ] --END-- [ RunTime:0.205012s ]
INFO: [ view_filter ] --START--
INFO: Run Behavior\WriteHtmlCacheBehavior [ RunTime:0.002000s ]
INFO: [ view_filter ] --END-- [ RunTime:0.002000s ]
INFO: [ app_end ] --START--
INFO: Run Behavior\ShowPageTraceBehavior [ RunTime:0.003000s ]
INFO: [ app_end ] --END-- [ RunTime:0.006000s ]

[ 2016-07-25T09:46:21+08:00 ] ::1 /group/Member/Reg/index
INFO: [ app_init ] --START--
INFO: Run Behavior\BuildLiteBehavior [ RunTime:0.000000s ]
INFO: [ app_init ] --END-- [ RunTime:0.001000s ]
INFO: [ app_begin ] --START--
INFO: Run Behavior\ReadHtmlCacheBehavior [ RunTime:0.001000s ]
INFO: [ app_begin ] --END-- [ RunTime:0.001000s ]
NOTIC: [8] Undefined index: uid C:\WWW\group\App\Member\Controller\RegController.class.php 第 9 行.
SQL: SHOW COLUMNS FROM `gr_category` [ RunTime:0.0070s ]
NOTIC: [8] Undefined index: uid C:\WWW\group\App\Member\Controller\RegController.class.php 第 11 行.
SQL: SELECT `cname`,`cid` FROM `gr_category` WHERE `pid` = 0 AND `display` = 1 ORDER BY sort asc LIMIT 4   [ RunTime:0.0010s ]
INFO: [ view_parse ] --START--
INFO: [ template_filter ] --START--
INFO: Run Behavior\ContentReplaceBehavior [ RunTime:0.003000s ]
INFO: [ template_filter ] --END-- [ RunTime:0.004000s ]
NOTIC: [8] Use of undefined constant Member - assumed 'Member' C:\WWW\group\App\Runtime\Cache\Member\913babdecbb02be8feb8fce345e1914e.php 第 125 行.
NOTIC: [8] Use of undefined constant Home - assumed 'Home' C:\WWW\group\App\Runtime\Cache\Member\913babdecbb02be8feb8fce345e1914e.php 第 125 行.
NOTIC: [8] Use of undefined constant Member - assumed 'Member' C:\WWW\group\App\Runtime\Cache\Member\913babdecbb02be8feb8fce345e1914e.php 第 125 行.
NOTIC: [8] Use of undefined constant Member - assumed 'Member' C:\WWW\group\App\Runtime\Cache\Member\913babdecbb02be8feb8fce345e1914e.php 第 126 行.
INFO: Run Behavior\ParseTemplateBehavior [ RunTime:0.199012s ]
INFO: [ view_parse ] --END-- [ RunTime:0.199012s ]
INFO: [ view_filter ] --START--
INFO: Run Behavior\WriteHtmlCacheBehavior [ RunTime:0.001000s ]
INFO: [ view_filter ] --END-- [ RunTime:0.001000s ]
INFO: [ app_end ] --START--
INFO: Run Behavior\ShowPageTraceBehavior [ RunTime:0.003000s ]
INFO: [ app_end ] --END-- [ RunTime:0.003000s ]

[ 2016-07-25T09:46:22+08:00 ] ::1 /group/Member/Reg/showCode
INFO: [ app_init ] --START--
INFO: Run Behavior\BuildLiteBehavior [ RunTime:0.000000s ]
INFO: [ app_init ] --END-- [ RunTime:0.001000s ]
INFO: [ app_begin ] --START--
INFO: Run Behavior\ReadHtmlCacheBehavior [ RunTime:0.002000s ]
INFO: [ app_begin ] --END-- [ RunTime:0.002000s ]
NOTIC: [8] Undefined index: uid C:\WWW\group\App\Member\Controller\RegController.class.php 第 9 行.
SQL: SHOW COLUMNS FROM `gr_category` [ RunTime:0.0100s ]
NOTIC: [8] Undefined index: uid C:\WWW\group\App\Member\Controller\RegController.class.php 第 11 行.
SQL: SELECT `cname`,`cid` FROM `gr_category` WHERE `pid` = 0 AND `display` = 1 ORDER BY sort asc LIMIT 4   [ RunTime:0.0010s ]
INFO: [ app_end ] --START--
INFO: Run Behavior\ShowPageTraceBehavior [ RunTime:0.001000s ]
INFO: [ app_end ] --END-- [ RunTime:0.002000s ]

[ 2016-07-25T09:46:28+08:00 ] ::1 /group/Member/Index/getRecentView
INFO: [ app_init ] --START--
INFO: Run Behavior\BuildLiteBehavior [ RunTime:0.000000s ]
INFO: [ app_init ] --END-- [ RunTime:0.001000s ]
INFO: [ app_begin ] --START--
INFO: Run Behavior\ReadHtmlCacheBehavior [ RunTime:0.002000s ]
INFO: [ app_begin ] --END-- [ RunTime:0.002000s ]
NOTIC: [8] Undefined index: uid C:\WWW\group\App\Member\Controller\IndexController.class.php 第 15 行.
SQL: SHOW COLUMNS FROM `gr_category` [ RunTime:0.0090s ]
NOTIC: [8] Undefined index: uid C:\WWW\group\App\Member\Controller\IndexController.class.php 第 17 行.
SQL: SELECT `cname`,`cid` FROM `gr_category` WHERE `pid` = 0 AND `display` = 1 ORDER BY sort asc LIMIT 4   [ RunTime:0.0010s ]
SQL: SHOW COLUMNS FROM `gr_goods` [ RunTime:0.0080s ]
SQL: SELECT `main_title`,`price`,`gid`,`old_price`,`goods_img`,`end_time` FROM `gr_goods` WHERE `gid` IN (0,7)  [ RunTime:0.0010s ]

[ 2016-07-25T09:46:28+08:00 ] ::1 /group/Member/Cart/index
INFO: [ app_init ] --START--
INFO: Run Behavior\BuildLiteBehavior [ RunTime:0.000000s ]
INFO: [ app_init ] --END-- [ RunTime:0.001000s ]
INFO: [ app_begin ] --START--
INFO: Run Behavior\ReadHtmlCacheBehavior [ RunTime:0.001000s ]
INFO: [ app_begin ] --END-- [ RunTime:0.001000s ]
SQL: SHOW COLUMNS FROM `gr_category` [ RunTime:0.0060s ]
NOTIC: [8] Undefined index: uid C:\WWW\group\App\Member\Controller\CartController.class.php 第 23 行.
SQL: SELECT `cname`,`cid` FROM `gr_category` WHERE `pid` = 0 AND `display` = 1 ORDER BY sort asc LIMIT 4   [ RunTime:0.0030s ]
NOTIC: [2048] Declaration of Member\Model\UserViewModel::check() should be compatible with that of Think\Model::check() C:\WWW\group\App\Member\Model\UserViewModel.class.php 第 6 行.
SQL: SHOW COLUMNS FROM `gr_user_address` [ RunTime:0.0090s ]
SQL: SELECT * FROM `gr_user_address` WHERE `user_id` = null  [ RunTime:0.0010s ]
SQL: SHOW COLUMNS FROM `gr_goods` [ RunTime:0.0070s ]
SQL: SELECT * FROM `gr_goods` WHERE gr_goods.gid = 7 LIMIT 1   [ RunTime:0.0000s ]

