[ 2016-07-16T01:06:24+08:00 ] ::1 /group/Member/Cart/index
INFO: [ app_init ] --START--
INFO: Run Behavior\BuildLiteBehavior [ RunTime:0.001000s ]
INFO: [ app_init ] --END-- [ RunTime:0.005000s ]
INFO: [ app_begin ] --START--
INFO: Run Behavior\ReadHtmlCacheBehavior [ RunTime:0.002000s ]
INFO: [ app_begin ] --END-- [ RunTime:0.002000s ]
SQL: SHOW COLUMNS FROM `gr_category` [ RunTime:0.0100s ]
SQL: SELECT `cname`,`cid` FROM `gr_category` WHERE `pid` = 0 AND `display` = 1 ORDER BY sort asc LIMIT 4   [ RunTime:0.0000s ]
NOTIC: [2048] Declaration of Member\Model\UserViewModel::check() should be compatible with that of Think\Model::check() C:\WWW\group\App\Member\Model\UserViewModel.class.php 第 6 行.
SQL: SHOW COLUMNS FROM `gr_user_address` [ RunTime:0.0100s ]
SQL: SELECT * FROM `gr_user_address` WHERE `user_id` = '1'  [ RunTime:0.0000s ]
SQL: SHOW COLUMNS FROM `gr_goods` [ RunTime:0.0100s ]
SQL: SHOW COLUMNS FROM `gr_cart` [ RunTime:0.0100s ]
SQL: SELECT goods.main_title AS main_title,goods.gid AS gid,goods.goods_img AS goods_img,goods.price AS price,goods.end_time AS end_time,cart.cart_id AS cart_id,cart.goods_num AS goods_num FROM gr_goods goods INNER JOIN gr_cart cart ON goods.gid = cart.goods_id WHERE `user_id` = '1'  [ RunTime:0.0000s ]

[ 2016-07-16T01:08:13+08:00 ] ::1 /group/Member/Cart/index
INFO: [ app_init ] --START--
INFO: Run Behavior\BuildLiteBehavior [ RunTime:0.000000s ]
INFO: [ app_init ] --END-- [ RunTime:0.001000s ]
INFO: [ app_begin ] --START--
INFO: Run Behavior\ReadHtmlCacheBehavior [ RunTime:0.002000s ]
INFO: [ app_begin ] --END-- [ RunTime:0.002000s ]
SQL: SHOW COLUMNS FROM `gr_category` [ RunTime:0.0090s ]
SQL: SELECT `cname`,`cid` FROM `gr_category` WHERE `pid` = 0 AND `display` = 1 ORDER BY sort asc LIMIT 4   [ RunTime:0.0010s ]
NOTIC: [2048] Declaration of Member\Model\UserViewModel::check() should be compatible with that of Think\Model::check() C:\WWW\group\App\Member\Model\UserViewModel.class.php 第 6 行.
SQL: SHOW COLUMNS FROM `gr_user_address` [ RunTime:0.0100s ]
SQL: SELECT * FROM `gr_user_address` WHERE `user_id` = '1'  [ RunTime:0.0010s ]
SQL: SHOW COLUMNS FROM `gr_goods` [ RunTime:0.0070s ]
SQL: SHOW COLUMNS FROM `gr_cart` [ RunTime:0.0080s ]
SQL: SELECT goods.main_title AS main_title,goods.gid AS gid,goods.goods_img AS goods_img,goods.price AS price,goods.end_time AS end_time,cart.cart_id AS cart_id,cart.goods_num AS goods_num FROM gr_goods goods INNER JOIN gr_cart cart ON goods.gid = cart.goods_id WHERE `user_id` = '1'  [ RunTime:0.0010s ]

[ 2016-07-16T01:08:13+08:00 ] ::1 /group/Member/Index/getRecentView
INFO: [ app_init ] --START--
INFO: Run Behavior\BuildLiteBehavior [ RunTime:0.000000s ]
INFO: [ app_init ] --END-- [ RunTime:0.002000s ]
INFO: [ app_begin ] --START--
INFO: Run Behavior\ReadHtmlCacheBehavior [ RunTime:0.001000s ]
INFO: [ app_begin ] --END-- [ RunTime:0.001000s ]
SQL: SHOW COLUMNS FROM `gr_category` [ RunTime:0.0060s ]
SQL: SELECT `cname`,`cid` FROM `gr_category` WHERE `pid` = 0 AND `display` = 1 ORDER BY sort asc LIMIT 4   [ RunTime:0.0000s ]
SQL: SHOW COLUMNS FROM `gr_goods` [ RunTime:0.0100s ]
SQL: SELECT `main_title`,`price`,`gid`,`old_price`,`goods_img`,`end_time` FROM `gr_goods` WHERE `gid` IN (4,0,1)  [ RunTime:0.0000s ]

[ 2016-07-16T01:09:46+08:00 ] ::1 /group/Member/Cart/index
INFO: [ app_init ] --START--
INFO: Run Behavior\BuildLiteBehavior [ RunTime:0.000000s ]
INFO: [ app_init ] --END-- [ RunTime:0.001000s ]
INFO: [ app_begin ] --START--
INFO: Run Behavior\ReadHtmlCacheBehavior [ RunTime:0.002000s ]
INFO: [ app_begin ] --END-- [ RunTime:0.002000s ]
SQL: SHOW COLUMNS FROM `gr_category` [ RunTime:0.0200s ]
SQL: SELECT `cname`,`cid` FROM `gr_category` WHERE `pid` = 0 AND `display` = 1 ORDER BY sort asc LIMIT 4   [ RunTime:0.0010s ]
NOTIC: [2048] Declaration of Member\Model\UserViewModel::check() should be compatible with that of Think\Model::check() C:\WWW\group\App\Member\Model\UserViewModel.class.php 第 6 行.
SQL: SHOW COLUMNS FROM `gr_user_address` [ RunTime:0.0090s ]
SQL: SELECT * FROM `gr_user_address` WHERE `user_id` = '1'  [ RunTime:0.0010s ]
SQL: SHOW COLUMNS FROM `gr_goods` [ RunTime:0.0080s ]
SQL: SHOW COLUMNS FROM `gr_cart` [ RunTime:0.0080s ]
SQL: SELECT goods.main_title AS main_title,goods.gid AS gid,goods.goods_img AS goods_img,goods.price AS price,goods.end_time AS end_time,cart.cart_id AS cart_id,cart.goods_num AS goods_num FROM gr_goods goods INNER JOIN gr_cart cart ON goods.gid = cart.goods_id WHERE `user_id` = '1'  [ RunTime:0.0010s ]

[ 2016-07-16T01:10:09+08:00 ] ::1 /group/Member/Cart/index
INFO: [ app_init ] --START--
INFO: Run Behavior\BuildLiteBehavior [ RunTime:0.000000s ]
INFO: [ app_init ] --END-- [ RunTime:0.001000s ]
INFO: [ app_begin ] --START--
INFO: Run Behavior\ReadHtmlCacheBehavior [ RunTime:0.001000s ]
INFO: [ app_begin ] --END-- [ RunTime:0.001000s ]
SQL: SHOW COLUMNS FROM `gr_category` [ RunTime:0.0090s ]
SQL: SELECT `cname`,`cid` FROM `gr_category` WHERE `pid` = 0 AND `display` = 1 ORDER BY sort asc LIMIT 4   [ RunTime:0.0020s ]
NOTIC: [2048] Declaration of Member\Model\UserViewModel::check() should be compatible with that of Think\Model::check() C:\WWW\group\App\Member\Model\UserViewModel.class.php 第 6 行.
SQL: SHOW COLUMNS FROM `gr_user_address` [ RunTime:0.0100s ]
SQL: SELECT * FROM `gr_user_address` WHERE `user_id` = '1'  [ RunTime:0.0010s ]
SQL: SHOW COLUMNS FROM `gr_goods` [ RunTime:0.0090s ]
SQL: SHOW COLUMNS FROM `gr_cart` [ RunTime:0.0090s ]
SQL: SELECT goods.main_title AS main_title,goods.gid AS gid,goods.goods_img AS goods_img,goods.price AS price,goods.end_time AS end_time,cart.cart_id AS cart_id,cart.goods_num AS goods_num FROM gr_goods goods INNER JOIN gr_cart cart ON goods.gid = cart.goods_id WHERE `user_id` = '1'  [ RunTime:0.0010s ]

[ 2016-07-16T01:12:10+08:00 ] ::1 /group/Member/Index/getRecentView
INFO: [ app_init ] --START--
INFO: Run Behavior\BuildLiteBehavior [ RunTime:0.000000s ]
INFO: [ app_init ] --END-- [ RunTime:0.001000s ]
INFO: [ app_begin ] --START--
INFO: Run Behavior\ReadHtmlCacheBehavior [ RunTime:0.001000s ]
INFO: [ app_begin ] --END-- [ RunTime:0.002000s ]
SQL: SHOW COLUMNS FROM `gr_category` [ RunTime:0.0080s ]
SQL: SELECT `cname`,`cid` FROM `gr_category` WHERE `pid` = 0 AND `display` = 1 ORDER BY sort asc LIMIT 4   [ RunTime:0.0010s ]
SQL: SHOW COLUMNS FROM `gr_goods` [ RunTime:0.0070s ]
SQL: SELECT `main_title`,`price`,`gid`,`old_price`,`goods_img`,`end_time` FROM `gr_goods` WHERE `gid` IN (4,0,1)  [ RunTime:0.0010s ]

[ 2016-07-16T01:15:56+08:00 ] ::1 /group/Member/Index/getRecentView
INFO: [ app_init ] --START--
INFO: Run Behavior\BuildLiteBehavior [ RunTime:0.000000s ]
INFO: [ app_init ] --END-- [ RunTime:0.001000s ]
INFO: [ app_begin ] --START--
INFO: Run Behavior\ReadHtmlCacheBehavior [ RunTime:0.003000s ]
INFO: [ app_begin ] --END-- [ RunTime:0.003000s ]
SQL: SHOW COLUMNS FROM `gr_category` [ RunTime:0.0070s ]
SQL: SELECT `cname`,`cid` FROM `gr_category` WHERE `pid` = 0 AND `display` = 1 ORDER BY sort asc LIMIT 4   [ RunTime:0.0010s ]
SQL: SHOW COLUMNS FROM `gr_goods` [ RunTime:0.0100s ]
SQL: SELECT `main_title`,`price`,`gid`,`old_price`,`goods_img`,`end_time` FROM `gr_goods` WHERE `gid` IN (4,0,1)  [ RunTime:0.0010s ]

[ 2016-07-16T01:15:56+08:00 ] ::1 /group/Member/Cart/index
INFO: [ app_init ] --START--
INFO: Run Behavior\BuildLiteBehavior [ RunTime:0.000000s ]
INFO: [ app_init ] --END-- [ RunTime:0.001000s ]
INFO: [ app_begin ] --START--
INFO: Run Behavior\ReadHtmlCacheBehavior [ RunTime:0.002000s ]
INFO: [ app_begin ] --END-- [ RunTime:0.002000s ]
SQL: SHOW COLUMNS FROM `gr_category` [ RunTime:0.0100s ]
SQL: SELECT `cname`,`cid` FROM `gr_category` WHERE `pid` = 0 AND `display` = 1 ORDER BY sort asc LIMIT 4   [ RunTime:0.0010s ]
NOTIC: [2048] Declaration of Member\Model\UserViewModel::check() should be compatible with that of Think\Model::check() C:\WWW\group\App\Member\Model\UserViewModel.class.php 第 6 行.
SQL: SHOW COLUMNS FROM `gr_user_address` [ RunTime:0.0090s ]
SQL: SELECT * FROM `gr_user_address` WHERE `user_id` = '1'  [ RunTime:0.0000s ]
SQL: SHOW COLUMNS FROM `gr_goods` [ RunTime:0.0090s ]
SQL: SHOW COLUMNS FROM `gr_cart` [ RunTime:0.0080s ]
SQL: SELECT goods.main_title AS main_title,goods.gid AS gid,goods.goods_img AS goods_img,goods.price AS price,goods.end_time AS end_time,cart.cart_id AS cart_id,cart.goods_num AS goods_num FROM gr_goods goods INNER JOIN gr_cart cart ON goods.gid = cart.goods_id WHERE `user_id` = '1'  [ RunTime:0.0010s ]

[ 2016-07-16T01:45:41+08:00 ] ::1 /group/Member/Cart/index
INFO: [ app_init ] --START--
INFO: Run Behavior\BuildLiteBehavior [ RunTime:0.000000s ]
INFO: [ app_init ] --END-- [ RunTime:0.000000s ]
INFO: [ app_begin ] --START--
INFO: Run Behavior\ReadHtmlCacheBehavior [ RunTime:0.001000s ]
INFO: [ app_begin ] --END-- [ RunTime:0.001000s ]
SQL: SHOW COLUMNS FROM `gr_category` [ RunTime:0.0000s ]
SQL: SELECT `cname`,`cid` FROM `gr_category` WHERE `pid` = 0 AND `display` = 1 ORDER BY sort asc LIMIT 4   [ RunTime:0.0000s ]
NOTIC: [2048] Declaration of Member\Model\UserViewModel::check() should be compatible with that of Think\Model::check() C:\WWW\group\App\Member\Model\UserViewModel.class.php 第 6 行.
SQL: SHOW COLUMNS FROM `gr_user_address` [ RunTime:0.0100s ]
SQL: SELECT * FROM `gr_user_address` WHERE `user_id` = '1'  [ RunTime:0.0000s ]
SQL: SHOW COLUMNS FROM `gr_goods` [ RunTime:0.0100s ]
SQL: SHOW COLUMNS FROM `gr_cart` [ RunTime:0.0100s ]
SQL: SELECT goods.main_title AS main_title,goods.gid AS gid,goods.goods_img AS goods_img,goods.price AS price,goods.end_time AS end_time,cart.cart_id AS cart_id,cart.goods_num AS goods_num FROM gr_goods goods INNER JOIN gr_cart cart ON goods.gid = cart.goods_id WHERE `user_id` = '1'  [ RunTime:0.0000s ]

[ 2016-07-16T01:45:43+08:00 ] ::1 /group/Member/Index/getRecentView
INFO: [ app_init ] --START--
INFO: Run Behavior\BuildLiteBehavior [ RunTime:0.000000s ]
INFO: [ app_init ] --END-- [ RunTime:0.000000s ]
INFO: [ app_begin ] --START--
INFO: Run Behavior\ReadHtmlCacheBehavior [ RunTime:0.000000s ]
INFO: [ app_begin ] --END-- [ RunTime:0.000000s ]
SQL: SHOW COLUMNS FROM `gr_category` [ RunTime:0.0000s ]
SQL: SELECT `cname`,`cid` FROM `gr_category` WHERE `pid` = 0 AND `display` = 1 ORDER BY sort asc LIMIT 4   [ RunTime:0.0100s ]
SQL: SHOW COLUMNS FROM `gr_goods` [ RunTime:0.0070s ]
SQL: SELECT `main_title`,`price`,`gid`,`old_price`,`goods_img`,`end_time` FROM `gr_goods` WHERE `gid` IN (4,0,1)  [ RunTime:0.0010s ]

[ 2016-07-16T18:00:44+08:00 ] ::1 /group/Member/Login/index
INFO: [ app_init ] --START--
INFO: Run Behavior\BuildLiteBehavior [ RunTime:0.000000s ]
INFO: [ app_init ] --END-- [ RunTime:0.002000s ]
INFO: [ app_begin ] --START--
INFO: Run Behavior\ReadHtmlCacheBehavior [ RunTime:0.002000s ]
INFO: [ app_begin ] --END-- [ RunTime:0.002000s ]
NOTIC: [8] Undefined index: uid C:\WWW\group\App\Member\Controller\LoginController.class.php 第 10 行.
SQL: SHOW COLUMNS FROM `gr_category` [ RunTime:0.0080s ]
SQL: SELECT `cname`,`cid` FROM `gr_category` WHERE `pid` = 0 AND `display` = 1 ORDER BY sort asc LIMIT 4   [ RunTime:0.0010s ]
INFO: [ view_parse ] --START--
INFO: [ template_filter ] --START--
INFO: Run Behavior\ContentReplaceBehavior [ RunTime:0.004000s ]
INFO: [ template_filter ] --END-- [ RunTime:0.004000s ]
NOTIC: [8] Use of undefined constant Member - assumed 'Member' C:\WWW\group\App\Runtime\Cache\Member\bd27b8ba6481c4a609fc34eb7743d92f.php 第 122 行.
NOTIC: [8] Use of undefined constant Home - assumed 'Home' C:\WWW\group\App\Runtime\Cache\Member\bd27b8ba6481c4a609fc34eb7743d92f.php 第 122 行.
NOTIC: [8] Use of undefined constant Member - assumed 'Member' C:\WWW\group\App\Runtime\Cache\Member\bd27b8ba6481c4a609fc34eb7743d92f.php 第 122 行.
NOTIC: [8] Use of undefined constant Member - assumed 'Member' C:\WWW\group\App\Runtime\Cache\Member\bd27b8ba6481c4a609fc34eb7743d92f.php 第 123 行.
INFO: Run Behavior\ParseTemplateBehavior [ RunTime:0.120007s ]
INFO: [ view_parse ] --END-- [ RunTime:0.120007s ]
INFO: [ view_filter ] --START--
INFO: Run Behavior\WriteHtmlCacheBehavior [ RunTime:0.001000s ]
INFO: [ view_filter ] --END-- [ RunTime:0.001000s ]
INFO: [ app_end ] --START--
INFO: Run Behavior\ShowPageTraceBehavior [ RunTime:0.001000s ]
INFO: [ app_end ] --END-- [ RunTime:0.005000s ]

[ 2016-07-16T18:00:56+08:00 ] ::1 /group/Member/Login/login
INFO: [ app_init ] --START--
INFO: Run Behavior\BuildLiteBehavior [ RunTime:0.000000s ]
INFO: [ app_init ] --END-- [ RunTime:0.000000s ]
INFO: [ app_begin ] --START--
INFO: Run Behavior\ReadHtmlCacheBehavior [ RunTime:0.003000s ]
INFO: [ app_begin ] --END-- [ RunTime:0.003000s ]
NOTIC: [8] Undefined index: uid C:\WWW\group\App\Member\Controller\LoginController.class.php 第 10 行.
SQL: SHOW COLUMNS FROM `gr_category` [ RunTime:0.0060s ]
SQL: SELECT `cname`,`cid` FROM `gr_category` WHERE `pid` = 0 AND `display` = 1 ORDER BY sort asc LIMIT 4   [ RunTime:0.0010s ]
NOTIC: [2048] Declaration of Member\Model\UserViewModel::check() should be compatible with that of Think\Model::check() C:\WWW\group\App\Member\Model\UserViewModel.class.php 第 6 行.
SQL: SHOW COLUMNS FROM `gr_user` [ RunTime:0.0500s ]
SQL: SELECT * FROM `gr_user` WHERE `uname` = 'user123' LIMIT 1   [ RunTime:0.0000s ]
INFO: [ view_parse ] --START--
INFO: [ template_filter ] --START--
INFO: Run Behavior\ContentReplaceBehavior [ RunTime:0.000000s ]
INFO: [ template_filter ] --END-- [ RunTime:0.000000s ]
INFO: Run Behavior\ParseTemplateBehavior [ RunTime:0.033002s ]
INFO: [ view_parse ] --END-- [ RunTime:0.033002s ]
INFO: [ view_filter ] --START--
INFO: Run Behavior\WriteHtmlCacheBehavior [ RunTime:0.002000s ]
INFO: [ view_filter ] --END-- [ RunTime:0.002000s ]
INFO: [ app_end ] --START--
INFO: Run Behavior\ShowPageTraceBehavior [ RunTime:0.001000s ]
INFO: [ app_end ] --END-- [ RunTime:0.002000s ]

