[ 2016-07-07T14:20:09+08:00 ] ::1 /group/index.php/Member/Index/getRecentView
INFO: [ app_init ] --START--
INFO: Run Behavior\BuildLiteBehavior [ RunTime:0.000000s ]
INFO: [ app_init ] --END-- [ RunTime:0.001000s ]
INFO: [ app_begin ] --START--
INFO: Run Behavior\ReadHtmlCacheBehavior [ RunTime:0.001000s ]
INFO: [ app_begin ] --END-- [ RunTime:0.001000s ]
SQL: SHOW COLUMNS FROM `gr_category` [ RunTime:0.0100s ]
SQL: SELECT `cname`,`cid` FROM `gr_category` WHERE `pid` = 0 AND `display` = 1 ORDER BY sort asc LIMIT 4   [ RunTime:0.0010s ]

[ 2016-07-07T14:20:10+08:00 ] ::1 /group/index.php/Member/Cart/index
INFO: [ app_init ] --START--
INFO: Run Behavior\BuildLiteBehavior [ RunTime:0.000000s ]
INFO: [ app_init ] --END-- [ RunTime:0.001001s ]
INFO: [ app_begin ] --START--
INFO: Run Behavior\ReadHtmlCacheBehavior [ RunTime:0.003000s ]
INFO: [ app_begin ] --END-- [ RunTime:0.003000s ]
SQL: SHOW COLUMNS FROM `gr_category` [ RunTime:0.0080s ]
SQL: SELECT `cname`,`cid` FROM `gr_category` WHERE `pid` = 0 AND `display` = 1 ORDER BY sort asc LIMIT 4   [ RunTime:0.0010s ]
NOTIC: [2048] Declaration of Member\Model\UserViewModel::check() should be compatible with that of Think\Model::check() C:\WWW\group\App\Member\Model\UserViewModel.class.php 第 6 行.
SQL: SHOW COLUMNS FROM `gr_user_address` [ RunTime:0.0510s ]
SQL: SELECT * FROM `gr_user_address` WHERE `user_id` = '3'  [ RunTime:0.0010s ]
SQL: SHOW COLUMNS FROM `gr_goods` [ RunTime:0.0100s ]
SQL: SHOW COLUMNS FROM `gr_cart` [ RunTime:0.0300s ]
SQL: SELECT goods.main_title AS main_title,goods.gid AS gid,goods.goods_img AS goods_img,goods.price AS price,goods.end_time AS end_time,cart.cart_id AS cart_id,cart.goods_num AS goods_num FROM gr_goods goods INNER JOIN gr_cart cart ON goods.gid = cart.goods_id WHERE `user_id` = '3'  [ RunTime:0.0010s ]
NOTIC: [8] Undefined index: sub_title C:\WWW\group\App\Member\Controller\CartController.class.php 第 163 行.

[ 2016-07-07T14:20:23+08:00 ] ::1 /group/index.php/Member/Cart/index
INFO: [ app_init ] --START--
INFO: Run Behavior\BuildLiteBehavior [ RunTime:0.000000s ]
INFO: [ app_init ] --END-- [ RunTime:0.001001s ]
INFO: [ app_begin ] --START--
INFO: Run Behavior\ReadHtmlCacheBehavior [ RunTime:0.002000s ]
INFO: [ app_begin ] --END-- [ RunTime:0.003000s ]
SQL: SHOW COLUMNS FROM `gr_category` [ RunTime:0.0090s ]
SQL: SELECT `cname`,`cid` FROM `gr_category` WHERE `pid` = 0 AND `display` = 1 ORDER BY sort asc LIMIT 4   [ RunTime:0.0010s ]
NOTIC: [2048] Declaration of Member\Model\UserViewModel::check() should be compatible with that of Think\Model::check() C:\WWW\group\App\Member\Model\UserViewModel.class.php 第 6 行.
SQL: SHOW COLUMNS FROM `gr_user_address` [ RunTime:0.0120s ]
SQL: SELECT * FROM `gr_user_address` WHERE `user_id` = '3'  [ RunTime:0.0010s ]
SQL: SHOW COLUMNS FROM `gr_goods` [ RunTime:0.0100s ]
SQL: SHOW COLUMNS FROM `gr_cart` [ RunTime:0.0090s ]
SQL: SELECT goods.main_title AS main_title,goods.gid AS gid,goods.goods_img AS goods_img,goods.price AS price,goods.end_time AS end_time,cart.cart_id AS cart_id,cart.goods_num AS goods_num FROM gr_goods goods INNER JOIN gr_cart cart ON goods.gid = cart.goods_id WHERE `user_id` = '3'  [ RunTime:0.0010s ]
NOTIC: [8] Undefined index: sub_title C:\WWW\group\App\Member\Controller\CartController.class.php 第 163 行.

[ 2016-07-07T14:20:23+08:00 ] ::1 /group/index.php/Member/Index/getRecentView
INFO: [ app_init ] --START--
INFO: Run Behavior\BuildLiteBehavior [ RunTime:0.000000s ]
INFO: [ app_init ] --END-- [ RunTime:0.001000s ]
INFO: [ app_begin ] --START--
INFO: Run Behavior\ReadHtmlCacheBehavior [ RunTime:0.001000s ]
INFO: [ app_begin ] --END-- [ RunTime:0.001000s ]
SQL: SHOW COLUMNS FROM `gr_category` [ RunTime:0.0080s ]
SQL: SELECT `cname`,`cid` FROM `gr_category` WHERE `pid` = 0 AND `display` = 1 ORDER BY sort asc LIMIT 4   [ RunTime:0.0010s ]
SQL: SHOW COLUMNS FROM `gr_goods` [ RunTime:0.0080s ]
SQL: SELECT `main_title`,`price`,`gid`,`old_price`,`goods_img`,`end_time` FROM `gr_goods` WHERE `gid` IN (0,4)  [ RunTime:0.0220s ]

[ 2016-07-07T14:20:33+08:00 ] ::1 /group/index.php/Member/Cart/index
INFO: [ app_init ] --START--
INFO: Run Behavior\BuildLiteBehavior [ RunTime:0.000000s ]
INFO: [ app_init ] --END-- [ RunTime:0.001000s ]
INFO: [ app_begin ] --START--
INFO: Run Behavior\ReadHtmlCacheBehavior [ RunTime:0.002000s ]
INFO: [ app_begin ] --END-- [ RunTime:0.002000s ]
SQL: SHOW COLUMNS FROM `gr_category` [ RunTime:0.0080s ]
SQL: SELECT `cname`,`cid` FROM `gr_category` WHERE `pid` = 0 AND `display` = 1 ORDER BY sort asc LIMIT 4   [ RunTime:0.0010s ]
NOTIC: [2048] Declaration of Member\Model\UserViewModel::check() should be compatible with that of Think\Model::check() C:\WWW\group\App\Member\Model\UserViewModel.class.php 第 6 行.
SQL: SHOW COLUMNS FROM `gr_user_address` [ RunTime:0.0080s ]
SQL: SELECT * FROM `gr_user_address` WHERE `user_id` = '3'  [ RunTime:0.0000s ]
SQL: SHOW COLUMNS FROM `gr_goods` [ RunTime:0.0080s ]
SQL: SHOW COLUMNS FROM `gr_cart` [ RunTime:0.0070s ]
SQL: SELECT goods.main_title AS main_title,goods.gid AS gid,goods.goods_img AS goods_img,goods.price AS price,goods.end_time AS end_time,cart.cart_id AS cart_id,cart.goods_num AS goods_num FROM gr_goods goods INNER JOIN gr_cart cart ON goods.gid = cart.goods_id WHERE `user_id` = '3'  [ RunTime:0.0010s ]
NOTIC: [8] Undefined index: sub_title C:\WWW\group\App\Member\Controller\CartController.class.php 第 163 行.

[ 2016-07-07T14:20:43+08:00 ] ::1 /group/index.php/Member/Cart/index
INFO: [ app_init ] --START--
INFO: Run Behavior\BuildLiteBehavior [ RunTime:0.000000s ]
INFO: [ app_init ] --END-- [ RunTime:0.001000s ]
INFO: [ app_begin ] --START--
INFO: Run Behavior\ReadHtmlCacheBehavior [ RunTime:0.001000s ]
INFO: [ app_begin ] --END-- [ RunTime:0.001000s ]
SQL: SHOW COLUMNS FROM `gr_category` [ RunTime:0.0070s ]
SQL: SELECT `cname`,`cid` FROM `gr_category` WHERE `pid` = 0 AND `display` = 1 ORDER BY sort asc LIMIT 4   [ RunTime:0.0000s ]
NOTIC: [2048] Declaration of Member\Model\UserViewModel::check() should be compatible with that of Think\Model::check() C:\WWW\group\App\Member\Model\UserViewModel.class.php 第 6 行.
SQL: SHOW COLUMNS FROM `gr_user_address` [ RunTime:0.0070s ]
SQL: SELECT * FROM `gr_user_address` WHERE `user_id` = '3'  [ RunTime:0.0000s ]
SQL: SHOW COLUMNS FROM `gr_goods` [ RunTime:0.0080s ]
SQL: SHOW COLUMNS FROM `gr_cart` [ RunTime:0.0080s ]
SQL: SELECT goods.main_title AS main_title,goods.gid AS gid,goods.goods_img AS goods_img,goods.price AS price,goods.end_time AS end_time,cart.cart_id AS cart_id,cart.goods_num AS goods_num FROM gr_goods goods INNER JOIN gr_cart cart ON goods.gid = cart.goods_id WHERE `user_id` = '3'  [ RunTime:0.0010s ]
NOTIC: [8] Undefined index: sub_title C:\WWW\group\App\Member\Controller\CartController.class.php 第 163 行.

[ 2016-07-07T14:20:49+08:00 ] ::1 /group/index.php/Member/Cart/index
INFO: [ app_init ] --START--
INFO: Run Behavior\BuildLiteBehavior [ RunTime:0.000000s ]
INFO: [ app_init ] --END-- [ RunTime:0.000000s ]
INFO: [ app_begin ] --START--
INFO: Run Behavior\ReadHtmlCacheBehavior [ RunTime:0.002000s ]
INFO: [ app_begin ] --END-- [ RunTime:0.002000s ]
SQL: SHOW COLUMNS FROM `gr_category` [ RunTime:0.0080s ]
SQL: SELECT `cname`,`cid` FROM `gr_category` WHERE `pid` = 0 AND `display` = 1 ORDER BY sort asc LIMIT 4   [ RunTime:0.0010s ]
NOTIC: [2048] Declaration of Member\Model\UserViewModel::check() should be compatible with that of Think\Model::check() C:\WWW\group\App\Member\Model\UserViewModel.class.php 第 6 行.
SQL: SHOW COLUMNS FROM `gr_user_address` [ RunTime:0.0080s ]
SQL: SELECT * FROM `gr_user_address` WHERE `user_id` = '3'  [ RunTime:0.0000s ]
SQL: SHOW COLUMNS FROM `gr_goods` [ RunTime:0.0080s ]
SQL: SHOW COLUMNS FROM `gr_cart` [ RunTime:0.0070s ]
SQL: SELECT goods.main_title AS main_title,goods.gid AS gid,goods.goods_img AS goods_img,goods.price AS price,goods.end_time AS end_time,cart.cart_id AS cart_id,cart.goods_num AS goods_num FROM gr_goods goods INNER JOIN gr_cart cart ON goods.gid = cart.goods_id WHERE `user_id` = '3'  [ RunTime:0.0010s ]
NOTIC: [8] Undefined index: sub_title C:\WWW\group\App\Member\Controller\CartController.class.php 第 163 行.

[ 2016-07-07T14:20:50+08:00 ] ::1 /group/index.php/Member/Cart/index
INFO: [ app_init ] --START--
INFO: Run Behavior\BuildLiteBehavior [ RunTime:0.000000s ]
INFO: [ app_init ] --END-- [ RunTime:0.001000s ]
INFO: [ app_begin ] --START--
INFO: Run Behavior\ReadHtmlCacheBehavior [ RunTime:0.005001s ]
INFO: [ app_begin ] --END-- [ RunTime:0.005001s ]
SQL: SHOW COLUMNS FROM `gr_category` [ RunTime:0.0110s ]
SQL: SELECT `cname`,`cid` FROM `gr_category` WHERE `pid` = 0 AND `display` = 1 ORDER BY sort asc LIMIT 4   [ RunTime:0.0010s ]
NOTIC: [2048] Declaration of Member\Model\UserViewModel::check() should be compatible with that of Think\Model::check() C:\WWW\group\App\Member\Model\UserViewModel.class.php 第 6 行.
SQL: SHOW COLUMNS FROM `gr_user_address` [ RunTime:0.0140s ]
SQL: SELECT * FROM `gr_user_address` WHERE `user_id` = '3'  [ RunTime:0.0010s ]
SQL: SHOW COLUMNS FROM `gr_goods` [ RunTime:0.0120s ]
SQL: SHOW COLUMNS FROM `gr_cart` [ RunTime:0.0120s ]
SQL: SELECT goods.main_title AS main_title,goods.gid AS gid,goods.goods_img AS goods_img,goods.price AS price,goods.end_time AS end_time,cart.cart_id AS cart_id,cart.goods_num AS goods_num FROM gr_goods goods INNER JOIN gr_cart cart ON goods.gid = cart.goods_id WHERE `user_id` = '3'  [ RunTime:0.0010s ]
NOTIC: [8] Undefined index: sub_title C:\WWW\group\App\Member\Controller\CartController.class.php 第 163 行.
INFO: [ view_parse ] --START--
INFO: [ template_filter ] --START--
INFO: Run Behavior\ContentReplaceBehavior [ RunTime:0.008000s ]
INFO: [ template_filter ] --END-- [ RunTime:0.008000s ]
NOTIC: [8] Use of undefined constant Member - assumed 'Member' C:\WWW\group\App\Runtime\Cache\Member\d50e6e4b98b615dfdd035c3192c8ae13.php 第 92 行.
NOTIC: [8] Use of undefined constant Home - assumed 'Home' C:\WWW\group\App\Runtime\Cache\Member\d50e6e4b98b615dfdd035c3192c8ae13.php 第 92 行.
NOTIC: [8] Use of undefined constant Member - assumed 'Member' C:\WWW\group\App\Runtime\Cache\Member\d50e6e4b98b615dfdd035c3192c8ae13.php 第 92 行.
NOTIC: [8] Use of undefined constant Member - assumed 'Member' C:\WWW\group\App\Runtime\Cache\Member\d50e6e4b98b615dfdd035c3192c8ae13.php 第 93 行.
INFO: Run Behavior\ParseTemplateBehavior [ RunTime:0.151009s ]
INFO: [ view_parse ] --END-- [ RunTime:0.151009s ]
INFO: [ view_filter ] --START--
INFO: Run Behavior\WriteHtmlCacheBehavior [ RunTime:0.001000s ]
INFO: [ view_filter ] --END-- [ RunTime:0.001000s ]
INFO: [ app_end ] --START--
INFO: Run Behavior\ShowPageTraceBehavior [ RunTime:0.003000s ]
INFO: [ app_end ] --END-- [ RunTime:0.004000s ]

[ 2016-07-07T14:20:50+08:00 ] ::1 /group/index.php/Member/Cart/index
INFO: [ app_init ] --START--
INFO: Run Behavior\BuildLiteBehavior [ RunTime:0.000000s ]
INFO: [ app_init ] --END-- [ RunTime:0.001000s ]
INFO: [ app_begin ] --START--
INFO: Run Behavior\ReadHtmlCacheBehavior [ RunTime:0.004000s ]
INFO: [ app_begin ] --END-- [ RunTime:0.004000s ]
SQL: SHOW COLUMNS FROM `gr_category` [ RunTime:0.0090s ]
SQL: SELECT `cname`,`cid` FROM `gr_category` WHERE `pid` = 0 AND `display` = 1 ORDER BY sort asc LIMIT 4   [ RunTime:0.0000s ]
NOTIC: [2048] Declaration of Member\Model\UserViewModel::check() should be compatible with that of Think\Model::check() C:\WWW\group\App\Member\Model\UserViewModel.class.php 第 6 行.
SQL: SHOW COLUMNS FROM `gr_user_address` [ RunTime:0.0150s ]
SQL: SELECT * FROM `gr_user_address` WHERE `user_id` = '3'  [ RunTime:0.0010s ]
SQL: SHOW COLUMNS FROM `gr_goods` [ RunTime:0.0120s ]
SQL: SHOW COLUMNS FROM `gr_cart` [ RunTime:0.0160s ]
SQL: SELECT goods.main_title AS main_title,goods.gid AS gid,goods.goods_img AS goods_img,goods.price AS price,goods.end_time AS end_time,cart.cart_id AS cart_id,cart.goods_num AS goods_num FROM gr_goods goods INNER JOIN gr_cart cart ON goods.gid = cart.goods_id WHERE `user_id` = '3'  [ RunTime:0.0000s ]
NOTIC: [8] Undefined index: sub_title C:\WWW\group\App\Member\Controller\CartController.class.php 第 163 行.

[ 2016-07-07T14:22:06+08:00 ] ::1 /group/index.php/Member/Cart/index
INFO: [ app_init ] --START--
INFO: Run Behavior\BuildLiteBehavior [ RunTime:0.000000s ]
INFO: [ app_init ] --END-- [ RunTime:0.000000s ]
INFO: [ app_begin ] --START--
INFO: Run Behavior\ReadHtmlCacheBehavior [ RunTime:0.001000s ]
INFO: [ app_begin ] --END-- [ RunTime:0.002000s ]
SQL: SHOW COLUMNS FROM `gr_category` [ RunTime:0.0080s ]
SQL: SELECT `cname`,`cid` FROM `gr_category` WHERE `pid` = 0 AND `display` = 1 ORDER BY sort asc LIMIT 4   [ RunTime:0.0010s ]
NOTIC: [2048] Declaration of Member\Model\UserViewModel::check() should be compatible with that of Think\Model::check() C:\WWW\group\App\Member\Model\UserViewModel.class.php 第 6 行.
SQL: SHOW COLUMNS FROM `gr_user_address` [ RunTime:0.0080s ]
SQL: SELECT * FROM `gr_user_address` WHERE `user_id` = '3'  [ RunTime:0.0000s ]
SQL: SHOW COLUMNS FROM `gr_goods` [ RunTime:0.0090s ]
SQL: SHOW COLUMNS FROM `gr_cart` [ RunTime:0.0070s ]
SQL: SELECT goods.main_title AS main_title,goods.gid AS gid,goods.goods_img AS goods_img,goods.price AS price,goods.end_time AS end_time,cart.cart_id AS cart_id,cart.goods_num AS goods_num FROM gr_goods goods INNER JOIN gr_cart cart ON goods.gid = cart.goods_id WHERE `user_id` = '3'  [ RunTime:0.0010s ]
NOTIC: [8] Undefined index: sub_title C:\WWW\group\App\Member\Controller\CartController.class.php 第 163 行.

[ 2016-07-07T14:22:30+08:00 ] ::1 /group/index.php/Member/Index/getRecentView
INFO: [ app_init ] --START--
INFO: Run Behavior\BuildLiteBehavior [ RunTime:0.000000s ]
INFO: [ app_init ] --END-- [ RunTime:0.001000s ]
INFO: [ app_begin ] --START--
INFO: Run Behavior\ReadHtmlCacheBehavior [ RunTime:0.002000s ]
INFO: [ app_begin ] --END-- [ RunTime:0.002000s ]
SQL: SHOW COLUMNS FROM `gr_category` [ RunTime:0.0070s ]
SQL: SELECT `cname`,`cid` FROM `gr_category` WHERE `pid` = 0 AND `display` = 1 ORDER BY sort asc LIMIT 4   [ RunTime:0.0010s ]
SQL: SHOW COLUMNS FROM `gr_goods` [ RunTime:0.0070s ]
SQL: SELECT `main_title`,`price`,`gid`,`old_price`,`goods_img`,`end_time` FROM `gr_goods` WHERE `gid` IN (0,4)  [ RunTime:0.0000s ]

[ 2016-07-07T14:22:30+08:00 ] ::1 /group/index.php/Member/Cart/index
INFO: [ app_init ] --START--
INFO: Run Behavior\BuildLiteBehavior [ RunTime:0.000000s ]
INFO: [ app_init ] --END-- [ RunTime:0.001000s ]
INFO: [ app_begin ] --START--
INFO: Run Behavior\ReadHtmlCacheBehavior [ RunTime:0.002000s ]
INFO: [ app_begin ] --END-- [ RunTime:0.002000s ]
SQL: SHOW COLUMNS FROM `gr_category` [ RunTime:0.0070s ]
SQL: SELECT `cname`,`cid` FROM `gr_category` WHERE `pid` = 0 AND `display` = 1 ORDER BY sort asc LIMIT 4   [ RunTime:0.0020s ]
NOTIC: [2048] Declaration of Member\Model\UserViewModel::check() should be compatible with that of Think\Model::check() C:\WWW\group\App\Member\Model\UserViewModel.class.php 第 6 行.
SQL: SHOW COLUMNS FROM `gr_user_address` [ RunTime:0.0080s ]
SQL: SELECT * FROM `gr_user_address` WHERE `user_id` = '3'  [ RunTime:0.0020s ]
SQL: SHOW COLUMNS FROM `gr_goods` [ RunTime:0.0080s ]
SQL: SHOW COLUMNS FROM `gr_cart` [ RunTime:0.0070s ]
SQL: SELECT goods.main_title AS main_title,goods.gid AS gid,goods.goods_img AS goods_img,goods.price AS price,goods.end_time AS end_time,cart.cart_id AS cart_id,cart.goods_num AS goods_num FROM gr_goods goods INNER JOIN gr_cart cart ON goods.gid = cart.goods_id WHERE `user_id` = '3'  [ RunTime:0.0020s ]
NOTIC: [8] Undefined index: sub_title C:\WWW\group\App\Member\Controller\CartController.class.php 第 163 行.

[ 2016-07-07T14:22:38+08:00 ] ::1 /group/index.php/Member/Cart/index
INFO: [ app_init ] --START--
INFO: Run Behavior\BuildLiteBehavior [ RunTime:0.000000s ]
INFO: [ app_init ] --END-- [ RunTime:0.001000s ]
INFO: [ app_begin ] --START--
INFO: Run Behavior\ReadHtmlCacheBehavior [ RunTime:0.001000s ]
INFO: [ app_begin ] --END-- [ RunTime:0.001000s ]
SQL: SHOW COLUMNS FROM `gr_category` [ RunTime:0.0090s ]
SQL: SELECT `cname`,`cid` FROM `gr_category` WHERE `pid` = 0 AND `display` = 1 ORDER BY sort asc LIMIT 4   [ RunTime:0.0000s ]
NOTIC: [2048] Declaration of Member\Model\UserViewModel::check() should be compatible with that of Think\Model::check() C:\WWW\group\App\Member\Model\UserViewModel.class.php 第 6 行.
SQL: SHOW COLUMNS FROM `gr_user_address` [ RunTime:0.0070s ]
SQL: SELECT * FROM `gr_user_address` WHERE `user_id` = '3'  [ RunTime:0.0000s ]
SQL: SHOW COLUMNS FROM `gr_goods` [ RunTime:0.0080s ]
SQL: SHOW COLUMNS FROM `gr_cart` [ RunTime:0.0070s ]
SQL: SELECT goods.main_title AS main_title,goods.gid AS gid,goods.goods_img AS goods_img,goods.price AS price,goods.end_time AS end_time,cart.cart_id AS cart_id,cart.goods_num AS goods_num FROM gr_goods goods INNER JOIN gr_cart cart ON goods.gid = cart.goods_id WHERE `user_id` = '3'  [ RunTime:0.0000s ]
NOTIC: [8] Undefined index: sub_title C:\WWW\group\App\Member\Controller\CartController.class.php 第 163 行.

[ 2016-07-07T14:22:48+08:00 ] ::1 /group/index.php/Member/Cart/index
INFO: [ app_init ] --START--
INFO: Run Behavior\BuildLiteBehavior [ RunTime:0.000000s ]
INFO: [ app_init ] --END-- [ RunTime:0.001001s ]
INFO: [ app_begin ] --START--
INFO: Run Behavior\ReadHtmlCacheBehavior [ RunTime:0.002000s ]
INFO: [ app_begin ] --END-- [ RunTime:0.002000s ]
SQL: SHOW COLUMNS FROM `gr_category` [ RunTime:0.0070s ]
SQL: SELECT `cname`,`cid` FROM `gr_category` WHERE `pid` = 0 AND `display` = 1 ORDER BY sort asc LIMIT 4   [ RunTime:0.0000s ]
NOTIC: [2048] Declaration of Member\Model\UserViewModel::check() should be compatible with that of Think\Model::check() C:\WWW\group\App\Member\Model\UserViewModel.class.php 第 6 行.
SQL: SHOW COLUMNS FROM `gr_user_address` [ RunTime:0.0060s ]
SQL: SELECT * FROM `gr_user_address` WHERE `user_id` = '3'  [ RunTime:0.0000s ]
SQL: SHOW COLUMNS FROM `gr_goods` [ RunTime:0.0080s ]
SQL: SHOW COLUMNS FROM `gr_cart` [ RunTime:0.0070s ]
SQL: SELECT goods.main_title AS main_title,goods.gid AS gid,goods.goods_img AS goods_img,goods.price AS price,goods.end_time AS end_time,cart.cart_id AS cart_id,cart.goods_num AS goods_num FROM gr_goods goods INNER JOIN gr_cart cart ON goods.gid = cart.goods_id WHERE `user_id` = '3'  [ RunTime:0.0010s ]
NOTIC: [8] Undefined index: sub_title C:\WWW\group\App\Member\Controller\CartController.class.php 第 163 行.

[ 2016-07-07T14:22:59+08:00 ] ::1 /group/index.php/Member/Index/getRecentView
INFO: [ app_init ] --START--
INFO: Run Behavior\BuildLiteBehavior [ RunTime:0.000000s ]
INFO: [ app_init ] --END-- [ RunTime:0.002000s ]
INFO: [ app_begin ] --START--
INFO: Run Behavior\ReadHtmlCacheBehavior [ RunTime:0.002000s ]
INFO: [ app_begin ] --END-- [ RunTime:0.002000s ]
SQL: SHOW COLUMNS FROM `gr_category` [ RunTime:0.0070s ]
SQL: SELECT `cname`,`cid` FROM `gr_category` WHERE `pid` = 0 AND `display` = 1 ORDER BY sort asc LIMIT 4   [ RunTime:0.0000s ]
SQL: SHOW COLUMNS FROM `gr_goods` [ RunTime:0.0120s ]
SQL: SELECT `main_title`,`price`,`gid`,`old_price`,`goods_img`,`end_time` FROM `gr_goods` WHERE `gid` IN (0,4)  [ RunTime:0.0010s ]

[ 2016-07-07T14:23:00+08:00 ] ::1 /group/index.php/Member/Cart/index
INFO: [ app_init ] --START--
INFO: Run Behavior\BuildLiteBehavior [ RunTime:0.000000s ]
INFO: [ app_init ] --END-- [ RunTime:0.001000s ]
INFO: [ app_begin ] --START--
INFO: Run Behavior\ReadHtmlCacheBehavior [ RunTime:0.001000s ]
INFO: [ app_begin ] --END-- [ RunTime:0.001000s ]
SQL: SHOW COLUMNS FROM `gr_category` [ RunTime:0.0070s ]
SQL: SELECT `cname`,`cid` FROM `gr_category` WHERE `pid` = 0 AND `display` = 1 ORDER BY sort asc LIMIT 4   [ RunTime:0.0010s ]
NOTIC: [2048] Declaration of Member\Model\UserViewModel::check() should be compatible with that of Think\Model::check() C:\WWW\group\App\Member\Model\UserViewModel.class.php 第 6 行.
SQL: SHOW COLUMNS FROM `gr_user_address` [ RunTime:0.0070s ]
SQL: SELECT * FROM `gr_user_address` WHERE `user_id` = '3'  [ RunTime:0.0000s ]
SQL: SHOW COLUMNS FROM `gr_goods` [ RunTime:0.0100s ]
SQL: SHOW COLUMNS FROM `gr_cart` [ RunTime:0.0080s ]
SQL: SELECT goods.main_title AS main_title,goods.gid AS gid,goods.goods_img AS goods_img,goods.price AS price,goods.end_time AS end_time,cart.cart_id AS cart_id,cart.goods_num AS goods_num FROM gr_goods goods INNER JOIN gr_cart cart ON goods.gid = cart.goods_id WHERE `user_id` = '3'  [ RunTime:0.0010s ]
NOTIC: [8] Undefined index: sub_title C:\WWW\group\App\Member\Controller\CartController.class.php 第 163 行.

[ 2016-07-07T15:26:48+08:00 ] ::1 /group/index.php/Member/Cart/index
INFO: [ app_init ] --START--
INFO: Run Behavior\BuildLiteBehavior [ RunTime:0.000000s ]
INFO: [ app_init ] --END-- [ RunTime:0.001000s ]
INFO: [ app_begin ] --START--
INFO: Run Behavior\ReadHtmlCacheBehavior [ RunTime:0.002000s ]
INFO: [ app_begin ] --END-- [ RunTime:0.002000s ]
SQL: SHOW COLUMNS FROM `gr_category` [ RunTime:0.0090s ]
SQL: SELECT `cname`,`cid` FROM `gr_category` WHERE `pid` = 0 AND `display` = 1 ORDER BY sort asc LIMIT 4   [ RunTime:0.0010s ]
NOTIC: [2048] Declaration of Member\Model\UserViewModel::check() should be compatible with that of Think\Model::check() C:\WWW\group\App\Member\Model\UserViewModel.class.php 第 6 行.
SQL: SHOW COLUMNS FROM `gr_user_address` [ RunTime:0.0080s ]
SQL: SELECT * FROM `gr_user_address` WHERE `user_id` = '3'  [ RunTime:0.0010s ]
SQL: SHOW COLUMNS FROM `gr_goods` [ RunTime:0.0080s ]
SQL: SHOW COLUMNS FROM `gr_cart` [ RunTime:0.0110s ]
SQL: SELECT goods.main_title AS main_title,goods.gid AS gid,goods.goods_img AS goods_img,goods.price AS price,goods.end_time AS end_time,cart.cart_id AS cart_id,cart.goods_num AS goods_num FROM gr_goods goods INNER JOIN gr_cart cart ON goods.gid = cart.goods_id WHERE `user_id` = '3'  [ RunTime:0.0010s ]
NOTIC: [8] Undefined index: sub_title C:\WWW\group\App\Member\Controller\CartController.class.php 第 163 行.

[ 2016-07-07T15:26:49+08:00 ] ::1 /group/index.php/Member/Cart/index
INFO: [ app_init ] --START--
INFO: Run Behavior\BuildLiteBehavior [ RunTime:0.000000s ]
INFO: [ app_init ] --END-- [ RunTime:0.002000s ]
INFO: [ app_begin ] --START--
INFO: Run Behavior\ReadHtmlCacheBehavior [ RunTime:0.004000s ]
INFO: [ app_begin ] --END-- [ RunTime:0.004000s ]
SQL: SHOW COLUMNS FROM `gr_category` [ RunTime:0.0110s ]
SQL: SELECT `cname`,`cid` FROM `gr_category` WHERE `pid` = 0 AND `display` = 1 ORDER BY sort asc LIMIT 4   [ RunTime:0.0010s ]
NOTIC: [2048] Declaration of Member\Model\UserViewModel::check() should be compatible with that of Think\Model::check() C:\WWW\group\App\Member\Model\UserViewModel.class.php 第 6 行.
SQL: SHOW COLUMNS FROM `gr_user_address` [ RunTime:0.0120s ]
SQL: SELECT * FROM `gr_user_address` WHERE `user_id` = '3'  [ RunTime:0.0030s ]
SQL: SHOW COLUMNS FROM `gr_goods` [ RunTime:0.0110s ]
SQL: SHOW COLUMNS FROM `gr_cart` [ RunTime:0.0100s ]
SQL: SELECT goods.main_title AS main_title,goods.gid AS gid,goods.goods_img AS goods_img,goods.price AS price,goods.end_time AS end_time,cart.cart_id AS cart_id,cart.goods_num AS goods_num FROM gr_goods goods INNER JOIN gr_cart cart ON goods.gid = cart.goods_id WHERE `user_id` = '3'  [ RunTime:0.0000s ]
NOTIC: [8] Undefined index: sub_title C:\WWW\group\App\Member\Controller\CartController.class.php 第 163 行.
INFO: [ view_parse ] --START--
INFO: [ template_filter ] --START--
INFO: Run Behavior\ContentReplaceBehavior [ RunTime:0.003000s ]
INFO: [ template_filter ] --END-- [ RunTime:0.004000s ]
NOTIC: [8] Use of undefined constant Member - assumed 'Member' C:\WWW\group\App\Runtime\Cache\Member\d50e6e4b98b615dfdd035c3192c8ae13.php 第 92 行.
NOTIC: [8] Use of undefined constant Home - assumed 'Home' C:\WWW\group\App\Runtime\Cache\Member\d50e6e4b98b615dfdd035c3192c8ae13.php 第 92 行.
NOTIC: [8] Use of undefined constant Member - assumed 'Member' C:\WWW\group\App\Runtime\Cache\Member\d50e6e4b98b615dfdd035c3192c8ae13.php 第 92 行.
NOTIC: [8] Use of undefined constant Member - assumed 'Member' C:\WWW\group\App\Runtime\Cache\Member\d50e6e4b98b615dfdd035c3192c8ae13.php 第 93 行.
INFO: Run Behavior\ParseTemplateBehavior [ RunTime:0.123007s ]
INFO: [ view_parse ] --END-- [ RunTime:0.124007s ]
INFO: [ view_filter ] --START--
INFO: Run Behavior\WriteHtmlCacheBehavior [ RunTime:0.002000s ]
INFO: [ view_filter ] --END-- [ RunTime:0.002000s ]
INFO: [ app_end ] --START--
INFO: Run Behavior\ShowPageTraceBehavior [ RunTime:0.002000s ]
INFO: [ app_end ] --END-- [ RunTime:0.002000s ]

[ 2016-07-07T17:07:20+08:00 ] ::1 /group/index.php/Member/Cart/index
INFO: [ app_init ] --START--
INFO: Run Behavior\BuildLiteBehavior [ RunTime:0.000000s ]
INFO: [ app_init ] --END-- [ RunTime:0.001000s ]
INFO: [ app_begin ] --START--
INFO: Run Behavior\ReadHtmlCacheBehavior [ RunTime:0.002000s ]
INFO: [ app_begin ] --END-- [ RunTime:0.002000s ]
SQL: SHOW COLUMNS FROM `gr_category` [ RunTime:0.0070s ]
SQL: SELECT `cname`,`cid` FROM `gr_category` WHERE `pid` = 0 AND `display` = 1 ORDER BY sort asc LIMIT 4   [ RunTime:0.0010s ]
NOTIC: [2048] Declaration of Member\Model\UserViewModel::check() should be compatible with that of Think\Model::check() C:\WWW\group\App\Member\Model\UserViewModel.class.php 第 6 行.
SQL: SHOW COLUMNS FROM `gr_user_address` [ RunTime:0.0070s ]
SQL: SELECT * FROM `gr_user_address` WHERE `user_id` = '3'  [ RunTime:0.0020s ]
SQL: SHOW COLUMNS FROM `gr_goods` [ RunTime:0.0080s ]
SQL: SHOW COLUMNS FROM `gr_cart` [ RunTime:0.0090s ]
SQL: SELECT goods.main_title AS main_title,goods.gid AS gid,goods.goods_img AS goods_img,goods.price AS price,goods.end_time AS end_time,cart.cart_id AS cart_id,cart.goods_num AS goods_num FROM gr_goods goods INNER JOIN gr_cart cart ON goods.gid = cart.goods_id WHERE `user_id` = '3'  [ RunTime:0.0020s ]
NOTIC: [8] Undefined index: sub_title C:\WWW\group\App\Member\Controller\CartController.class.php 第 163 行.

[ 2016-07-07T17:07:22+08:00 ] ::1 /group/index.php/Member/Cart/index
INFO: [ app_init ] --START--
INFO: Run Behavior\BuildLiteBehavior [ RunTime:0.000000s ]
INFO: [ app_init ] --END-- [ RunTime:0.001000s ]
INFO: [ app_begin ] --START--
INFO: Run Behavior\ReadHtmlCacheBehavior [ RunTime:0.002000s ]
INFO: [ app_begin ] --END-- [ RunTime:0.002000s ]
SQL: SHOW COLUMNS FROM `gr_category` [ RunTime:0.0120s ]
SQL: SELECT `cname`,`cid` FROM `gr_category` WHERE `pid` = 0 AND `display` = 1 ORDER BY sort asc LIMIT 4   [ RunTime:0.0000s ]
NOTIC: [2048] Declaration of Member\Model\UserViewModel::check() should be compatible with that of Think\Model::check() C:\WWW\group\App\Member\Model\UserViewModel.class.php 第 6 行.
SQL: SHOW COLUMNS FROM `gr_user_address` [ RunTime:0.0090s ]
SQL: SELECT * FROM `gr_user_address` WHERE `user_id` = '3'  [ RunTime:0.0040s ]
SQL: SHOW COLUMNS FROM `gr_goods` [ RunTime:0.0100s ]
SQL: SHOW COLUMNS FROM `gr_cart` [ RunTime:0.0140s ]
SQL: SELECT goods.main_title AS main_title,goods.gid AS gid,goods.goods_img AS goods_img,goods.price AS price,goods.end_time AS end_time,cart.cart_id AS cart_id,cart.goods_num AS goods_num FROM gr_goods goods INNER JOIN gr_cart cart ON goods.gid = cart.goods_id WHERE `user_id` = '3'  [ RunTime:0.0010s ]
NOTIC: [8] Undefined index: sub_title C:\WWW\group\App\Member\Controller\CartController.class.php 第 163 行.
INFO: [ view_parse ] --START--
INFO: [ template_filter ] --START--
INFO: Run Behavior\ContentReplaceBehavior [ RunTime:0.004000s ]
INFO: [ template_filter ] --END-- [ RunTime:0.004000s ]
NOTIC: [8] Use of undefined constant Member - assumed 'Member' C:\WWW\group\App\Runtime\Cache\Member\d50e6e4b98b615dfdd035c3192c8ae13.php 第 92 行.
NOTIC: [8] Use of undefined constant Home - assumed 'Home' C:\WWW\group\App\Runtime\Cache\Member\d50e6e4b98b615dfdd035c3192c8ae13.php 第 92 行.
NOTIC: [8] Use of undefined constant Member - assumed 'Member' C:\WWW\group\App\Runtime\Cache\Member\d50e6e4b98b615dfdd035c3192c8ae13.php 第 92 行.
NOTIC: [8] Use of undefined constant Member - assumed 'Member' C:\WWW\group\App\Runtime\Cache\Member\d50e6e4b98b615dfdd035c3192c8ae13.php 第 93 行.
INFO: Run Behavior\ParseTemplateBehavior [ RunTime:0.122007s ]
INFO: [ view_parse ] --END-- [ RunTime:0.122007s ]
INFO: [ view_filter ] --START--
INFO: Run Behavior\WriteHtmlCacheBehavior [ RunTime:0.003000s ]
INFO: [ view_filter ] --END-- [ RunTime:0.003000s ]
INFO: [ app_end ] --START--
INFO: Run Behavior\ShowPageTraceBehavior [ RunTime:0.002000s ]
INFO: [ app_end ] --END-- [ RunTime:0.002000s ]

[ 2016-07-07T17:07:23+08:00 ] ::1 /group/index.php/Member/Buy/payMent
INFO: [ app_init ] --START--
INFO: Run Behavior\BuildLiteBehavior [ RunTime:0.000000s ]
INFO: [ app_init ] --END-- [ RunTime:0.001000s ]
INFO: [ app_begin ] --START--
INFO: Run Behavior\ReadHtmlCacheBehavior [ RunTime:0.001000s ]
INFO: [ app_begin ] --END-- [ RunTime:0.002000s ]
SQL: SHOW COLUMNS FROM `gr_category` [ RunTime:0.0080s ]
SQL: SELECT `cname`,`cid` FROM `gr_category` WHERE `pid` = 0 AND `display` = 1 ORDER BY sort asc LIMIT 4   [ RunTime:0.0020s ]
INFO: [ view_parse ] --START--
INFO: [ template_filter ] --START--
INFO: Run Behavior\ContentReplaceBehavior [ RunTime:0.001000s ]
INFO: [ template_filter ] --END-- [ RunTime:0.001000s ]
INFO: Run Behavior\ParseTemplateBehavior [ RunTime:0.041002s ]
INFO: [ view_parse ] --END-- [ RunTime:0.041002s ]
INFO: [ view_filter ] --START--
INFO: Run Behavior\WriteHtmlCacheBehavior [ RunTime:0.002000s ]
INFO: [ view_filter ] --END-- [ RunTime:0.004000s ]

[ 2016-07-07T17:07:27+08:00 ] ::1 /group/index.php/Member/Account/setAddress
INFO: [ app_init ] --START--
INFO: Run Behavior\BuildLiteBehavior [ RunTime:0.000000s ]
INFO: [ app_init ] --END-- [ RunTime:0.001000s ]
INFO: [ app_begin ] --START--
INFO: Run Behavior\ReadHtmlCacheBehavior [ RunTime:0.001000s ]
INFO: [ app_begin ] --END-- [ RunTime:0.002000s ]
ERR: 无法加载控制器:Account

