[ 2016-07-15T11:55:20+08:00 ] ::1 /group/Member/Cart/index
INFO: [ app_init ] --START--
INFO: Run Behavior\BuildLiteBehavior [ RunTime:0.000000s ]
INFO: [ app_init ] --END-- [ RunTime:0.000000s ]
INFO: [ app_begin ] --START--
INFO: Run Behavior\ReadHtmlCacheBehavior [ RunTime:0.000000s ]
INFO: [ app_begin ] --END-- [ RunTime:0.000000s ]
SQL: SHOW COLUMNS FROM `gr_category` [ RunTime:0.0156s ]
SQL: SELECT `cname`,`cid` FROM `gr_category` WHERE `pid` = 0 AND `display` = 1 ORDER BY sort asc LIMIT 4   [ RunTime:0.0000s ]
NOTIC: [2048] Declaration of Member\Model\UserViewModel::check() should be compatible with that of Think\Model::check() C:\WWW\group\App\Member\Model\UserViewModel.class.php 第 6 行.
SQL: SHOW COLUMNS FROM `gr_user_address` [ RunTime:0.0156s ]
SQL: SELECT * FROM `gr_user_address` WHERE `user_id` = null  [ RunTime:0.0000s ]

[ 2016-07-15T11:55:21+08:00 ] ::1 /group/Member/Index/getRecentView
INFO: [ app_init ] --START--
INFO: Run Behavior\BuildLiteBehavior [ RunTime:0.000000s ]
INFO: [ app_init ] --END-- [ RunTime:0.000000s ]
INFO: [ app_begin ] --START--
INFO: Run Behavior\ReadHtmlCacheBehavior [ RunTime:0.000000s ]
INFO: [ app_begin ] --END-- [ RunTime:0.000000s ]
NOTIC: [8] Undefined index: uid C:\WWW\group\App\Member\Controller\IndexController.class.php 第 15 行.
SQL: SHOW COLUMNS FROM `gr_category` [ RunTime:0.0156s ]
SQL: SELECT `cname`,`cid` FROM `gr_category` WHERE `pid` = 0 AND `display` = 1 ORDER BY sort asc LIMIT 4   [ RunTime:0.0000s ]
SQL: SHOW COLUMNS FROM `gr_goods` [ RunTime:0.0156s ]
SQL: SELECT `main_title`,`price`,`gid`,`old_price`,`goods_img`,`end_time` FROM `gr_goods` WHERE `gid` IN (0,4)  [ RunTime:0.0000s ]

[ 2016-07-15T12:27:44+08:00 ] ::1 /group/Member/Index/getRecentView
INFO: [ app_init ] --START--
INFO: Run Behavior\BuildLiteBehavior [ RunTime:0.000000s ]
INFO: [ app_init ] --END-- [ RunTime:0.000000s ]
INFO: [ app_begin ] --START--
INFO: Run Behavior\ReadHtmlCacheBehavior [ RunTime:0.000000s ]
INFO: [ app_begin ] --END-- [ RunTime:0.000000s ]
NOTIC: [8] Undefined index: uid C:\WWW\group\App\Member\Controller\IndexController.class.php 第 15 行.
SQL: SHOW COLUMNS FROM `gr_category` [ RunTime:0.0000s ]
SQL: SELECT `cname`,`cid` FROM `gr_category` WHERE `pid` = 0 AND `display` = 1 ORDER BY sort asc LIMIT 4   [ RunTime:0.0000s ]
SQL: SHOW COLUMNS FROM `gr_goods` [ RunTime:0.0000s ]
SQL: SELECT `main_title`,`price`,`gid`,`old_price`,`goods_img`,`end_time` FROM `gr_goods` WHERE `gid` IN (0,4)  [ RunTime:0.0000s ]

[ 2016-07-15T12:39:14+08:00 ] ::1 /group/Member/Login/index
INFO: [ app_init ] --START--
INFO: Run Behavior\BuildLiteBehavior [ RunTime:0.000000s ]
INFO: [ app_init ] --END-- [ RunTime:0.000000s ]
INFO: [ app_begin ] --START--
INFO: Run Behavior\ReadHtmlCacheBehavior [ RunTime:0.000000s ]
INFO: [ app_begin ] --END-- [ RunTime:0.000000s ]
NOTIC: [8] Undefined index: uid C:\WWW\group\App\Member\Controller\LoginController.class.php 第 10 行.
SQL: SHOW COLUMNS FROM `gr_category` [ RunTime:0.0000s ]
SQL: SELECT `cname`,`cid` FROM `gr_category` WHERE `pid` = 0 AND `display` = 1 ORDER BY sort asc LIMIT 4   [ RunTime:0.0000s ]
INFO: [ view_parse ] --START--
INFO: [ template_filter ] --START--
INFO: Run Behavior\ContentReplaceBehavior [ RunTime:0.015600s ]
INFO: [ template_filter ] --END-- [ RunTime:0.015600s ]
NOTIC: [8] Use of undefined constant Member - assumed 'Member' C:\WWW\group\App\Runtime\Cache\Member\bd27b8ba6481c4a609fc34eb7743d92f.php 第 122 行.
NOTIC: [8] Use of undefined constant Home - assumed 'Home' C:\WWW\group\App\Runtime\Cache\Member\bd27b8ba6481c4a609fc34eb7743d92f.php 第 122 行.
NOTIC: [8] Use of undefined constant Member - assumed 'Member' C:\WWW\group\App\Runtime\Cache\Member\bd27b8ba6481c4a609fc34eb7743d92f.php 第 122 行.
NOTIC: [8] Use of undefined constant Member - assumed 'Member' C:\WWW\group\App\Runtime\Cache\Member\bd27b8ba6481c4a609fc34eb7743d92f.php 第 123 行.
INFO: Run Behavior\ParseTemplateBehavior [ RunTime:0.124800s ]
INFO: [ view_parse ] --END-- [ RunTime:0.124800s ]
INFO: [ view_filter ] --START--
INFO: Run Behavior\WriteHtmlCacheBehavior [ RunTime:0.015600s ]
INFO: [ view_filter ] --END-- [ RunTime:0.015600s ]
INFO: [ app_end ] --START--
INFO: Run Behavior\ShowPageTraceBehavior [ RunTime:0.000000s ]
INFO: [ app_end ] --END-- [ RunTime:0.000000s ]

[ 2016-07-15T12:39:28+08:00 ] ::1 /group/Member/Login/login
INFO: [ app_init ] --START--
INFO: Run Behavior\BuildLiteBehavior [ RunTime:0.000000s ]
INFO: [ app_init ] --END-- [ RunTime:0.000000s ]
INFO: [ app_begin ] --START--
INFO: Run Behavior\ReadHtmlCacheBehavior [ RunTime:0.000000s ]
INFO: [ app_begin ] --END-- [ RunTime:0.000000s ]
NOTIC: [8] Undefined index: uid C:\WWW\group\App\Member\Controller\LoginController.class.php 第 10 行.
SQL: SHOW COLUMNS FROM `gr_category` [ RunTime:0.0000s ]
SQL: SELECT `cname`,`cid` FROM `gr_category` WHERE `pid` = 0 AND `display` = 1 ORDER BY sort asc LIMIT 4   [ RunTime:0.0000s ]
NOTIC: [2048] Declaration of Member\Model\UserViewModel::check() should be compatible with that of Think\Model::check() C:\WWW\group\App\Member\Model\UserViewModel.class.php 第 6 行.
SQL: SHOW COLUMNS FROM `gr_user` [ RunTime:0.0468s ]
SQL: SELECT * FROM `gr_user` WHERE `uname` = 'user123' LIMIT 1   [ RunTime:0.0000s ]
INFO: [ view_parse ] --START--
INFO: [ template_filter ] --START--
INFO: Run Behavior\ContentReplaceBehavior [ RunTime:0.000000s ]
INFO: [ template_filter ] --END-- [ RunTime:0.000000s ]
INFO: Run Behavior\ParseTemplateBehavior [ RunTime:0.015600s ]
INFO: [ view_parse ] --END-- [ RunTime:0.015600s ]
INFO: [ view_filter ] --START--
INFO: Run Behavior\WriteHtmlCacheBehavior [ RunTime:0.000000s ]
INFO: [ view_filter ] --END-- [ RunTime:0.000000s ]
INFO: [ app_end ] --START--
INFO: Run Behavior\ShowPageTraceBehavior [ RunTime:0.000000s ]
INFO: [ app_end ] --END-- [ RunTime:0.000000s ]

[ 2016-07-15T17:26:49+08:00 ] ::1 /group/Member/Index/getRecentView
INFO: [ app_init ] --START--
INFO: Run Behavior\BuildLiteBehavior [ RunTime:0.000000s ]
INFO: [ app_init ] --END-- [ RunTime:0.000000s ]
INFO: [ app_begin ] --START--
INFO: Run Behavior\ReadHtmlCacheBehavior [ RunTime:0.015600s ]
INFO: [ app_begin ] --END-- [ RunTime:0.015600s ]
SQL: SHOW COLUMNS FROM `gr_category` [ RunTime:0.0000s ]
SQL: SELECT `cname`,`cid` FROM `gr_category` WHERE `pid` = 0 AND `display` = 1 ORDER BY sort asc LIMIT 4   [ RunTime:0.0000s ]
SQL: SHOW COLUMNS FROM `gr_goods` [ RunTime:0.0000s ]
SQL: SELECT `main_title`,`price`,`gid`,`old_price`,`goods_img`,`end_time` FROM `gr_goods` WHERE `gid` IN (1,0,4)  [ RunTime:0.0000s ]

[ 2016-07-15T17:33:57+08:00 ] ::1 /group/Member/Index/getRecentView
INFO: [ app_init ] --START--
INFO: Run Behavior\BuildLiteBehavior [ RunTime:0.000000s ]
INFO: [ app_init ] --END-- [ RunTime:0.000000s ]
INFO: [ app_begin ] --START--
INFO: Run Behavior\ReadHtmlCacheBehavior [ RunTime:0.000000s ]
INFO: [ app_begin ] --END-- [ RunTime:0.000000s ]
SQL: SHOW COLUMNS FROM `gr_category` [ RunTime:0.0156s ]
SQL: SELECT `cname`,`cid` FROM `gr_category` WHERE `pid` = 0 AND `display` = 1 ORDER BY sort asc LIMIT 4   [ RunTime:0.0156s ]
SQL: SHOW COLUMNS FROM `gr_goods` [ RunTime:0.0000s ]
SQL: SELECT `main_title`,`price`,`gid`,`old_price`,`goods_img`,`end_time` FROM `gr_goods` WHERE `gid` IN (1,0,4)  [ RunTime:0.0000s ]

[ 2016-07-15T17:35:57+08:00 ] ::1 /group/Member/Index/getRecentView
INFO: [ app_init ] --START--
INFO: Run Behavior\BuildLiteBehavior [ RunTime:0.000000s ]
INFO: [ app_init ] --END-- [ RunTime:0.000000s ]
INFO: [ app_begin ] --START--
INFO: Run Behavior\ReadHtmlCacheBehavior [ RunTime:0.000000s ]
INFO: [ app_begin ] --END-- [ RunTime:0.000000s ]
SQL: SHOW COLUMNS FROM `gr_category` [ RunTime:0.0000s ]
SQL: SELECT `cname`,`cid` FROM `gr_category` WHERE `pid` = 0 AND `display` = 1 ORDER BY sort asc LIMIT 4   [ RunTime:0.0000s ]
SQL: SHOW COLUMNS FROM `gr_goods` [ RunTime:0.0000s ]
SQL: SELECT `main_title`,`price`,`gid`,`old_price`,`goods_img`,`end_time` FROM `gr_goods` WHERE `gid` IN (1,0,4)  [ RunTime:0.0000s ]

[ 2016-07-15T17:36:14+08:00 ] ::1 /group/Member/Cart/index
INFO: [ app_init ] --START--
INFO: Run Behavior\BuildLiteBehavior [ RunTime:0.000000s ]
INFO: [ app_init ] --END-- [ RunTime:0.000000s ]
INFO: [ app_begin ] --START--
INFO: Run Behavior\ReadHtmlCacheBehavior [ RunTime:0.000000s ]
INFO: [ app_begin ] --END-- [ RunTime:0.000000s ]
SQL: SHOW COLUMNS FROM `gr_category` [ RunTime:0.0156s ]
SQL: SELECT `cname`,`cid` FROM `gr_category` WHERE `pid` = 0 AND `display` = 1 ORDER BY sort asc LIMIT 4   [ RunTime:0.0000s ]
NOTIC: [2048] Declaration of Member\Model\UserViewModel::check() should be compatible with that of Think\Model::check() C:\WWW\group\App\Member\Model\UserViewModel.class.php 第 6 行.
SQL: SHOW COLUMNS FROM `gr_user_address` [ RunTime:0.0468s ]
SQL: SELECT * FROM `gr_user_address` WHERE `user_id` = '1'  [ RunTime:0.0000s ]
SQL: SHOW COLUMNS FROM `gr_goods` [ RunTime:0.0156s ]
SQL: SHOW COLUMNS FROM `gr_cart` [ RunTime:0.0312s ]
SQL: SELECT goods.main_title AS main_title,goods.gid AS gid,goods.goods_img AS goods_img,goods.price AS price,goods.end_time AS end_time,cart.cart_id AS cart_id,cart.goods_num AS goods_num FROM gr_goods goods INNER JOIN gr_cart cart ON goods.gid = cart.goods_id WHERE `user_id` = '1'  [ RunTime:0.0156s ]

[ 2016-07-15T23:40:56+08:00 ] ::1 /group/Member/Login/index
INFO: [ app_init ] --START--
INFO: Run Behavior\BuildLiteBehavior [ RunTime:0.000000s ]
INFO: [ app_init ] --END-- [ RunTime:0.000000s ]
INFO: [ app_begin ] --START--
INFO: Run Behavior\ReadHtmlCacheBehavior [ RunTime:0.000000s ]
INFO: [ app_begin ] --END-- [ RunTime:0.000000s ]
NOTIC: [8] Undefined index: uid C:\WWW\group\App\Member\Controller\LoginController.class.php 第 10 行.
SQL: SHOW COLUMNS FROM `gr_category` [ RunTime:0.0000s ]
SQL: SELECT `cname`,`cid` FROM `gr_category` WHERE `pid` = 0 AND `display` = 1 ORDER BY sort asc LIMIT 4   [ RunTime:0.0000s ]
INFO: [ view_parse ] --START--
INFO: [ template_filter ] --START--
INFO: Run Behavior\ContentReplaceBehavior [ RunTime:0.015600s ]
INFO: [ template_filter ] --END-- [ RunTime:0.015600s ]
NOTIC: [8] Use of undefined constant Member - assumed 'Member' C:\WWW\group\App\Runtime\Cache\Member\bd27b8ba6481c4a609fc34eb7743d92f.php 第 122 行.
NOTIC: [8] Use of undefined constant Home - assumed 'Home' C:\WWW\group\App\Runtime\Cache\Member\bd27b8ba6481c4a609fc34eb7743d92f.php 第 122 行.
NOTIC: [8] Use of undefined constant Member - assumed 'Member' C:\WWW\group\App\Runtime\Cache\Member\bd27b8ba6481c4a609fc34eb7743d92f.php 第 122 行.
NOTIC: [8] Use of undefined constant Member - assumed 'Member' C:\WWW\group\App\Runtime\Cache\Member\bd27b8ba6481c4a609fc34eb7743d92f.php 第 123 行.
INFO: Run Behavior\ParseTemplateBehavior [ RunTime:0.109200s ]
INFO: [ view_parse ] --END-- [ RunTime:0.109200s ]
INFO: [ view_filter ] --START--
INFO: Run Behavior\WriteHtmlCacheBehavior [ RunTime:0.000000s ]
INFO: [ view_filter ] --END-- [ RunTime:0.000000s ]
INFO: [ app_end ] --START--
INFO: Run Behavior\ShowPageTraceBehavior [ RunTime:0.000000s ]
INFO: [ app_end ] --END-- [ RunTime:0.000000s ]

[ 2016-07-15T23:41:07+08:00 ] ::1 /group/Member/Login/login
INFO: [ app_init ] --START--
INFO: Run Behavior\BuildLiteBehavior [ RunTime:0.000000s ]
INFO: [ app_init ] --END-- [ RunTime:0.000000s ]
INFO: [ app_begin ] --START--
INFO: Run Behavior\ReadHtmlCacheBehavior [ RunTime:0.000000s ]
INFO: [ app_begin ] --END-- [ RunTime:0.000000s ]
NOTIC: [8] Undefined index: uid C:\WWW\group\App\Member\Controller\LoginController.class.php 第 10 行.
SQL: SHOW COLUMNS FROM `gr_category` [ RunTime:0.0000s ]
SQL: SELECT `cname`,`cid` FROM `gr_category` WHERE `pid` = 0 AND `display` = 1 ORDER BY sort asc LIMIT 4   [ RunTime:0.0000s ]
NOTIC: [2048] Declaration of Member\Model\UserViewModel::check() should be compatible with that of Think\Model::check() C:\WWW\group\App\Member\Model\UserViewModel.class.php 第 6 行.
SQL: SHOW COLUMNS FROM `gr_user` [ RunTime:0.0468s ]
SQL: SELECT * FROM `gr_user` WHERE `uname` = 'user123' LIMIT 1   [ RunTime:0.0000s ]
INFO: [ view_parse ] --START--
INFO: [ template_filter ] --START--
INFO: Run Behavior\ContentReplaceBehavior [ RunTime:0.000000s ]
INFO: [ template_filter ] --END-- [ RunTime:0.000000s ]
INFO: Run Behavior\ParseTemplateBehavior [ RunTime:0.015600s ]
INFO: [ view_parse ] --END-- [ RunTime:0.015600s ]
INFO: [ view_filter ] --START--
INFO: Run Behavior\WriteHtmlCacheBehavior [ RunTime:0.000000s ]
INFO: [ view_filter ] --END-- [ RunTime:0.000000s ]
INFO: [ app_end ] --START--
INFO: Run Behavior\ShowPageTraceBehavior [ RunTime:0.015600s ]
INFO: [ app_end ] --END-- [ RunTime:0.015600s ]

[ 2016-07-15T23:41:20+08:00 ] ::1 /group/Member/Cart/index
INFO: [ app_init ] --START--
INFO: Run Behavior\BuildLiteBehavior [ RunTime:0.000000s ]
INFO: [ app_init ] --END-- [ RunTime:0.000000s ]
INFO: [ app_begin ] --START--
INFO: Run Behavior\ReadHtmlCacheBehavior [ RunTime:0.000000s ]
INFO: [ app_begin ] --END-- [ RunTime:0.000000s ]
SQL: SHOW COLUMNS FROM `gr_category` [ RunTime:0.0156s ]
SQL: SELECT `cname`,`cid` FROM `gr_category` WHERE `pid` = 0 AND `display` = 1 ORDER BY sort asc LIMIT 4   [ RunTime:0.0000s ]
NOTIC: [2048] Declaration of Member\Model\UserViewModel::check() should be compatible with that of Think\Model::check() C:\WWW\group\App\Member\Model\UserViewModel.class.php 第 6 行.
SQL: SHOW COLUMNS FROM `gr_user_address` [ RunTime:0.0468s ]
SQL: SELECT * FROM `gr_user_address` WHERE `user_id` = '1'  [ RunTime:0.0000s ]
SQL: SHOW COLUMNS FROM `gr_goods` [ RunTime:0.0156s ]
SQL: SHOW COLUMNS FROM `gr_cart` [ RunTime:0.0312s ]
SQL: SELECT goods.main_title AS main_title,goods.gid AS gid,goods.goods_img AS goods_img,goods.price AS price,goods.end_time AS end_time,cart.cart_id AS cart_id,cart.goods_num AS goods_num FROM gr_goods goods INNER JOIN gr_cart cart ON goods.gid = cart.goods_id WHERE `user_id` = '1'  [ RunTime:0.0000s ]

[ 2016-07-15T23:47:18+08:00 ] ::1 /group/Member/Index/getRecentView
INFO: [ app_init ] --START--
INFO: Run Behavior\BuildLiteBehavior [ RunTime:0.000000s ]
INFO: [ app_init ] --END-- [ RunTime:0.001000s ]
INFO: [ app_begin ] --START--
INFO: Run Behavior\ReadHtmlCacheBehavior [ RunTime:0.069003s ]
INFO: [ app_begin ] --END-- [ RunTime:0.069003s ]
SQL: SHOW COLUMNS FROM `gr_category` [ RunTime:0.0080s ]
SQL: SELECT `cname`,`cid` FROM `gr_category` WHERE `pid` = 0 AND `display` = 1 ORDER BY sort asc LIMIT 4   [ RunTime:0.0010s ]
SQL: SHOW COLUMNS FROM `gr_goods` [ RunTime:0.0090s ]
SQL: SELECT `main_title`,`price`,`gid`,`old_price`,`goods_img`,`end_time` FROM `gr_goods` WHERE `gid` IN (4,0,1)  [ RunTime:0.0010s ]

[ 2016-07-15T23:47:35+08:00 ] ::1 /group/Member/Index/getRecentView
INFO: [ app_init ] --START--
INFO: Run Behavior\BuildLiteBehavior [ RunTime:0.000000s ]
INFO: [ app_init ] --END-- [ RunTime:0.001001s ]
INFO: [ app_begin ] --START--
INFO: Run Behavior\ReadHtmlCacheBehavior [ RunTime:0.003000s ]
INFO: [ app_begin ] --END-- [ RunTime:0.003000s ]
SQL: SHOW COLUMNS FROM `gr_category` [ RunTime:0.0080s ]
SQL: SELECT `cname`,`cid` FROM `gr_category` WHERE `pid` = 0 AND `display` = 1 ORDER BY sort asc LIMIT 4   [ RunTime:0.0000s ]
SQL: SHOW COLUMNS FROM `gr_goods` [ RunTime:0.0080s ]
SQL: SELECT `main_title`,`price`,`gid`,`old_price`,`goods_img`,`end_time` FROM `gr_goods` WHERE `gid` IN (4,0,1)  [ RunTime:0.0000s ]

[ 2016-07-15T23:48:27+08:00 ] ::1 /group/Member/Index/getRecentView
INFO: [ app_init ] --START--
INFO: Run Behavior\BuildLiteBehavior [ RunTime:0.000000s ]
INFO: [ app_init ] --END-- [ RunTime:0.000000s ]
INFO: [ app_begin ] --START--
INFO: Run Behavior\ReadHtmlCacheBehavior [ RunTime:0.000000s ]
INFO: [ app_begin ] --END-- [ RunTime:0.000000s ]
SQL: SHOW COLUMNS FROM `gr_category` [ RunTime:0.0100s ]
SQL: SELECT `cname`,`cid` FROM `gr_category` WHERE `pid` = 0 AND `display` = 1 ORDER BY sort asc LIMIT 4   [ RunTime:0.0000s ]
SQL: SHOW COLUMNS FROM `gr_goods` [ RunTime:0.0100s ]
SQL: SELECT `main_title`,`price`,`gid`,`old_price`,`goods_img`,`end_time` FROM `gr_goods` WHERE `gid` IN (4,0,1)  [ RunTime:0.0000s ]

[ 2016-07-15T23:50:33+08:00 ] ::1 /group/Member/Account/setting
INFO: [ app_init ] --START--
INFO: Run Behavior\BuildLiteBehavior [ RunTime:0.000000s ]
INFO: [ app_init ] --END-- [ RunTime:0.001000s ]
INFO: [ app_begin ] --START--
INFO: Run Behavior\ReadHtmlCacheBehavior [ RunTime:0.001000s ]
INFO: [ app_begin ] --END-- [ RunTime:0.001000s ]
NOTIC: [2048] Declaration of Member\Model\UserViewModel::check() should be compatible with that of Think\Model::check() C:\WWW\group\App\Member\Model\UserViewModel.class.php 第 6 行.
SQL: SHOW COLUMNS FROM `gr_category` [ RunTime:0.0100s ]
SQL: SELECT `cname`,`cid` FROM `gr_category` WHERE `pid` = 0 AND `display` = 1 ORDER BY sort asc LIMIT 4   [ RunTime:0.0000s ]
SQL: SHOW COLUMNS FROM `gr_user` [ RunTime:0.0090s ]
SQL: SELECT * FROM `gr_user` WHERE `uid` = 1 LIMIT 1   [ RunTime:0.0000s ]
INFO: [ view_parse ] --START--
INFO: [ template_filter ] --START--
INFO: Run Behavior\ContentReplaceBehavior [ RunTime:0.004000s ]
INFO: [ template_filter ] --END-- [ RunTime:0.004000s ]
NOTIC: [8] Use of undefined constant Member - assumed 'Member' C:\WWW\group\App\Runtime\Cache\Member\6e3ed2a2bde322b2724bc762ee18a273.php 第 122 行.
NOTIC: [8] Use of undefined constant Home - assumed 'Home' C:\WWW\group\App\Runtime\Cache\Member\6e3ed2a2bde322b2724bc762ee18a273.php 第 122 行.
NOTIC: [8] Use of undefined constant Member - assumed 'Member' C:\WWW\group\App\Runtime\Cache\Member\6e3ed2a2bde322b2724bc762ee18a273.php 第 122 行.
NOTIC: [8] Use of undefined constant Member - assumed 'Member' C:\WWW\group\App\Runtime\Cache\Member\6e3ed2a2bde322b2724bc762ee18a273.php 第 123 行.
INFO: Run Behavior\ParseTemplateBehavior [ RunTime:0.120006s ]
INFO: [ view_parse ] --END-- [ RunTime:0.120006s ]
INFO: [ view_filter ] --START--
INFO: Run Behavior\WriteHtmlCacheBehavior [ RunTime:0.002001s ]
INFO: [ view_filter ] --END-- [ RunTime:0.002001s ]
INFO: [ app_end ] --START--
INFO: Run Behavior\ShowPageTraceBehavior [ RunTime:0.002001s ]
INFO: [ app_end ] --END-- [ RunTime:0.002001s ]

[ 2016-07-15T23:50:36+08:00 ] ::1 /group/Member/Account/savePass/1
INFO: [ app_init ] --START--
INFO: Run Behavior\BuildLiteBehavior [ RunTime:0.000000s ]
INFO: [ app_init ] --END-- [ RunTime:0.001001s ]
INFO: [ app_begin ] --START--
INFO: Run Behavior\ReadHtmlCacheBehavior [ RunTime:0.006000s ]
INFO: [ app_begin ] --END-- [ RunTime:0.006000s ]
NOTIC: [2048] Declaration of Member\Model\UserViewModel::check() should be compatible with that of Think\Model::check() C:\WWW\group\App\Member\Model\UserViewModel.class.php 第 6 行.
INFO: [ view_parse ] --START--
INFO: [ template_filter ] --START--
INFO: Run Behavior\ContentReplaceBehavior [ RunTime:0.004000s ]
INFO: [ template_filter ] --END-- [ RunTime:0.005000s ]
NOTIC: [8] Use of undefined constant Member - assumed 'Member' C:\WWW\group\App\Runtime\Cache\Member\3123e4bc7cf62534fbd80e28f15b97f2.php 第 122 行.
NOTIC: [8] Use of undefined constant Home - assumed 'Home' C:\WWW\group\App\Runtime\Cache\Member\3123e4bc7cf62534fbd80e28f15b97f2.php 第 122 行.
NOTIC: [8] Use of undefined constant Member - assumed 'Member' C:\WWW\group\App\Runtime\Cache\Member\3123e4bc7cf62534fbd80e28f15b97f2.php 第 122 行.
NOTIC: [8] Use of undefined constant Member - assumed 'Member' C:\WWW\group\App\Runtime\Cache\Member\3123e4bc7cf62534fbd80e28f15b97f2.php 第 123 行.
NOTIC: [8] Undefined variable: user C:\WWW\group\App\Runtime\Cache\Member\3123e4bc7cf62534fbd80e28f15b97f2.php 第 172 行.
INFO: Run Behavior\ParseTemplateBehavior [ RunTime:0.125007s ]
INFO: [ view_parse ] --END-- [ RunTime:0.125007s ]
INFO: [ view_filter ] --START--
INFO: Run Behavior\WriteHtmlCacheBehavior [ RunTime:0.001000s ]
INFO: [ view_filter ] --END-- [ RunTime:0.001000s ]
INFO: [ app_end ] --START--
INFO: Run Behavior\ShowPageTraceBehavior [ RunTime:0.002000s ]
INFO: [ app_end ] --END-- [ RunTime:0.002000s ]

[ 2016-07-15T23:50:44+08:00 ] ::1 /group/Member/Index/getRecentView
INFO: [ app_init ] --START--
INFO: Run Behavior\BuildLiteBehavior [ RunTime:0.000000s ]
INFO: [ app_init ] --END-- [ RunTime:0.001000s ]
INFO: [ app_begin ] --START--
INFO: Run Behavior\ReadHtmlCacheBehavior [ RunTime:0.001000s ]
INFO: [ app_begin ] --END-- [ RunTime:0.001000s ]
SQL: SHOW COLUMNS FROM `gr_category` [ RunTime:0.0070s ]
SQL: SELECT `cname`,`cid` FROM `gr_category` WHERE `pid` = 0 AND `display` = 1 ORDER BY sort asc LIMIT 4   [ RunTime:0.0000s ]
SQL: SHOW COLUMNS FROM `gr_goods` [ RunTime:0.0280s ]
SQL: SELECT `main_title`,`price`,`gid`,`old_price`,`goods_img`,`end_time` FROM `gr_goods` WHERE `gid` IN (4,0,1)  [ RunTime:0.0000s ]

