[ 2016-07-14T00:09:04+08:00 ] ::1 /group/Member/Index/getRecentView
INFO: [ app_init ] --START--
INFO: Run Behavior\BuildLiteBehavior [ RunTime:0.000000s ]
INFO: [ app_init ] --END-- [ RunTime:0.000000s ]
INFO: [ app_begin ] --START--
INFO: Run Behavior\ReadHtmlCacheBehavior [ RunTime:0.000000s ]
INFO: [ app_begin ] --END-- [ RunTime:0.000000s ]
NOTIC: [8] Undefined index: uid C:\WWW\group\App\Member\Controller\IndexController.class.php 第 15 行.
SQL: SHOW COLUMNS FROM `gr_category` [ RunTime:0.0000s ]
SQL: SELECT `cname`,`cid` FROM `gr_category` WHERE `pid` = 0 AND `display` = 1 ORDER BY sort asc LIMIT 4   [ RunTime:0.0000s ]

[ 2016-07-14T00:11:01+08:00 ] ::1 /group/Member/Index/getRecentView
INFO: [ app_init ] --START--
INFO: Run Behavior\BuildLiteBehavior [ RunTime:0.000000s ]
INFO: [ app_init ] --END-- [ RunTime:0.000000s ]
INFO: [ app_begin ] --START--
INFO: Run Behavior\ReadHtmlCacheBehavior [ RunTime:0.000000s ]
INFO: [ app_begin ] --END-- [ RunTime:0.000000s ]
NOTIC: [8] Undefined index: uid C:\WWW\group\App\Member\Controller\IndexController.class.php 第 15 行.
SQL: SHOW COLUMNS FROM `gr_category` [ RunTime:0.0000s ]
SQL: SELECT `cname`,`cid` FROM `gr_category` WHERE `pid` = 0 AND `display` = 1 ORDER BY sort asc LIMIT 4   [ RunTime:0.0000s ]

[ 2016-07-14T00:11:39+08:00 ] ::1 /group/Member/Cart/index
INFO: [ app_init ] --START--
INFO: Run Behavior\BuildLiteBehavior [ RunTime:0.000000s ]
INFO: [ app_init ] --END-- [ RunTime:0.000000s ]
INFO: [ app_begin ] --START--
INFO: Run Behavior\ReadHtmlCacheBehavior [ RunTime:0.015600s ]
INFO: [ app_begin ] --END-- [ RunTime:0.015600s ]
SQL: SHOW COLUMNS FROM `gr_category` [ RunTime:0.0156s ]
SQL: SELECT `cname`,`cid` FROM `gr_category` WHERE `pid` = 0 AND `display` = 1 ORDER BY sort asc LIMIT 4   [ RunTime:0.0000s ]
NOTIC: [2048] Declaration of Member\Model\UserViewModel::check() should be compatible with that of Think\Model::check() C:\WWW\group\App\Member\Model\UserViewModel.class.php 第 6 行.
SQL: SHOW COLUMNS FROM `gr_user_address` [ RunTime:0.0156s ]
SQL: SELECT * FROM `gr_user_address` WHERE `user_id` = null  [ RunTime:0.0156s ]

[ 2016-07-14T00:11:39+08:00 ] ::1 /group/Member/Index/getRecentView
INFO: [ app_init ] --START--
INFO: Run Behavior\BuildLiteBehavior [ RunTime:0.000000s ]
INFO: [ app_init ] --END-- [ RunTime:0.000000s ]
INFO: [ app_begin ] --START--
INFO: Run Behavior\ReadHtmlCacheBehavior [ RunTime:0.031200s ]
INFO: [ app_begin ] --END-- [ RunTime:0.031200s ]
NOTIC: [8] Undefined index: uid C:\WWW\group\App\Member\Controller\IndexController.class.php 第 15 行.
SQL: SHOW COLUMNS FROM `gr_category` [ RunTime:0.0156s ]
SQL: SELECT `cname`,`cid` FROM `gr_category` WHERE `pid` = 0 AND `display` = 1 ORDER BY sort asc LIMIT 4   [ RunTime:0.0000s ]

[ 2016-07-14T00:35:47+08:00 ] ::1 /group/Member/Cart/index
INFO: [ app_init ] --START--
INFO: Run Behavior\BuildLiteBehavior [ RunTime:0.000000s ]
INFO: [ app_init ] --END-- [ RunTime:0.002000s ]
INFO: [ app_begin ] --START--
INFO: Run Behavior\ReadHtmlCacheBehavior [ RunTime:0.002000s ]
INFO: [ app_begin ] --END-- [ RunTime:0.002000s ]
SQL: SHOW COLUMNS FROM `gr_category` [ RunTime:0.0070s ]
SQL: SELECT `cname`,`cid` FROM `gr_category` WHERE `pid` = 0 AND `display` = 1 ORDER BY sort asc LIMIT 4   [ RunTime:0.0000s ]
NOTIC: [2048] Declaration of Member\Model\UserViewModel::check() should be compatible with that of Think\Model::check() C:\WWW\group\App\Member\Model\UserViewModel.class.php 第 6 行.
SQL: SHOW COLUMNS FROM `gr_user_address` [ RunTime:0.0020s ]
SQL: SELECT * FROM `gr_user_address` WHERE `user_id` = null  [ RunTime:0.0000s ]

[ 2016-07-14T00:35:47+08:00 ] ::1 /group/Member/Index/getRecentView
INFO: [ app_init ] --START--
INFO: Run Behavior\BuildLiteBehavior [ RunTime:0.000000s ]
INFO: [ app_init ] --END-- [ RunTime:0.001000s ]
INFO: [ app_begin ] --START--
INFO: Run Behavior\ReadHtmlCacheBehavior [ RunTime:0.002000s ]
INFO: [ app_begin ] --END-- [ RunTime:0.002000s ]
NOTIC: [8] Undefined index: uid C:\WWW\group\App\Member\Controller\IndexController.class.php 第 15 行.
SQL: SHOW COLUMNS FROM `gr_category` [ RunTime:0.0000s ]
SQL: SELECT `cname`,`cid` FROM `gr_category` WHERE `pid` = 0 AND `display` = 1 ORDER BY sort asc LIMIT 4   [ RunTime:0.0000s ]

[ 2016-07-14T00:35:50+08:00 ] ::1 /group/Member/Login/logout
INFO: [ app_init ] --START--
INFO: Run Behavior\BuildLiteBehavior [ RunTime:0.000000s ]
INFO: [ app_init ] --END-- [ RunTime:0.000000s ]
INFO: [ app_begin ] --START--
INFO: Run Behavior\ReadHtmlCacheBehavior [ RunTime:0.002000s ]
INFO: [ app_begin ] --END-- [ RunTime:0.002000s ]
NOTIC: [8] Undefined index: uid C:\WWW\group\App\Member\Controller\LoginController.class.php 第 10 行.
SQL: SHOW COLUMNS FROM `gr_category` [ RunTime:0.0000s ]
SQL: SELECT `cname`,`cid` FROM `gr_category` WHERE `pid` = 0 AND `display` = 1 ORDER BY sort asc LIMIT 4   [ RunTime:0.0000s ]
INFO: [ view_parse ] --START--
INFO: [ template_filter ] --START--
INFO: Run Behavior\ContentReplaceBehavior [ RunTime:0.001000s ]
INFO: [ template_filter ] --END-- [ RunTime:0.001000s ]
INFO: Run Behavior\ParseTemplateBehavior [ RunTime:0.023600s ]
INFO: [ view_parse ] --END-- [ RunTime:0.023600s ]
INFO: [ view_filter ] --START--
INFO: Run Behavior\WriteHtmlCacheBehavior [ RunTime:0.001000s ]
INFO: [ view_filter ] --END-- [ RunTime:0.001000s ]

[ 2016-07-14T00:35:55+08:00 ] ::1 /group/Member/Cart/index
INFO: [ app_init ] --START--
INFO: Run Behavior\BuildLiteBehavior [ RunTime:0.000000s ]
INFO: [ app_init ] --END-- [ RunTime:0.001000s ]
INFO: [ app_begin ] --START--
INFO: Run Behavior\ReadHtmlCacheBehavior [ RunTime:0.002000s ]
INFO: [ app_begin ] --END-- [ RunTime:0.003000s ]
SQL: SHOW COLUMNS FROM `gr_category` [ RunTime:0.0070s ]
SQL: SELECT `cname`,`cid` FROM `gr_category` WHERE `pid` = 0 AND `display` = 1 ORDER BY sort asc LIMIT 4   [ RunTime:0.0000s ]
NOTIC: [2048] Declaration of Member\Model\UserViewModel::check() should be compatible with that of Think\Model::check() C:\WWW\group\App\Member\Model\UserViewModel.class.php 第 6 行.
SQL: SHOW COLUMNS FROM `gr_user_address` [ RunTime:0.0080s ]
SQL: SELECT * FROM `gr_user_address` WHERE `user_id` = null  [ RunTime:0.0010s ]

[ 2016-07-14T00:35:55+08:00 ] ::1 /group/Member/Index/getRecentView
INFO: [ app_init ] --START--
INFO: Run Behavior\BuildLiteBehavior [ RunTime:0.000000s ]
INFO: [ app_init ] --END-- [ RunTime:0.002000s ]
INFO: [ app_begin ] --START--
INFO: Run Behavior\ReadHtmlCacheBehavior [ RunTime:0.001000s ]
INFO: [ app_begin ] --END-- [ RunTime:0.001000s ]
NOTIC: [8] Undefined index: uid C:\WWW\group\App\Member\Controller\IndexController.class.php 第 15 行.
SQL: SHOW COLUMNS FROM `gr_category` [ RunTime:0.0150s ]
SQL: SELECT `cname`,`cid` FROM `gr_category` WHERE `pid` = 0 AND `display` = 1 ORDER BY sort asc LIMIT 4   [ RunTime:0.0010s ]

[ 2016-07-14T00:35:57+08:00 ] ::1 /group/Member/Order/index
INFO: [ app_init ] --START--
INFO: Run Behavior\BuildLiteBehavior [ RunTime:0.000000s ]
INFO: [ app_init ] --END-- [ RunTime:0.000000s ]
INFO: [ app_begin ] --START--
INFO: Run Behavior\ReadHtmlCacheBehavior [ RunTime:0.002000s ]
INFO: [ app_begin ] --END-- [ RunTime:0.002000s ]

[ 2016-07-14T00:35:58+08:00 ] ::1 /group/Member/Login/index
INFO: [ app_init ] --START--
INFO: Run Behavior\BuildLiteBehavior [ RunTime:0.000000s ]
INFO: [ app_init ] --END-- [ RunTime:0.001000s ]
INFO: [ app_begin ] --START--
INFO: Run Behavior\ReadHtmlCacheBehavior [ RunTime:0.001000s ]
INFO: [ app_begin ] --END-- [ RunTime:0.001000s ]
NOTIC: [8] Undefined index: uid C:\WWW\group\App\Member\Controller\LoginController.class.php 第 10 行.
SQL: SHOW COLUMNS FROM `gr_category` [ RunTime:0.0040s ]
SQL: SELECT `cname`,`cid` FROM `gr_category` WHERE `pid` = 0 AND `display` = 1 ORDER BY sort asc LIMIT 4   [ RunTime:0.0000s ]
INFO: [ view_parse ] --START--
INFO: [ template_filter ] --START--
INFO: Run Behavior\ContentReplaceBehavior [ RunTime:0.000000s ]
INFO: [ template_filter ] --END-- [ RunTime:0.000000s ]
NOTIC: [8] Use of undefined constant Member - assumed 'Member' C:\WWW\group\App\Runtime\Cache\Member\bd27b8ba6481c4a609fc34eb7743d92f.php 第 122 行.
NOTIC: [8] Use of undefined constant Home - assumed 'Home' C:\WWW\group\App\Runtime\Cache\Member\bd27b8ba6481c4a609fc34eb7743d92f.php 第 122 行.
NOTIC: [8] Use of undefined constant Member - assumed 'Member' C:\WWW\group\App\Runtime\Cache\Member\bd27b8ba6481c4a609fc34eb7743d92f.php 第 122 行.
NOTIC: [8] Use of undefined constant Member - assumed 'Member' C:\WWW\group\App\Runtime\Cache\Member\bd27b8ba6481c4a609fc34eb7743d92f.php 第 123 行.
INFO: Run Behavior\ParseTemplateBehavior [ RunTime:0.116002s ]
INFO: [ view_parse ] --END-- [ RunTime:0.116002s ]
INFO: [ view_filter ] --START--
INFO: Run Behavior\WriteHtmlCacheBehavior [ RunTime:0.000000s ]
INFO: [ view_filter ] --END-- [ RunTime:0.000000s ]
INFO: [ app_end ] --START--
INFO: Run Behavior\ShowPageTraceBehavior [ RunTime:0.000000s ]
INFO: [ app_end ] --END-- [ RunTime:0.000000s ]

[ 2016-07-14T00:36:00+08:00 ] ::1 /group/Member/Index/getRecentView
INFO: [ app_init ] --START--
INFO: Run Behavior\BuildLiteBehavior [ RunTime:0.000000s ]
INFO: [ app_init ] --END-- [ RunTime:0.001000s ]
INFO: [ app_begin ] --START--
INFO: Run Behavior\ReadHtmlCacheBehavior [ RunTime:0.003000s ]
INFO: [ app_begin ] --END-- [ RunTime:0.003000s ]
NOTIC: [8] Undefined index: uid C:\WWW\group\App\Member\Controller\IndexController.class.php 第 15 行.
SQL: SHOW COLUMNS FROM `gr_category` [ RunTime:0.0080s ]
SQL: SELECT `cname`,`cid` FROM `gr_category` WHERE `pid` = 0 AND `display` = 1 ORDER BY sort asc LIMIT 4   [ RunTime:0.0160s ]

[ 2016-07-14T01:04:27+08:00 ] ::1 /group/Member/Index/getRecentView
INFO: [ app_init ] --START--
INFO: Run Behavior\BuildLiteBehavior [ RunTime:0.000000s ]
INFO: [ app_init ] --END-- [ RunTime:0.000000s ]
INFO: [ app_begin ] --START--
INFO: Run Behavior\ReadHtmlCacheBehavior [ RunTime:0.000000s ]
INFO: [ app_begin ] --END-- [ RunTime:0.000000s ]
NOTIC: [8] Undefined index: uid C:\WWW\group\App\Member\Controller\IndexController.class.php 第 15 行.
SQL: SHOW COLUMNS FROM `gr_category` [ RunTime:0.0000s ]
SQL: SELECT `cname`,`cid` FROM `gr_category` WHERE `pid` = 0 AND `display` = 1 ORDER BY sort asc LIMIT 4   [ RunTime:0.0000s ]
SQL: SHOW COLUMNS FROM `gr_goods` [ RunTime:0.0156s ]
SQL: SELECT `main_title`,`price`,`gid`,`old_price`,`goods_img`,`end_time` FROM `gr_goods` WHERE `gid` IN (0,4)  [ RunTime:0.0000s ]

[ 2016-07-14T01:04:28+08:00 ] ::1 /group/Member/Cart/index
INFO: [ app_init ] --START--
INFO: Run Behavior\BuildLiteBehavior [ RunTime:0.000000s ]
INFO: [ app_init ] --END-- [ RunTime:0.000000s ]
INFO: [ app_begin ] --START--
INFO: Run Behavior\ReadHtmlCacheBehavior [ RunTime:0.000000s ]
INFO: [ app_begin ] --END-- [ RunTime:0.000000s ]
SQL: SHOW COLUMNS FROM `gr_category` [ RunTime:0.0156s ]
SQL: SELECT `cname`,`cid` FROM `gr_category` WHERE `pid` = 0 AND `display` = 1 ORDER BY sort asc LIMIT 4   [ RunTime:0.0000s ]
NOTIC: [2048] Declaration of Member\Model\UserViewModel::check() should be compatible with that of Think\Model::check() C:\WWW\group\App\Member\Model\UserViewModel.class.php 第 6 行.
SQL: SHOW COLUMNS FROM `gr_user_address` [ RunTime:0.0156s ]
SQL: SELECT * FROM `gr_user_address` WHERE `user_id` = null  [ RunTime:0.0000s ]

